2026-02-07 01:15:23 [main] INFO  Utils - [TestNG] Running:
  C:\Users\Sumit\CucumberSeleniumProject\Cross-Browser.xml

2026-02-07 01:15:25 [TestNG-PoolService-3] INFO  Hooks - ===== STARTING SCENARIO: Search experience for product search in both home and offers page =====
2026-02-07 01:15:25 [TestNG-PoolService-1] INFO  Hooks - ===== STARTING SCENARIO: Search experience for product search in both home and offers page =====
2026-02-07 01:15:25 [TestNG-PoolService-2] INFO  Hooks - ===== STARTING SCENARIO: Search experience for product search in both home and offers page =====
2026-02-07 01:15:25 [TestNG-PoolService-1] INFO  TestBase - Initializing browser: chrome
2026-02-07 01:15:25 [TestNG-PoolService-2] INFO  TestBase - Initializing browser: chrome
2026-02-07 01:15:25 [TestNG-PoolService-3] INFO  TestBase - Initializing browser: chrome
2026-02-07 01:15:25 [TestNG-PoolService-2] INFO  TestBase - Navigating to URL: https://rahulshettyacademy.com/seleniumPractise/#/
2026-02-07 01:15:25 [TestNG-PoolService-3] INFO  TestBase - Navigating to URL: https://rahulshettyacademy.com/seleniumPractise/#/
2026-02-07 01:15:25 [TestNG-PoolService-1] INFO  TestBase - Navigating to URL: https://rahulshettyacademy.com/seleniumPractise/#/
2026-02-07 01:15:33 [TestNG-PoolService-3] INFO  LandingPageStepDefinitions - User trying to get the title of landing page!
2026-02-07 01:15:33 [TestNG-PoolService-1] INFO  LandingPageStepDefinitions - User trying to get the title of landing page!
2026-02-07 01:15:33 [TestNG-PoolService-3] INFO  LandingPage - Getting title of LandingPage!
2026-02-07 01:15:33 [TestNG-PoolService-1] INFO  LandingPage - Getting title of LandingPage!
2026-02-07 01:15:39 [TestNG-PoolService-3] INFO  LandingPageStepDefinitions - User searching product on landing page
2026-02-07 01:15:39 [TestNG-PoolService-3] INFO  LandingPage - Searching product with name: Beet
2026-02-07 01:15:39 [TestNG-PoolService-1] INFO  LandingPageStepDefinitions - User searching product on landing page
2026-02-07 01:15:39 [TestNG-PoolService-1] INFO  LandingPage - Searching product with name: Tom
2026-02-07 01:15:39 [TestNG-PoolService-3] INFO  LandingPageStepDefinitions - User capturting text of searched product!
2026-02-07 01:15:39 [TestNG-PoolService-3] INFO  LandingPage - Getting text of searched product!
2026-02-07 01:15:39 [TestNG-PoolService-1] INFO  LandingPageStepDefinitions - User capturting text of searched product!
2026-02-07 01:15:39 [TestNG-PoolService-1] INFO  LandingPage - Getting text of searched product!
2026-02-07 01:15:39 [TestNG-PoolService-2] INFO  LandingPageStepDefinitions - User trying to get the title of landing page!
2026-02-07 01:15:39 [TestNG-PoolService-2] INFO  LandingPage - Getting title of LandingPage!
2026-02-07 01:15:39 [TestNG-PoolService-2] INFO  LandingPageStepDefinitions - User searching product on landing page
2026-02-07 01:15:39 [TestNG-PoolService-2] INFO  LandingPage - Searching product with name: Tom
2026-02-07 01:15:40 [TestNG-PoolService-2] INFO  LandingPageStepDefinitions - User capturting text of searched product!
2026-02-07 01:15:40 [TestNG-PoolService-2] INFO  LandingPage - Getting text of searched product!
2026-02-07 01:15:40 [TestNG-PoolService-1] INFO  LandingPageStepDefinitions - user is incrementing quantity of product to add in the cart!
2026-02-07 01:15:40 [TestNG-PoolService-1] INFO  LandingPage - incrementing quantity of searched product: 3
2026-02-07 01:15:40 [TestNG-PoolService-2] INFO  OffersPageStepDefinitions - user switching to offers page
2026-02-07 01:15:40 [TestNG-PoolService-2] INFO  LandingPage - Opening topDeals page!
2026-02-07 01:15:40 [TestNG-PoolService-1] INFO  LandingPageStepDefinitions - user adding product to cart!
2026-02-07 01:15:40 [TestNG-PoolService-1] INFO  LandingPage - Adding product to cart!
2026-02-07 01:15:40 [TestNG-PoolService-1] INFO  CheckoutPageStepDefinitions - checking items!
2026-02-07 01:15:40 [TestNG-PoolService-1] INFO  CheckoutPage - Clicking on cartBag!
2026-02-07 01:15:41 [TestNG-PoolService-2] INFO  OffersPageStepDefinitions - user searching item offerspage
2026-02-07 01:15:41 [TestNG-PoolService-2] INFO  OffersPage - Entering product name into search field!
2026-02-07 01:15:41 [TestNG-PoolService-1] INFO  CheckoutPage - Clicking on checkoutButton!
2026-02-07 01:15:41 [TestNG-PoolService-1] INFO  CheckoutPageStepDefinitions - user is able to see promoBtn and placeOrder!
2026-02-07 01:15:41 [TestNG-PoolService-1] INFO  CheckoutPage - Verifying PromoBtn is displayed!
2026-02-07 01:15:42 [TestNG-PoolService-1] INFO  CheckoutPage - Verifying placeOrder is displayed!
2026-02-07 01:15:42 [TestNG-PoolService-1] INFO  Hooks - ===== ENDING SCENARIO: Search experience for product search in both home and offers page | STATUS: PASSED =====
2026-02-07 01:15:42 [TestNG-PoolService-2] INFO  OffersPageStepDefinitions - user capturing product name!
2026-02-07 01:15:42 [TestNG-PoolService-2] INFO  OffersPage - capturing productName text!
2026-02-07 01:15:42 [TestNG-PoolService-2] INFO  OffersPageStepDefinitions - user verifying product name is matching on landing and offersPage!
2026-02-07 01:15:42 [TestNG-PoolService-2] INFO  Hooks - ===== ENDING SCENARIO: Search experience for product search in both home and offers page | STATUS: PASSED =====
2026-02-07 01:15:49 [TestNG-PoolService-3] INFO  Hooks - ===== ENDING SCENARIO: Search experience for product search in both home and offers page | STATUS: FAILED =====
2026-02-07 01:15:51 [TestNG-PoolService-3] INFO  Hooks - ===== STARTING SCENARIO: Search experience for product search in both home and offers page =====
2026-02-07 01:15:51 [TestNG-PoolService-2] INFO  Hooks - ===== STARTING SCENARIO: Search experience for product search in both home and offers page =====
2026-02-07 01:15:51 [TestNG-PoolService-3] INFO  TestBase - Initializing browser: chrome
2026-02-07 01:15:51 [TestNG-PoolService-2] INFO  TestBase - Initializing browser: chrome
2026-02-07 01:15:51 [TestNG-PoolService-3] INFO  TestBase - Navigating to URL: https://rahulshettyacademy.com/seleniumPractise/#/
2026-02-07 01:15:51 [TestNG-PoolService-2] INFO  TestBase - Navigating to URL: https://rahulshettyacademy.com/seleniumPractise/#/
2026-02-07 01:15:51 [TestNG-PoolService-1] INFO  Hooks - ===== STARTING SCENARIO: Search experience for product search in both home and offers page =====
2026-02-07 01:15:51 [TestNG-PoolService-1] INFO  TestBase - Initializing browser: chrome
2026-02-07 01:15:51 [TestNG-PoolService-1] INFO  TestBase - Navigating to URL: https://rahulshettyacademy.com/seleniumPractise/#/
2026-02-07 01:15:54 [TestNG-PoolService-1] INFO  LandingPageStepDefinitions - User trying to get the title of landing page!
2026-02-07 01:15:54 [TestNG-PoolService-1] INFO  LandingPage - Getting title of LandingPage!
2026-02-07 01:15:54 [TestNG-PoolService-2] INFO  LandingPageStepDefinitions - User trying to get the title of landing page!
2026-02-07 01:15:54 [TestNG-PoolService-2] INFO  LandingPage - Getting title of LandingPage!
2026-02-07 01:16:00 [TestNG-PoolService-1] INFO  LandingPageStepDefinitions - User searching product on landing page
2026-02-07 01:16:00 [TestNG-PoolService-1] INFO  LandingPage - Searching product with name: Tom
2026-02-07 01:16:00 [TestNG-PoolService-3] INFO  LandingPageStepDefinitions - User trying to get the title of landing page!
2026-02-07 01:16:00 [TestNG-PoolService-3] INFO  LandingPage - Getting title of LandingPage!
2026-02-07 01:16:00 [TestNG-PoolService-3] INFO  LandingPageStepDefinitions - User searching product on landing page
2026-02-07 01:16:00 [TestNG-PoolService-3] INFO  LandingPage - Searching product with name: Beet
2026-02-07 01:16:00 [TestNG-PoolService-1] INFO  LandingPageStepDefinitions - User capturting text of searched product!
2026-02-07 01:16:00 [TestNG-PoolService-1] INFO  LandingPage - Getting text of searched product!
2026-02-07 01:16:00 [TestNG-PoolService-3] INFO  LandingPageStepDefinitions - User capturting text of searched product!
2026-02-07 01:16:00 [TestNG-PoolService-3] INFO  LandingPage - Getting text of searched product!
2026-02-07 01:16:00 [TestNG-PoolService-2] INFO  LandingPageStepDefinitions - User searching product on landing page
2026-02-07 01:16:00 [TestNG-PoolService-2] INFO  LandingPage - Searching product with name: Tom
2026-02-07 01:16:00 [TestNG-PoolService-1] INFO  LandingPageStepDefinitions - user is incrementing quantity of product to add in the cart!
2026-02-07 01:16:00 [TestNG-PoolService-1] INFO  LandingPage - incrementing quantity of searched product: 3
2026-02-07 01:16:01 [TestNG-PoolService-2] INFO  LandingPageStepDefinitions - User capturting text of searched product!
2026-02-07 01:16:01 [TestNG-PoolService-2] INFO  LandingPage - Getting text of searched product!
2026-02-07 01:16:01 [TestNG-PoolService-1] INFO  LandingPageStepDefinitions - user adding product to cart!
2026-02-07 01:16:01 [TestNG-PoolService-1] INFO  LandingPage - Adding product to cart!
2026-02-07 01:16:01 [TestNG-PoolService-1] INFO  CheckoutPageStepDefinitions - checking items!
2026-02-07 01:16:01 [TestNG-PoolService-1] INFO  CheckoutPage - Clicking on cartBag!
2026-02-07 01:16:01 [TestNG-PoolService-2] INFO  OffersPageStepDefinitions - user switching to offers page
2026-02-07 01:16:01 [TestNG-PoolService-2] INFO  LandingPage - Opening topDeals page!
2026-02-07 01:16:02 [TestNG-PoolService-2] INFO  OffersPageStepDefinitions - user searching item offerspage
2026-02-07 01:16:02 [TestNG-PoolService-2] INFO  OffersPage - Entering product name into search field!
2026-02-07 01:16:02 [TestNG-PoolService-1] INFO  CheckoutPage - Clicking on checkoutButton!
2026-02-07 01:16:02 [TestNG-PoolService-1] INFO  CheckoutPageStepDefinitions - user is able to see promoBtn and placeOrder!
2026-02-07 01:16:02 [TestNG-PoolService-1] INFO  CheckoutPage - Verifying PromoBtn is displayed!
2026-02-07 01:16:03 [TestNG-PoolService-1] INFO  CheckoutPage - Verifying placeOrder is displayed!
2026-02-07 01:16:03 [TestNG-PoolService-1] INFO  Hooks - ===== ENDING SCENARIO: Search experience for product search in both home and offers page | STATUS: PASSED =====
2026-02-07 01:16:03 [TestNG-PoolService-2] INFO  OffersPageStepDefinitions - user capturing product name!
2026-02-07 01:16:03 [TestNG-PoolService-2] INFO  OffersPage - capturing productName text!
2026-02-07 01:16:03 [TestNG-PoolService-2] INFO  OffersPageStepDefinitions - user verifying product name is matching on landing and offersPage!
2026-02-07 01:16:03 [TestNG-PoolService-2] INFO  Hooks - ===== ENDING SCENARIO: Search experience for product search in both home and offers page | STATUS: PASSED =====
2026-02-07 01:16:10 [TestNG-PoolService-3] INFO  Hooks - ===== ENDING SCENARIO: Search experience for product search in both home and offers page | STATUS: FAILED =====
2026-02-07 01:16:11 [TestNG-PoolService-3] INFO  Hooks - ===== STARTING SCENARIO: Search experience for product search in both home and offers page =====
2026-02-07 01:16:11 [TestNG-PoolService-3] INFO  TestBase - Initializing browser: chrome
2026-02-07 01:16:11 [TestNG-PoolService-3] INFO  TestBase - Navigating to URL: https://rahulshettyacademy.com/seleniumPractise/#/
2026-02-07 01:16:11 [TestNG-PoolService-1] INFO  Hooks - ===== STARTING SCENARIO: Search experience for product search in both home and offers page =====
2026-02-07 01:16:11 [TestNG-PoolService-1] INFO  TestBase - Initializing browser: chrome
2026-02-07 01:16:11 [TestNG-PoolService-1] INFO  TestBase - Navigating to URL: https://rahulshettyacademy.com/seleniumPractise/#/
2026-02-07 01:16:11 [TestNG-PoolService-2] INFO  Hooks - ===== STARTING SCENARIO: Search experience for product search in both home and offers page =====
2026-02-07 01:16:11 [TestNG-PoolService-2] INFO  TestBase - Initializing browser: chrome
2026-02-07 01:16:11 [TestNG-PoolService-2] INFO  TestBase - Navigating to URL: https://rahulshettyacademy.com/seleniumPractise/#/
2026-02-07 01:16:13 [TestNG-PoolService-2] INFO  LandingPageStepDefinitions - User trying to get the title of landing page!
2026-02-07 01:16:13 [TestNG-PoolService-2] INFO  LandingPage - Getting title of LandingPage!
2026-02-07 01:16:14 [TestNG-PoolService-1] INFO  LandingPageStepDefinitions - User trying to get the title of landing page!
2026-02-07 01:16:14 [TestNG-PoolService-1] INFO  LandingPage - Getting title of LandingPage!
2026-02-07 01:16:14 [TestNG-PoolService-3] INFO  LandingPageStepDefinitions - User trying to get the title of landing page!
2026-02-07 01:16:14 [TestNG-PoolService-3] INFO  LandingPage - Getting title of LandingPage!
2026-02-07 01:16:20 [TestNG-PoolService-3] INFO  LandingPageStepDefinitions - User searching product on landing page
2026-02-07 01:16:20 [TestNG-PoolService-3] INFO  LandingPage - Searching product with name: Beet
2026-02-07 01:16:20 [TestNG-PoolService-1] INFO  LandingPageStepDefinitions - User searching product on landing page
2026-02-07 01:16:20 [TestNG-PoolService-1] INFO  LandingPage - Searching product with name: Tom
2026-02-07 01:16:20 [TestNG-PoolService-2] INFO  LandingPageStepDefinitions - User searching product on landing page
2026-02-07 01:16:20 [TestNG-PoolService-2] INFO  LandingPage - Searching product with name: Tom
2026-02-07 01:16:21 [TestNG-PoolService-1] INFO  LandingPageStepDefinitions - User capturting text of searched product!
2026-02-07 01:16:21 [TestNG-PoolService-1] INFO  LandingPage - Getting text of searched product!
2026-02-07 01:16:21 [TestNG-PoolService-3] INFO  LandingPageStepDefinitions - User capturting text of searched product!
2026-02-07 01:16:21 [TestNG-PoolService-3] INFO  LandingPage - Getting text of searched product!
2026-02-07 01:16:21 [TestNG-PoolService-2] INFO  LandingPageStepDefinitions - User capturting text of searched product!
2026-02-07 01:16:21 [TestNG-PoolService-2] INFO  LandingPage - Getting text of searched product!
2026-02-07 01:16:21 [TestNG-PoolService-1] INFO  LandingPageStepDefinitions - user is incrementing quantity of product to add in the cart!
2026-02-07 01:16:21 [TestNG-PoolService-1] INFO  LandingPage - incrementing quantity of searched product: 3
2026-02-07 01:16:21 [TestNG-PoolService-2] INFO  OffersPageStepDefinitions - user switching to offers page
2026-02-07 01:16:21 [TestNG-PoolService-2] INFO  LandingPage - Opening topDeals page!
2026-02-07 01:16:22 [TestNG-PoolService-2] INFO  OffersPageStepDefinitions - user searching item offerspage
2026-02-07 01:16:22 [TestNG-PoolService-2] INFO  OffersPage - Entering product name into search field!
2026-02-07 01:16:22 [TestNG-PoolService-1] INFO  LandingPageStepDefinitions - user adding product to cart!
2026-02-07 01:16:22 [TestNG-PoolService-1] INFO  LandingPage - Adding product to cart!
2026-02-07 01:16:22 [TestNG-PoolService-1] INFO  CheckoutPageStepDefinitions - checking items!
2026-02-07 01:16:22 [TestNG-PoolService-1] INFO  CheckoutPage - Clicking on cartBag!
2026-02-07 01:16:22 [TestNG-PoolService-1] INFO  CheckoutPage - Clicking on checkoutButton!
2026-02-07 01:16:23 [TestNG-PoolService-1] INFO  CheckoutPageStepDefinitions - user is able to see promoBtn and placeOrder!
2026-02-07 01:16:23 [TestNG-PoolService-1] INFO  CheckoutPage - Verifying PromoBtn is displayed!
2026-02-07 01:16:23 [TestNG-PoolService-1] INFO  CheckoutPage - Verifying placeOrder is displayed!
2026-02-07 01:16:23 [TestNG-PoolService-1] INFO  Hooks - ===== ENDING SCENARIO: Search experience for product search in both home and offers page | STATUS: PASSED =====
2026-02-07 01:16:23 [TestNG-PoolService-2] INFO  OffersPageStepDefinitions - user capturing product name!
2026-02-07 01:16:23 [TestNG-PoolService-2] INFO  OffersPage - capturing productName text!
2026-02-07 01:16:23 [TestNG-PoolService-2] INFO  OffersPageStepDefinitions - user verifying product name is matching on landing and offersPage!
2026-02-07 01:16:23 [TestNG-PoolService-2] INFO  Hooks - ===== ENDING SCENARIO: Search experience for product search in both home and offers page | STATUS: PASSED =====
2026-02-07 01:16:31 [TestNG-PoolService-3] INFO  Hooks - ===== ENDING SCENARIO: Search experience for product search in both home and offers page | STATUS: FAILED =====
2026-02-07 01:24:35 [main] INFO  Utils - [TestNG] Running:
  C:\Users\Sumit\CucumberSeleniumProject\Cross-Browser.xml

2026-02-07 01:24:36 [main] WARN  Utils - The test method 'io.cucumber.testng.AbstractTestNGCucumberTests.runScenario' will be skipped since its data provider 'scenarios' returned an empty array or iterator. 
2026-02-07 01:24:36 [main] WARN  Utils - The test method 'io.cucumber.testng.AbstractTestNGCucumberTests.runScenario' will be skipped since its data provider 'scenarios' returned an empty array or iterator. 
2026-02-07 01:24:36 [main] WARN  Utils - The test method 'io.cucumber.testng.AbstractTestNGCucumberTests.runScenario' will be skipped since its data provider 'scenarios' returned an empty array or iterator. 
2026-02-07 01:24:49 [main] INFO  Utils - [TestNG] Running:
  C:\Users\Sumit\CucumberSeleniumProject\Cross-Browser.xml

2026-02-07 01:24:50 [main] WARN  Utils - The test method 'io.cucumber.testng.AbstractTestNGCucumberTests.runScenario' will be skipped since its data provider 'scenarios' returned an empty array or iterator. 
2026-02-07 01:24:50 [main] WARN  Utils - The test method 'io.cucumber.testng.AbstractTestNGCucumberTests.runScenario' will be skipped since its data provider 'scenarios' returned an empty array or iterator. 
2026-02-07 01:24:50 [main] WARN  Utils - The test method 'io.cucumber.testng.AbstractTestNGCucumberTests.runScenario' will be skipped since its data provider 'scenarios' returned an empty array or iterator. 
2026-02-07 01:54:27 [main] INFO  Utils - [TestNG] Running:
  C:\Users\Sumit\CucumberSeleniumProject\Cross-Browser.xml

2026-02-07 01:54:29 [main] INFO  Hooks - ===== STARTING SCENARIO: Search experience for product search in both home and offers page =====
2026-02-07 01:54:29 [main] INFO  TestBase - Initializing browser: chrome
2026-02-07 01:54:29 [main] INFO  TestBase - Navigating to URL: https://rahulshettyacademy.com/seleniumPractise/#/
2026-02-07 01:54:35 [main] INFO  LandingPageStepDefinitions - User trying to get the title of landing page!
2026-02-07 01:54:35 [main] INFO  LandingPage - Getting title of LandingPage!
2026-02-07 01:54:35 [main] INFO  LandingPageStepDefinitions - User searching product on landing page
2026-02-07 01:54:35 [main] INFO  LandingPage - Searching product with name: Tom
2026-02-07 01:54:35 [main] INFO  LandingPageStepDefinitions - User capturting text of searched product!
2026-02-07 01:54:35 [main] INFO  LandingPage - Getting text of searched product!
2026-02-07 01:54:36 [main] INFO  LandingPageStepDefinitions - user is incrementing quantity of product to add in the cart!
2026-02-07 01:54:36 [main] INFO  LandingPage - incrementing quantity of searched product: 3
2026-02-07 01:54:36 [main] INFO  LandingPageStepDefinitions - user adding product to cart!
2026-02-07 01:54:36 [main] INFO  LandingPage - Adding product to cart!
2026-02-07 01:54:36 [main] INFO  CheckoutPageStepDefinitions - checking items!
2026-02-07 01:54:36 [main] INFO  CheckoutPage - Clicking on cartBag!
2026-02-07 01:54:36 [main] INFO  CheckoutPage - Clicking on checkoutButton!
2026-02-07 01:54:36 [main] INFO  CheckoutPageStepDefinitions - user is able to see promoBtn and placeOrder!
2026-02-07 01:54:36 [main] INFO  CheckoutPage - Verifying PromoBtn is displayed!
2026-02-07 01:54:37 [main] INFO  CheckoutPage - Verifying placeOrder is displayed!
2026-02-07 01:54:37 [main] INFO  Hooks - ===== ENDING SCENARIO: Search experience for product search in both home and offers page | STATUS: PASSED =====
2026-02-07 01:54:37 [main] INFO  Hooks - ===== STARTING SCENARIO: Search experience for product search in both home and offers page =====
2026-02-07 01:54:37 [main] INFO  TestBase - Initializing browser: chrome
2026-02-07 01:54:37 [main] INFO  TestBase - Navigating to URL: https://rahulshettyacademy.com/seleniumPractise/#/
2026-02-07 01:54:39 [main] INFO  LandingPageStepDefinitions - User trying to get the title of landing page!
2026-02-07 01:54:39 [main] INFO  LandingPage - Getting title of LandingPage!
2026-02-07 01:54:42 [main] INFO  LandingPageStepDefinitions - User searching product on landing page
2026-02-07 01:54:42 [main] INFO  LandingPage - Searching product with name: Tom
2026-02-07 01:54:42 [main] INFO  LandingPageStepDefinitions - User capturting text of searched product!
2026-02-07 01:54:42 [main] INFO  LandingPage - Getting text of searched product!
2026-02-07 01:54:43 [main] INFO  OffersPageStepDefinitions - user switching to offers page
2026-02-07 01:54:43 [main] INFO  LandingPage - Opening topDeals page!
2026-02-07 01:54:43 [main] INFO  OffersPageStepDefinitions - user searching item offerspage
2026-02-07 01:54:43 [main] INFO  OffersPage - Entering product name into search field!
2026-02-07 01:54:44 [main] INFO  OffersPageStepDefinitions - user capturing product name!
2026-02-07 01:54:44 [main] INFO  OffersPage - capturing productName text!
2026-02-07 01:54:44 [main] INFO  OffersPageStepDefinitions - user verifying product name is matching on landing and offersPage!
2026-02-07 01:54:44 [main] INFO  Hooks - ===== ENDING SCENARIO: Search experience for product search in both home and offers page | STATUS: PASSED =====
2026-02-07 01:54:45 [main] INFO  Hooks - ===== STARTING SCENARIO: Search experience for product search in both home and offers page =====
2026-02-07 01:54:45 [main] INFO  TestBase - Initializing browser: chrome
2026-02-07 01:54:45 [main] INFO  TestBase - Navigating to URL: https://rahulshettyacademy.com/seleniumPractise/#/
2026-02-07 01:54:49 [main] INFO  LandingPageStepDefinitions - User trying to get the title of landing page!
2026-02-07 01:54:49 [main] INFO  LandingPage - Getting title of LandingPage!
2026-02-07 01:54:49 [main] INFO  LandingPageStepDefinitions - User searching product on landing page
2026-02-07 01:54:49 [main] INFO  LandingPage - Searching product with name: Beet
2026-02-07 01:54:50 [main] INFO  LandingPageStepDefinitions - User capturting text of searched product!
2026-02-07 01:54:50 [main] INFO  LandingPage - Getting text of searched product!
2026-02-07 01:55:00 [main] INFO  Hooks - ===== ENDING SCENARIO: Search experience for product search in both home and offers page | STATUS: FAILED =====
2026-02-07 01:55:01 [main] INFO  Hooks - ===== STARTING SCENARIO: Search experience for product search in both home and offers page =====
2026-02-07 01:55:01 [main] INFO  TestBase - Initializing browser: chrome
2026-02-07 01:55:01 [main] INFO  TestBase - Navigating to URL: https://rahulshettyacademy.com/seleniumPractise/#/
2026-02-07 01:55:06 [main] INFO  LandingPageStepDefinitions - User trying to get the title of landing page!
2026-02-07 01:55:06 [main] INFO  LandingPage - Getting title of LandingPage!
2026-02-07 01:55:06 [main] INFO  LandingPageStepDefinitions - User searching product on landing page
2026-02-07 01:55:06 [main] INFO  LandingPage - Searching product with name: Tom
2026-02-07 01:55:06 [main] INFO  LandingPageStepDefinitions - User capturting text of searched product!
2026-02-07 01:55:06 [main] INFO  LandingPage - Getting text of searched product!
2026-02-07 01:55:07 [main] INFO  LandingPageStepDefinitions - user is incrementing quantity of product to add in the cart!
2026-02-07 01:55:07 [main] INFO  LandingPage - incrementing quantity of searched product: 3
2026-02-07 01:55:07 [main] INFO  LandingPageStepDefinitions - user adding product to cart!
2026-02-07 01:55:07 [main] INFO  LandingPage - Adding product to cart!
2026-02-07 01:55:07 [main] INFO  CheckoutPageStepDefinitions - checking items!
2026-02-07 01:55:07 [main] INFO  CheckoutPage - Clicking on cartBag!
2026-02-07 01:55:07 [main] INFO  CheckoutPage - Clicking on checkoutButton!
2026-02-07 01:55:07 [main] INFO  CheckoutPageStepDefinitions - user is able to see promoBtn and placeOrder!
2026-02-07 01:55:07 [main] INFO  CheckoutPage - Verifying PromoBtn is displayed!
2026-02-07 01:55:08 [main] INFO  CheckoutPage - Verifying placeOrder is displayed!
2026-02-07 01:55:08 [main] INFO  Hooks - ===== ENDING SCENARIO: Search experience for product search in both home and offers page | STATUS: PASSED =====
2026-02-07 01:55:08 [main] INFO  Hooks - ===== STARTING SCENARIO: Search experience for product search in both home and offers page =====
2026-02-07 01:55:08 [main] INFO  TestBase - Initializing browser: chrome
2026-02-07 01:55:08 [main] INFO  TestBase - Navigating to URL: https://rahulshettyacademy.com/seleniumPractise/#/
2026-02-07 01:55:13 [main] INFO  LandingPageStepDefinitions - User trying to get the title of landing page!
2026-02-07 01:55:13 [main] INFO  LandingPage - Getting title of LandingPage!
2026-02-07 01:55:13 [main] INFO  LandingPageStepDefinitions - User searching product on landing page
2026-02-07 01:55:13 [main] INFO  LandingPage - Searching product with name: Tom
2026-02-07 01:55:13 [main] INFO  LandingPageStepDefinitions - User capturting text of searched product!
2026-02-07 01:55:13 [main] INFO  LandingPage - Getting text of searched product!
2026-02-07 01:55:14 [main] INFO  OffersPageStepDefinitions - user switching to offers page
2026-02-07 01:55:14 [main] INFO  LandingPage - Opening topDeals page!
2026-02-07 01:55:14 [main] INFO  OffersPageStepDefinitions - user searching item offerspage
2026-02-07 01:55:14 [main] INFO  OffersPage - Entering product name into search field!
2026-02-07 01:55:16 [main] INFO  OffersPageStepDefinitions - user capturing product name!
2026-02-07 01:55:16 [main] INFO  OffersPage - capturing productName text!
2026-02-07 01:55:16 [main] INFO  OffersPageStepDefinitions - user verifying product name is matching on landing and offersPage!
2026-02-07 01:55:16 [main] INFO  Hooks - ===== ENDING SCENARIO: Search experience for product search in both home and offers page | STATUS: PASSED =====
2026-02-07 01:55:16 [main] INFO  Hooks - ===== STARTING SCENARIO: Search experience for product search in both home and offers page =====
2026-02-07 01:55:16 [main] INFO  TestBase - Initializing browser: chrome
2026-02-07 01:55:16 [main] INFO  TestBase - Navigating to URL: https://rahulshettyacademy.com/seleniumPractise/#/
2026-02-07 01:55:21 [main] INFO  LandingPageStepDefinitions - User trying to get the title of landing page!
2026-02-07 01:55:21 [main] INFO  LandingPage - Getting title of LandingPage!
2026-02-07 01:55:21 [main] INFO  LandingPageStepDefinitions - User searching product on landing page
2026-02-07 01:55:21 [main] INFO  LandingPage - Searching product with name: Beet
2026-02-07 01:55:21 [main] INFO  LandingPageStepDefinitions - User capturting text of searched product!
2026-02-07 01:55:21 [main] INFO  LandingPage - Getting text of searched product!
2026-02-07 01:55:31 [main] INFO  Hooks - ===== ENDING SCENARIO: Search experience for product search in both home and offers page | STATUS: FAILED =====
2026-02-07 01:55:32 [main] INFO  Hooks - ===== STARTING SCENARIO: Search experience for product search in both home and offers page =====
2026-02-07 01:55:32 [main] INFO  TestBase - Initializing browser: chrome
2026-02-07 01:55:32 [main] INFO  TestBase - Navigating to URL: https://rahulshettyacademy.com/seleniumPractise/#/
2026-02-07 01:55:36 [main] INFO  LandingPageStepDefinitions - User trying to get the title of landing page!
2026-02-07 01:55:36 [main] INFO  LandingPage - Getting title of LandingPage!
2026-02-07 01:55:36 [main] INFO  LandingPageStepDefinitions - User searching product on landing page
2026-02-07 01:55:36 [main] INFO  LandingPage - Searching product with name: Tom
2026-02-07 01:55:36 [main] INFO  LandingPageStepDefinitions - User capturting text of searched product!
2026-02-07 01:55:36 [main] INFO  LandingPage - Getting text of searched product!
2026-02-07 01:55:37 [main] INFO  LandingPageStepDefinitions - user is incrementing quantity of product to add in the cart!
2026-02-07 01:55:37 [main] INFO  LandingPage - incrementing quantity of searched product: 3
2026-02-07 01:55:37 [main] INFO  LandingPageStepDefinitions - user adding product to cart!
2026-02-07 01:55:37 [main] INFO  LandingPage - Adding product to cart!
2026-02-07 01:55:37 [main] INFO  CheckoutPageStepDefinitions - checking items!
2026-02-07 01:55:37 [main] INFO  CheckoutPage - Clicking on cartBag!
2026-02-07 01:55:37 [main] INFO  CheckoutPage - Clicking on checkoutButton!
2026-02-07 01:55:38 [main] INFO  CheckoutPageStepDefinitions - user is able to see promoBtn and placeOrder!
2026-02-07 01:55:38 [main] INFO  CheckoutPage - Verifying PromoBtn is displayed!
2026-02-07 01:55:38 [main] INFO  CheckoutPage - Verifying placeOrder is displayed!
2026-02-07 01:55:38 [main] INFO  Hooks - ===== ENDING SCENARIO: Search experience for product search in both home and offers page | STATUS: PASSED =====
2026-02-07 01:55:38 [main] INFO  Hooks - ===== STARTING SCENARIO: Search experience for product search in both home and offers page =====
2026-02-07 01:55:38 [main] INFO  TestBase - Initializing browser: chrome
2026-02-07 01:55:38 [main] INFO  TestBase - Navigating to URL: https://rahulshettyacademy.com/seleniumPractise/#/
2026-02-07 01:55:43 [main] INFO  LandingPageStepDefinitions - User trying to get the title of landing page!
2026-02-07 01:55:43 [main] INFO  LandingPage - Getting title of LandingPage!
2026-02-07 01:55:43 [main] INFO  LandingPageStepDefinitions - User searching product on landing page
2026-02-07 01:55:43 [main] INFO  LandingPage - Searching product with name: Tom
2026-02-07 01:55:43 [main] INFO  LandingPageStepDefinitions - User capturting text of searched product!
2026-02-07 01:55:43 [main] INFO  LandingPage - Getting text of searched product!
2026-02-07 01:55:44 [main] INFO  OffersPageStepDefinitions - user switching to offers page
2026-02-07 01:55:44 [main] INFO  LandingPage - Opening topDeals page!
2026-02-07 01:55:44 [main] INFO  OffersPageStepDefinitions - user searching item offerspage
2026-02-07 01:55:44 [main] INFO  OffersPage - Entering product name into search field!
2026-02-07 01:55:45 [main] INFO  OffersPageStepDefinitions - user capturing product name!
2026-02-07 01:55:45 [main] INFO  OffersPage - capturing productName text!
2026-02-07 01:55:45 [main] INFO  OffersPageStepDefinitions - user verifying product name is matching on landing and offersPage!
2026-02-07 01:55:45 [main] INFO  Hooks - ===== ENDING SCENARIO: Search experience for product search in both home and offers page | STATUS: PASSED =====
2026-02-07 01:55:46 [main] INFO  Hooks - ===== STARTING SCENARIO: Search experience for product search in both home and offers page =====
2026-02-07 01:55:46 [main] INFO  TestBase - Initializing browser: chrome
2026-02-07 01:55:46 [main] INFO  TestBase - Navigating to URL: https://rahulshettyacademy.com/seleniumPractise/#/
2026-02-07 01:55:50 [main] INFO  LandingPageStepDefinitions - User trying to get the title of landing page!
2026-02-07 01:55:50 [main] INFO  LandingPage - Getting title of LandingPage!
2026-02-07 01:55:50 [main] INFO  LandingPageStepDefinitions - User searching product on landing page
2026-02-07 01:55:50 [main] INFO  LandingPage - Searching product with name: Beet
2026-02-07 01:55:50 [main] INFO  LandingPageStepDefinitions - User capturting text of searched product!
2026-02-07 01:55:50 [main] INFO  LandingPage - Getting text of searched product!
2026-02-07 01:56:01 [main] INFO  Hooks - ===== ENDING SCENARIO: Search experience for product search in both home and offers page | STATUS: FAILED =====
2026-02-07 01:59:07 [main] INFO  Utils - [XmlSuite] [WARN] 'parallel' value 'false' is no longer valid, defaulting to 'none'.
2026-02-07 01:59:07 [main] INFO  Utils - [TestNG] Running:
  C:\Users\Sumit\CucumberSeleniumProject\Cross-Browser.xml

2026-02-07 02:03:54 [main] INFO  Utils - [XmlSuite] [WARN] 'parallel' value 'false' is no longer valid, defaulting to 'none'.
2026-02-07 02:04:26 [main] INFO  Utils - [XmlSuite] [WARN] 'parallel' value 'false' is no longer valid, defaulting to 'none'.
2026-02-07 02:04:50 [main] INFO  Utils - [XmlSuite] [WARN] 'parallel' value 'false' is no longer valid, defaulting to 'none'.
2026-02-07 02:04:50 [main] INFO  Utils - [TestNG] Running:
  C:\Users\Sumit\CucumberSeleniumProject\Cross-Browser.xml

2026-02-07 02:04:51 [main] INFO  Hooks - ===== STARTING SCENARIO: Search experience for product search in both home and offers page =====
2026-02-07 02:04:51 [main] INFO  TestBase - Initializing browser: chrome
2026-02-07 02:04:51 [main] INFO  TestBase - Navigating to URL: https://rahulshettyacademy.com/seleniumPractise/#/
2026-02-07 02:04:54 [main] INFO  LandingPageStepDefinitions - User trying to get the title of landing page!
2026-02-07 02:04:54 [main] INFO  LandingPage - Getting title of LandingPage!
2026-02-07 02:04:58 [main] INFO  LandingPageStepDefinitions - User searching product on landing page
2026-02-07 02:04:58 [main] INFO  LandingPage - Searching product with name: Tom
2026-02-07 02:04:59 [main] INFO  LandingPageStepDefinitions - User capturting text of searched product!
2026-02-07 02:04:59 [main] INFO  LandingPage - Getting text of searched product!
2026-02-07 02:04:59 [main] INFO  LandingPageStepDefinitions - user is incrementing quantity of product to add in the cart!
2026-02-07 02:04:59 [main] INFO  LandingPage - incrementing quantity of searched product: 3
2026-02-07 02:04:59 [main] INFO  LandingPageStepDefinitions - user adding product to cart!
2026-02-07 02:04:59 [main] INFO  LandingPage - Adding product to cart!
2026-02-07 02:05:00 [main] INFO  CheckoutPageStepDefinitions - checking items!
2026-02-07 02:05:00 [main] INFO  CheckoutPage - Clicking on cartBag!
2026-02-07 02:05:00 [main] INFO  CheckoutPage - Clicking on checkoutButton!
2026-02-07 02:05:00 [main] INFO  CheckoutPageStepDefinitions - user is able to see promoBtn and placeOrder!
2026-02-07 02:05:00 [main] INFO  CheckoutPage - Verifying PromoBtn is displayed!
2026-02-07 02:05:00 [main] INFO  CheckoutPage - Verifying placeOrder is displayed!
2026-02-07 02:05:00 [main] INFO  Hooks - ===== ENDING SCENARIO: Search experience for product search in both home and offers page | STATUS: PASSED =====
2026-02-07 02:05:01 [main] INFO  Hooks - ===== STARTING SCENARIO: Search experience for product search in both home and offers page =====
2026-02-07 02:05:01 [main] INFO  TestBase - Initializing browser: chrome
2026-02-07 02:05:01 [main] INFO  TestBase - Navigating to URL: https://rahulshettyacademy.com/seleniumPractise/#/
2026-02-07 02:05:02 [main] INFO  LandingPageStepDefinitions - User trying to get the title of landing page!
2026-02-07 02:05:02 [main] INFO  LandingPage - Getting title of LandingPage!
2026-02-07 02:05:05 [main] INFO  LandingPageStepDefinitions - User searching product on landing page
2026-02-07 02:05:05 [main] INFO  LandingPage - Searching product with name: Tom
2026-02-07 02:05:06 [main] INFO  LandingPageStepDefinitions - User capturting text of searched product!
2026-02-07 02:05:06 [main] INFO  LandingPage - Getting text of searched product!
2026-02-07 02:05:06 [main] INFO  OffersPageStepDefinitions - user switching to offers page
2026-02-07 02:05:06 [main] INFO  LandingPage - Opening topDeals page!
2026-02-07 02:05:06 [main] INFO  OffersPageStepDefinitions - user searching item offerspage
2026-02-07 02:05:06 [main] INFO  OffersPage - Entering product name into search field!
2026-02-07 02:05:08 [main] INFO  OffersPageStepDefinitions - user capturing product name!
2026-02-07 02:05:08 [main] INFO  OffersPage - capturing productName text!
2026-02-07 02:05:08 [main] INFO  OffersPageStepDefinitions - user verifying product name is matching on landing and offersPage!
2026-02-07 02:05:08 [main] INFO  Hooks - ===== ENDING SCENARIO: Search experience for product search in both home and offers page | STATUS: PASSED =====
2026-02-07 02:05:08 [main] INFO  Hooks - ===== STARTING SCENARIO: Search experience for product search in both home and offers page =====
2026-02-07 02:05:08 [main] INFO  TestBase - Initializing browser: chrome
2026-02-07 02:05:08 [main] INFO  TestBase - Navigating to URL: https://rahulshettyacademy.com/seleniumPractise/#/
2026-02-07 02:05:13 [main] INFO  LandingPageStepDefinitions - User trying to get the title of landing page!
2026-02-07 02:05:13 [main] INFO  LandingPage - Getting title of LandingPage!
2026-02-07 02:05:13 [main] INFO  LandingPageStepDefinitions - User searching product on landing page
2026-02-07 02:05:13 [main] INFO  LandingPage - Searching product with name: Beet
2026-02-07 02:05:13 [main] INFO  LandingPageStepDefinitions - User capturting text of searched product!
2026-02-07 02:05:13 [main] INFO  LandingPage - Getting text of searched product!
2026-02-07 02:05:23 [main] INFO  Hooks - ===== ENDING SCENARIO: Search experience for product search in both home and offers page | STATUS: FAILED =====
2026-02-07 02:05:26 [main] INFO  Hooks - ===== STARTING SCENARIO: Search experience for product search in both home and offers page =====
2026-02-07 02:05:26 [main] INFO  TestBase - Initializing browser: chrome
2026-02-07 02:05:26 [main] INFO  TestBase - Navigating to URL: https://rahulshettyacademy.com/seleniumPractise/#/
2026-02-07 02:05:32 [main] INFO  LandingPageStepDefinitions - User trying to get the title of landing page!
2026-02-07 02:05:32 [main] INFO  LandingPage - Getting title of LandingPage!
2026-02-07 02:05:32 [main] INFO  LandingPageStepDefinitions - User searching product on landing page
2026-02-07 02:05:32 [main] INFO  LandingPage - Searching product with name: Tom
2026-02-07 02:05:32 [main] INFO  LandingPageStepDefinitions - User capturting text of searched product!
2026-02-07 02:05:32 [main] INFO  LandingPage - Getting text of searched product!
2026-02-07 02:05:33 [main] INFO  LandingPageStepDefinitions - user is incrementing quantity of product to add in the cart!
2026-02-07 02:05:33 [main] INFO  LandingPage - incrementing quantity of searched product: 3
2026-02-07 02:05:33 [main] INFO  LandingPageStepDefinitions - user adding product to cart!
2026-02-07 02:05:33 [main] INFO  LandingPage - Adding product to cart!
2026-02-07 02:05:33 [main] INFO  CheckoutPageStepDefinitions - checking items!
2026-02-07 02:05:33 [main] INFO  CheckoutPage - Clicking on cartBag!
2026-02-07 02:05:33 [main] INFO  CheckoutPage - Clicking on checkoutButton!
2026-02-07 02:05:33 [main] INFO  CheckoutPageStepDefinitions - user is able to see promoBtn and placeOrder!
2026-02-07 02:05:33 [main] INFO  CheckoutPage - Verifying PromoBtn is displayed!
2026-02-07 02:05:34 [main] INFO  CheckoutPage - Verifying placeOrder is displayed!
2026-02-07 02:05:34 [main] INFO  Hooks - ===== ENDING SCENARIO: Search experience for product search in both home and offers page | STATUS: PASSED =====
2026-02-07 02:05:34 [main] INFO  Hooks - ===== STARTING SCENARIO: Search experience for product search in both home and offers page =====
2026-02-07 02:05:34 [main] INFO  TestBase - Initializing browser: chrome
2026-02-07 02:05:34 [main] INFO  TestBase - Navigating to URL: https://rahulshettyacademy.com/seleniumPractise/#/
2026-02-07 02:05:39 [main] INFO  LandingPageStepDefinitions - User trying to get the title of landing page!
2026-02-07 02:05:39 [main] INFO  LandingPage - Getting title of LandingPage!
2026-02-07 02:05:39 [main] INFO  LandingPageStepDefinitions - User searching product on landing page
2026-02-07 02:05:39 [main] INFO  LandingPage - Searching product with name: Tom
2026-02-07 02:05:39 [main] INFO  LandingPageStepDefinitions - User capturting text of searched product!
2026-02-07 02:05:39 [main] INFO  LandingPage - Getting text of searched product!
2026-02-07 02:05:39 [main] INFO  OffersPageStepDefinitions - user switching to offers page
2026-02-07 02:05:39 [main] INFO  LandingPage - Opening topDeals page!
2026-02-07 02:05:40 [main] INFO  OffersPageStepDefinitions - user searching item offerspage
2026-02-07 02:05:40 [main] INFO  OffersPage - Entering product name into search field!
2026-02-07 02:05:41 [main] INFO  OffersPageStepDefinitions - user capturing product name!
2026-02-07 02:05:41 [main] INFO  OffersPage - capturing productName text!
2026-02-07 02:05:41 [main] INFO  OffersPageStepDefinitions - user verifying product name is matching on landing and offersPage!
2026-02-07 02:05:41 [main] INFO  Hooks - ===== ENDING SCENARIO: Search experience for product search in both home and offers page | STATUS: PASSED =====
2026-02-07 02:05:41 [main] INFO  Hooks - ===== STARTING SCENARIO: Search experience for product search in both home and offers page =====
2026-02-07 02:05:41 [main] INFO  TestBase - Initializing browser: chrome
2026-02-07 02:05:41 [main] INFO  TestBase - Navigating to URL: https://rahulshettyacademy.com/seleniumPractise/#/
2026-02-07 02:07:48 [main] INFO  Utils - [XmlSuite] [WARN] 'parallel' value 'false' is no longer valid, defaulting to 'none'.
2026-02-07 02:07:48 [main] INFO  Utils - [TestNG] Running:
  C:\Users\Sumit\CucumberSeleniumProject\Cross-Browser.xml

2026-02-07 02:07:50 [main] INFO  Hooks - ===== STARTING SCENARIO: Search experience for product search in both home and offers page =====
2026-02-07 02:07:50 [main] INFO  TestBase - Initializing browser: chrome
2026-02-07 02:07:50 [main] INFO  TestBase - Navigating to URL: https://rahulshettyacademy.com/seleniumPractise/#/
2026-02-07 02:07:55 [main] INFO  LandingPageStepDefinitions - User trying to get the title of landing page!
2026-02-07 02:07:55 [main] INFO  LandingPage - Getting title of LandingPage!
2026-02-07 02:07:55 [main] INFO  LandingPageStepDefinitions - User searching product on landing page
2026-02-07 02:07:55 [main] INFO  LandingPage - Searching product with name: Tom
2026-02-07 02:07:56 [main] INFO  LandingPageStepDefinitions - User capturting text of searched product!
2026-02-07 02:07:56 [main] INFO  LandingPage - Getting text of searched product!
2026-02-07 02:07:56 [main] INFO  LandingPageStepDefinitions - user is incrementing quantity of product to add in the cart!
2026-02-07 02:07:56 [main] INFO  LandingPage - incrementing quantity of searched product: 3
2026-02-07 02:07:57 [main] INFO  LandingPageStepDefinitions - user adding product to cart!
2026-02-07 02:07:57 [main] INFO  LandingPage - Adding product to cart!
2026-02-07 02:07:57 [main] INFO  CheckoutPageStepDefinitions - checking items!
2026-02-07 02:07:57 [main] INFO  CheckoutPage - Clicking on cartBag!
2026-02-07 02:07:57 [main] INFO  CheckoutPage - Clicking on checkoutButton!
2026-02-07 02:07:58 [main] INFO  CheckoutPageStepDefinitions - user is able to see promoBtn and placeOrder!
2026-02-07 02:07:58 [main] INFO  CheckoutPage - Verifying PromoBtn is displayed!
2026-02-07 02:07:58 [main] INFO  CheckoutPage - Verifying placeOrder is displayed!
2026-02-07 02:07:58 [main] INFO  Hooks - ===== ENDING SCENARIO: Search experience for product search in both home and offers page | STATUS: PASSED =====
2026-02-07 02:07:59 [main] INFO  Hooks - ===== STARTING SCENARIO: Search experience for product search in both home and offers page =====
2026-02-07 02:07:59 [main] INFO  TestBase - Initializing browser: chrome
2026-02-07 02:07:59 [main] INFO  TestBase - Navigating to URL: https://rahulshettyacademy.com/seleniumPractise/#/
2026-02-07 02:08:04 [main] INFO  LandingPageStepDefinitions - User trying to get the title of landing page!
2026-02-07 02:08:04 [main] INFO  LandingPage - Getting title of LandingPage!
2026-02-07 02:08:04 [main] INFO  LandingPageStepDefinitions - User searching product on landing page
2026-02-07 02:08:04 [main] INFO  LandingPage - Searching product with name: Tom
2026-02-07 02:08:04 [main] INFO  LandingPageStepDefinitions - User capturting text of searched product!
2026-02-07 02:08:04 [main] INFO  LandingPage - Getting text of searched product!
2026-02-07 02:08:04 [main] INFO  LandingPageStepDefinitions - user is incrementing quantity of product to add in the cart!
2026-02-07 02:08:04 [main] INFO  LandingPage - incrementing quantity of searched product: 3
2026-02-07 02:08:05 [main] INFO  LandingPageStepDefinitions - user adding product to cart!
2026-02-07 02:08:05 [main] INFO  LandingPage - Adding product to cart!
2026-02-07 02:08:05 [main] INFO  CheckoutPageStepDefinitions - checking items!
2026-02-07 02:08:05 [main] INFO  CheckoutPage - Clicking on cartBag!
2026-02-07 02:08:05 [main] INFO  CheckoutPage - Clicking on checkoutButton!
2026-02-07 02:08:05 [main] INFO  CheckoutPageStepDefinitions - user is able to see promoBtn and placeOrder!
2026-02-07 02:08:05 [main] INFO  CheckoutPage - Verifying PromoBtn is displayed!
2026-02-07 02:08:06 [main] INFO  CheckoutPage - Verifying placeOrder is displayed!
2026-02-07 02:08:06 [main] INFO  Hooks - ===== ENDING SCENARIO: Search experience for product search in both home and offers page | STATUS: PASSED =====
2026-02-07 02:08:06 [main] INFO  Hooks - ===== STARTING SCENARIO: Search experience for product search in both home and offers page =====
2026-02-07 02:08:06 [main] INFO  TestBase - Initializing browser: chrome
2026-02-07 02:08:06 [main] INFO  TestBase - Navigating to URL: https://rahulshettyacademy.com/seleniumPractise/#/
2026-02-07 02:08:10 [main] INFO  LandingPageStepDefinitions - User trying to get the title of landing page!
2026-02-07 02:08:10 [main] INFO  LandingPage - Getting title of LandingPage!
2026-02-07 02:08:10 [main] INFO  LandingPageStepDefinitions - User searching product on landing page
2026-02-07 02:08:10 [main] INFO  LandingPage - Searching product with name: Tom
2026-02-07 02:08:10 [main] INFO  LandingPageStepDefinitions - User capturting text of searched product!
2026-02-07 02:08:10 [main] INFO  LandingPage - Getting text of searched product!
2026-02-07 02:08:11 [main] INFO  LandingPageStepDefinitions - user is incrementing quantity of product to add in the cart!
2026-02-07 02:08:11 [main] INFO  LandingPage - incrementing quantity of searched product: 3
2026-02-07 02:08:11 [main] INFO  LandingPageStepDefinitions - user adding product to cart!
2026-02-07 02:08:11 [main] INFO  LandingPage - Adding product to cart!
2026-02-07 02:08:11 [main] INFO  CheckoutPageStepDefinitions - checking items!
2026-02-07 02:08:11 [main] INFO  CheckoutPage - Clicking on cartBag!
2026-02-07 02:08:11 [main] INFO  CheckoutPage - Clicking on checkoutButton!
2026-02-07 02:08:12 [main] INFO  CheckoutPageStepDefinitions - user is able to see promoBtn and placeOrder!
2026-02-07 02:08:12 [main] INFO  CheckoutPage - Verifying PromoBtn is displayed!
2026-02-07 02:08:12 [main] INFO  CheckoutPage - Verifying placeOrder is displayed!
2026-02-07 02:08:12 [main] INFO  Hooks - ===== ENDING SCENARIO: Search experience for product search in both home and offers page | STATUS: PASSED =====
2026-02-07 02:13:06 [main] INFO  Utils - [XmlSuite] [WARN] 'parallel' value 'false' is no longer valid, defaulting to 'none'.
2026-02-07 02:13:06 [main] INFO  Utils - [TestNG] Running:
  C:\Users\Sumit\CucumberSeleniumProject\Cross-Browser.xml

2026-02-07 02:13:08 [main] INFO  Hooks - ===== STARTING SCENARIO: Search experience for product search in both home and offers page =====
2026-02-07 02:13:08 [main] INFO  TestBase - Initializing browser: chrome
2026-02-07 02:13:08 [main] INFO  TestBase - Navigating to URL: https://rahulshettyacademy.com/seleniumPractise/#/
2026-02-07 02:13:14 [main] INFO  LandingPageStepDefinitions - User trying to get the title of landing page!
2026-02-07 02:13:14 [main] INFO  LandingPage - Getting title of LandingPage!
2026-02-07 02:13:14 [main] INFO  LandingPageStepDefinitions - User searching product on landing page
2026-02-07 02:13:14 [main] INFO  LandingPage - Searching product with name: Tom
2026-02-07 02:13:14 [main] INFO  LandingPageStepDefinitions - User capturting text of searched product!
2026-02-07 02:13:14 [main] INFO  LandingPage - Getting text of searched product!
2026-02-07 02:13:15 [main] INFO  LandingPageStepDefinitions - user is incrementing quantity of product to add in the cart!
2026-02-07 02:13:15 [main] INFO  LandingPage - incrementing quantity of searched product: 3
2026-02-07 02:13:15 [main] INFO  LandingPageStepDefinitions - user adding product to cart!
2026-02-07 02:13:15 [main] INFO  LandingPage - Adding product to cart!
2026-02-07 02:13:15 [main] INFO  CheckoutPageStepDefinitions - checking items!
2026-02-07 02:13:15 [main] INFO  CheckoutPage - Clicking on cartBag!
2026-02-07 02:13:15 [main] INFO  CheckoutPage - Clicking on checkoutButton!
2026-02-07 02:13:15 [main] INFO  CheckoutPageStepDefinitions - user is able to see promoBtn and placeOrder!
2026-02-07 02:13:15 [main] INFO  CheckoutPage - Verifying PromoBtn is displayed!
2026-02-07 02:13:16 [main] INFO  CheckoutPage - Verifying placeOrder is displayed!
2026-02-07 02:13:16 [main] INFO  Hooks - ===== ENDING SCENARIO: Search experience for product search in both home and offers page | STATUS: PASSED =====
2026-02-07 02:13:17 [main] INFO  Hooks - ===== STARTING SCENARIO: Search experience for product search in both home and offers page =====
2026-02-07 02:13:17 [main] INFO  TestBase - Initializing browser: edge
2026-02-07 02:13:17 [main] INFO  TestBase - Navigating to URL: https://rahulshettyacademy.com/seleniumPractise/#/
2026-02-07 02:13:23 [main] INFO  LandingPageStepDefinitions - User trying to get the title of landing page!
2026-02-07 02:13:23 [main] INFO  LandingPage - Getting title of LandingPage!
2026-02-07 02:13:25 [main] INFO  LandingPageStepDefinitions - User searching product on landing page
2026-02-07 02:13:25 [main] INFO  LandingPage - Searching product with name: Tom
2026-02-07 02:13:25 [main] INFO  LandingPageStepDefinitions - User capturting text of searched product!
2026-02-07 02:13:25 [main] INFO  LandingPage - Getting text of searched product!
2026-02-07 02:13:26 [main] INFO  LandingPageStepDefinitions - user is incrementing quantity of product to add in the cart!
2026-02-07 02:13:26 [main] INFO  LandingPage - incrementing quantity of searched product: 3
2026-02-07 02:13:26 [main] INFO  LandingPageStepDefinitions - user adding product to cart!
2026-02-07 02:13:26 [main] INFO  LandingPage - Adding product to cart!
2026-02-07 02:13:26 [main] INFO  CheckoutPageStepDefinitions - checking items!
2026-02-07 02:13:26 [main] INFO  CheckoutPage - Clicking on cartBag!
2026-02-07 02:13:27 [main] INFO  CheckoutPage - Clicking on checkoutButton!
2026-02-07 02:13:27 [main] INFO  CheckoutPageStepDefinitions - user is able to see promoBtn and placeOrder!
2026-02-07 02:13:27 [main] INFO  CheckoutPage - Verifying PromoBtn is displayed!
2026-02-07 02:13:27 [main] INFO  CheckoutPage - Verifying placeOrder is displayed!
2026-02-07 02:13:27 [main] INFO  Hooks - ===== ENDING SCENARIO: Search experience for product search in both home and offers page | STATUS: PASSED =====
2026-02-07 02:13:28 [main] INFO  Hooks - ===== STARTING SCENARIO: Search experience for product search in both home and offers page =====
2026-02-07 02:13:28 [main] INFO  TestBase - Initializing browser: firefox
2026-02-07 02:13:28 [main] INFO  TestBase - Navigating to URL: https://rahulshettyacademy.com/seleniumPractise/#/
2026-02-07 02:13:36 [main] INFO  LandingPageStepDefinitions - User trying to get the title of landing page!
2026-02-07 02:13:36 [main] INFO  LandingPage - Getting title of LandingPage!
2026-02-07 02:13:36 [main] INFO  LandingPageStepDefinitions - User searching product on landing page
2026-02-07 02:13:36 [main] INFO  LandingPage - Searching product with name: Tom
2026-02-07 02:13:36 [main] INFO  LandingPageStepDefinitions - User capturting text of searched product!
2026-02-07 02:13:36 [main] INFO  LandingPage - Getting text of searched product!
2026-02-07 02:13:37 [main] INFO  LandingPageStepDefinitions - user is incrementing quantity of product to add in the cart!
2026-02-07 02:13:37 [main] INFO  LandingPage - incrementing quantity of searched product: 3
2026-02-07 02:13:37 [main] INFO  LandingPageStepDefinitions - user adding product to cart!
2026-02-07 02:13:37 [main] INFO  LandingPage - Adding product to cart!
2026-02-07 02:13:37 [main] INFO  CheckoutPageStepDefinitions - checking items!
2026-02-07 02:13:37 [main] INFO  CheckoutPage - Clicking on cartBag!
2026-02-07 02:13:37 [main] INFO  CheckoutPage - Clicking on checkoutButton!
2026-02-07 02:13:37 [main] INFO  CheckoutPageStepDefinitions - user is able to see promoBtn and placeOrder!
2026-02-07 02:13:37 [main] INFO  CheckoutPage - Verifying PromoBtn is displayed!
2026-02-07 02:13:38 [main] INFO  CheckoutPage - Verifying placeOrder is displayed!
2026-02-07 02:13:38 [main] INFO  Hooks - ===== ENDING SCENARIO: Search experience for product search in both home and offers page | STATUS: PASSED =====
2026-02-07 02:13:53 [main] INFO  Utils - [XmlSuite] [WARN] 'parallel' value 'true' is no longer valid, defaulting to 'methods'.
2026-02-07 02:13:54 [main] INFO  Utils - [TestNG] Running:
  C:\Users\Sumit\CucumberSeleniumProject\Cross-Browser.xml

2026-02-07 02:13:55 [TestNG-test-Chrome Test-1] INFO  Hooks - ===== STARTING SCENARIO: Search experience for product search in both home and offers page =====
2026-02-07 02:13:55 [TestNG-test-Chrome Test-1] INFO  TestBase - Initializing browser: chrome
2026-02-07 02:13:55 [TestNG-test-Chrome Test-1] INFO  TestBase - Navigating to URL: https://rahulshettyacademy.com/seleniumPractise/#/
2026-02-07 02:14:00 [TestNG-test-Chrome Test-1] INFO  LandingPageStepDefinitions - User trying to get the title of landing page!
2026-02-07 02:14:00 [TestNG-test-Chrome Test-1] INFO  LandingPage - Getting title of LandingPage!
2026-02-07 02:14:00 [TestNG-test-Chrome Test-1] INFO  LandingPageStepDefinitions - User searching product on landing page
2026-02-07 02:14:00 [TestNG-test-Chrome Test-1] INFO  LandingPage - Searching product with name: Tom
2026-02-07 02:14:01 [TestNG-test-Chrome Test-1] INFO  LandingPageStepDefinitions - User capturting text of searched product!
2026-02-07 02:14:01 [TestNG-test-Chrome Test-1] INFO  LandingPage - Getting text of searched product!
2026-02-07 02:14:01 [TestNG-test-Chrome Test-1] INFO  LandingPageStepDefinitions - user is incrementing quantity of product to add in the cart!
2026-02-07 02:14:01 [TestNG-test-Chrome Test-1] INFO  LandingPage - incrementing quantity of searched product: 3
2026-02-07 02:14:01 [TestNG-test-Chrome Test-1] INFO  LandingPageStepDefinitions - user adding product to cart!
2026-02-07 02:14:01 [TestNG-test-Chrome Test-1] INFO  LandingPage - Adding product to cart!
2026-02-07 02:14:02 [TestNG-test-Chrome Test-1] INFO  CheckoutPageStepDefinitions - checking items!
2026-02-07 02:14:02 [TestNG-test-Chrome Test-1] INFO  CheckoutPage - Clicking on cartBag!
2026-02-07 02:14:02 [TestNG-test-Chrome Test-1] INFO  CheckoutPage - Clicking on checkoutButton!
2026-02-07 02:14:02 [TestNG-test-Chrome Test-1] INFO  CheckoutPageStepDefinitions - user is able to see promoBtn and placeOrder!
2026-02-07 02:14:02 [TestNG-test-Chrome Test-1] INFO  CheckoutPage - Verifying PromoBtn is displayed!
2026-02-07 02:14:02 [TestNG-test-Chrome Test-1] INFO  CheckoutPage - Verifying placeOrder is displayed!
2026-02-07 02:14:02 [TestNG-test-Chrome Test-1] INFO  Hooks - ===== ENDING SCENARIO: Search experience for product search in both home and offers page | STATUS: PASSED =====
2026-02-07 02:14:04 [TestNG-test-Edge Test-1] INFO  Hooks - ===== STARTING SCENARIO: Search experience for product search in both home and offers page =====
2026-02-07 02:14:04 [TestNG-test-Edge Test-1] INFO  TestBase - Initializing browser: edge
2026-02-07 02:14:04 [TestNG-test-Edge Test-1] INFO  TestBase - Navigating to URL: https://rahulshettyacademy.com/seleniumPractise/#/
2026-02-07 02:14:08 [TestNG-test-Edge Test-1] INFO  LandingPageStepDefinitions - User trying to get the title of landing page!
2026-02-07 02:14:08 [TestNG-test-Edge Test-1] INFO  LandingPage - Getting title of LandingPage!
2026-02-07 02:14:08 [TestNG-test-Edge Test-1] INFO  LandingPageStepDefinitions - User searching product on landing page
2026-02-07 02:14:08 [TestNG-test-Edge Test-1] INFO  LandingPage - Searching product with name: Tom
2026-02-07 02:14:08 [TestNG-test-Edge Test-1] INFO  LandingPageStepDefinitions - User capturting text of searched product!
2026-02-07 02:14:08 [TestNG-test-Edge Test-1] INFO  LandingPage - Getting text of searched product!
2026-02-07 02:14:08 [TestNG-test-Edge Test-1] INFO  LandingPageStepDefinitions - user is incrementing quantity of product to add in the cart!
2026-02-07 02:14:08 [TestNG-test-Edge Test-1] INFO  LandingPage - incrementing quantity of searched product: 3
2026-02-07 02:14:09 [TestNG-test-Edge Test-1] INFO  LandingPageStepDefinitions - user adding product to cart!
2026-02-07 02:14:09 [TestNG-test-Edge Test-1] INFO  LandingPage - Adding product to cart!
2026-02-07 02:14:09 [TestNG-test-Edge Test-1] INFO  CheckoutPageStepDefinitions - checking items!
2026-02-07 02:14:09 [TestNG-test-Edge Test-1] INFO  CheckoutPage - Clicking on cartBag!
2026-02-07 02:14:09 [TestNG-test-Edge Test-1] INFO  CheckoutPage - Clicking on checkoutButton!
2026-02-07 02:14:09 [TestNG-test-Edge Test-1] INFO  CheckoutPageStepDefinitions - user is able to see promoBtn and placeOrder!
2026-02-07 02:14:09 [TestNG-test-Edge Test-1] INFO  CheckoutPage - Verifying PromoBtn is displayed!
2026-02-07 02:14:10 [TestNG-test-Edge Test-1] INFO  CheckoutPage - Verifying placeOrder is displayed!
2026-02-07 02:14:10 [TestNG-test-Edge Test-1] INFO  Hooks - ===== ENDING SCENARIO: Search experience for product search in both home and offers page | STATUS: PASSED =====
2026-02-07 02:14:10 [TestNG-test-Firefox Test-1] INFO  Hooks - ===== STARTING SCENARIO: Search experience for product search in both home and offers page =====
2026-02-07 02:14:10 [TestNG-test-Firefox Test-1] INFO  TestBase - Initializing browser: firefox
2026-02-07 02:14:10 [TestNG-test-Firefox Test-1] INFO  TestBase - Navigating to URL: https://rahulshettyacademy.com/seleniumPractise/#/
2026-02-07 02:14:20 [TestNG-test-Firefox Test-1] INFO  LandingPageStepDefinitions - User trying to get the title of landing page!
2026-02-07 02:14:20 [TestNG-test-Firefox Test-1] INFO  LandingPage - Getting title of LandingPage!
2026-02-07 02:14:20 [TestNG-test-Firefox Test-1] INFO  LandingPageStepDefinitions - User searching product on landing page
2026-02-07 02:14:20 [TestNG-test-Firefox Test-1] INFO  LandingPage - Searching product with name: Tom
2026-02-07 02:14:20 [TestNG-test-Firefox Test-1] INFO  LandingPageStepDefinitions - User capturting text of searched product!
2026-02-07 02:14:20 [TestNG-test-Firefox Test-1] INFO  LandingPage - Getting text of searched product!
2026-02-07 02:14:21 [TestNG-test-Firefox Test-1] INFO  LandingPageStepDefinitions - user is incrementing quantity of product to add in the cart!
2026-02-07 02:14:21 [TestNG-test-Firefox Test-1] INFO  LandingPage - incrementing quantity of searched product: 3
2026-02-07 02:14:21 [TestNG-test-Firefox Test-1] INFO  LandingPageStepDefinitions - user adding product to cart!
2026-02-07 02:14:21 [TestNG-test-Firefox Test-1] INFO  LandingPage - Adding product to cart!
2026-02-07 02:14:21 [TestNG-test-Firefox Test-1] INFO  CheckoutPageStepDefinitions - checking items!
2026-02-07 02:14:21 [TestNG-test-Firefox Test-1] INFO  CheckoutPage - Clicking on cartBag!
2026-02-07 02:14:21 [TestNG-test-Firefox Test-1] INFO  CheckoutPage - Clicking on checkoutButton!
2026-02-07 02:14:21 [TestNG-test-Firefox Test-1] INFO  CheckoutPageStepDefinitions - user is able to see promoBtn and placeOrder!
2026-02-07 02:14:21 [TestNG-test-Firefox Test-1] INFO  CheckoutPage - Verifying PromoBtn is displayed!
2026-02-07 02:14:22 [TestNG-test-Firefox Test-1] INFO  CheckoutPage - Verifying placeOrder is displayed!
2026-02-07 02:14:22 [TestNG-test-Firefox Test-1] INFO  Hooks - ===== ENDING SCENARIO: Search experience for product search in both home and offers page | STATUS: PASSED =====
2026-02-07 02:16:19 [main] INFO  Utils - [XmlSuite] [WARN] 'parallel' value 'true' is no longer valid, defaulting to 'methods'.
2026-02-07 02:16:19 [main] INFO  Utils - [TestNG] Running:
  C:\Users\Sumit\CucumberSeleniumProject\Cross-Browser.xml

2026-02-07 02:16:20 [TestNG-PoolService-1] INFO  Hooks - ===== STARTING SCENARIO: Search experience for product search in both home and offers page =====
2026-02-07 02:16:20 [TestNG-PoolService-1] INFO  TestBase - Initializing browser: chrome
2026-02-07 02:16:20 [TestNG-PoolService-1] INFO  TestBase - Navigating to URL: https://rahulshettyacademy.com/seleniumPractise/#/
2026-02-07 02:16:28 [TestNG-PoolService-1] INFO  LandingPageStepDefinitions - User trying to get the title of landing page!
2026-02-07 02:16:28 [TestNG-PoolService-1] INFO  LandingPage - Getting title of LandingPage!
2026-02-07 02:16:28 [TestNG-PoolService-1] INFO  LandingPageStepDefinitions - User searching product on landing page
2026-02-07 02:16:28 [TestNG-PoolService-1] INFO  LandingPage - Searching product with name: Tom
2026-02-07 02:16:28 [TestNG-PoolService-1] INFO  LandingPageStepDefinitions - User capturting text of searched product!
2026-02-07 02:16:28 [TestNG-PoolService-1] INFO  LandingPage - Getting text of searched product!
2026-02-07 02:16:29 [TestNG-PoolService-1] INFO  LandingPageStepDefinitions - user is incrementing quantity of product to add in the cart!
2026-02-07 02:16:29 [TestNG-PoolService-1] INFO  LandingPage - incrementing quantity of searched product: 3
2026-02-07 02:16:29 [TestNG-PoolService-1] INFO  LandingPageStepDefinitions - user adding product to cart!
2026-02-07 02:16:29 [TestNG-PoolService-1] INFO  LandingPage - Adding product to cart!
2026-02-07 02:16:29 [TestNG-PoolService-1] INFO  CheckoutPageStepDefinitions - checking items!
2026-02-07 02:16:29 [TestNG-PoolService-1] INFO  CheckoutPage - Clicking on cartBag!
2026-02-07 02:16:29 [TestNG-PoolService-1] INFO  CheckoutPage - Clicking on checkoutButton!
2026-02-07 02:16:29 [TestNG-PoolService-1] INFO  CheckoutPageStepDefinitions - user is able to see promoBtn and placeOrder!
2026-02-07 02:16:29 [TestNG-PoolService-1] INFO  CheckoutPage - Verifying PromoBtn is displayed!
2026-02-07 02:16:30 [TestNG-PoolService-1] INFO  CheckoutPage - Verifying placeOrder is displayed!
2026-02-07 02:16:30 [TestNG-PoolService-1] INFO  Hooks - ===== ENDING SCENARIO: Search experience for product search in both home and offers page | STATUS: PASSED =====
2026-02-07 02:16:31 [TestNG-PoolService-1] INFO  Hooks - ===== STARTING SCENARIO: Search experience for product search in both home and offers page =====
2026-02-07 02:16:31 [TestNG-PoolService-1] INFO  TestBase - Initializing browser: edge
2026-02-07 02:16:31 [TestNG-PoolService-1] INFO  TestBase - Navigating to URL: https://rahulshettyacademy.com/seleniumPractise/#/
2026-02-07 02:16:33 [TestNG-PoolService-1] INFO  LandingPageStepDefinitions - User trying to get the title of landing page!
2026-02-07 02:16:33 [TestNG-PoolService-1] INFO  LandingPage - Getting title of LandingPage!
2026-02-07 02:16:35 [TestNG-PoolService-1] INFO  LandingPageStepDefinitions - User searching product on landing page
2026-02-07 02:16:35 [TestNG-PoolService-1] INFO  LandingPage - Searching product with name: Tom
2026-02-07 02:16:35 [TestNG-PoolService-1] INFO  LandingPageStepDefinitions - User capturting text of searched product!
2026-02-07 02:16:35 [TestNG-PoolService-1] INFO  LandingPage - Getting text of searched product!
2026-02-07 02:16:36 [TestNG-PoolService-1] INFO  LandingPageStepDefinitions - user is incrementing quantity of product to add in the cart!
2026-02-07 02:16:36 [TestNG-PoolService-1] INFO  LandingPage - incrementing quantity of searched product: 3
2026-02-07 02:16:36 [TestNG-PoolService-1] INFO  LandingPageStepDefinitions - user adding product to cart!
2026-02-07 02:16:36 [TestNG-PoolService-1] INFO  LandingPage - Adding product to cart!
2026-02-07 02:16:36 [TestNG-PoolService-1] INFO  CheckoutPageStepDefinitions - checking items!
2026-02-07 02:16:36 [TestNG-PoolService-1] INFO  CheckoutPage - Clicking on cartBag!
2026-02-07 02:16:36 [TestNG-PoolService-1] INFO  CheckoutPage - Clicking on checkoutButton!
2026-02-07 02:16:36 [TestNG-PoolService-1] INFO  CheckoutPageStepDefinitions - user is able to see promoBtn and placeOrder!
2026-02-07 02:16:36 [TestNG-PoolService-1] INFO  CheckoutPage - Verifying PromoBtn is displayed!
2026-02-07 02:16:37 [TestNG-PoolService-1] INFO  CheckoutPage - Verifying placeOrder is displayed!
2026-02-07 02:16:37 [TestNG-PoolService-1] INFO  Hooks - ===== ENDING SCENARIO: Search experience for product search in both home and offers page | STATUS: PASSED =====
2026-02-07 02:16:38 [TestNG-PoolService-1] INFO  Hooks - ===== STARTING SCENARIO: Search experience for product search in both home and offers page =====
2026-02-07 02:16:38 [TestNG-PoolService-1] INFO  TestBase - Initializing browser: firefox
2026-02-07 02:16:38 [TestNG-PoolService-1] INFO  TestBase - Navigating to URL: https://rahulshettyacademy.com/seleniumPractise/#/
2026-02-07 02:16:46 [TestNG-PoolService-1] INFO  LandingPageStepDefinitions - User trying to get the title of landing page!
2026-02-07 02:16:46 [TestNG-PoolService-1] INFO  LandingPage - Getting title of LandingPage!
2026-02-07 02:16:46 [TestNG-PoolService-1] INFO  LandingPageStepDefinitions - User searching product on landing page
2026-02-07 02:16:46 [TestNG-PoolService-1] INFO  LandingPage - Searching product with name: Tom
2026-02-07 02:16:46 [TestNG-PoolService-1] INFO  LandingPageStepDefinitions - User capturting text of searched product!
2026-02-07 02:16:46 [TestNG-PoolService-1] INFO  LandingPage - Getting text of searched product!
2026-02-07 02:16:47 [TestNG-PoolService-1] INFO  LandingPageStepDefinitions - user is incrementing quantity of product to add in the cart!
2026-02-07 02:16:47 [TestNG-PoolService-1] INFO  LandingPage - incrementing quantity of searched product: 3
2026-02-07 02:16:47 [TestNG-PoolService-1] INFO  LandingPageStepDefinitions - user adding product to cart!
2026-02-07 02:16:47 [TestNG-PoolService-1] INFO  LandingPage - Adding product to cart!
2026-02-07 02:16:47 [TestNG-PoolService-1] INFO  CheckoutPageStepDefinitions - checking items!
2026-02-07 02:16:47 [TestNG-PoolService-1] INFO  CheckoutPage - Clicking on cartBag!
2026-02-07 02:16:47 [TestNG-PoolService-1] INFO  CheckoutPage - Clicking on checkoutButton!
2026-02-07 02:16:47 [TestNG-PoolService-1] INFO  CheckoutPageStepDefinitions - user is able to see promoBtn and placeOrder!
2026-02-07 02:16:47 [TestNG-PoolService-1] INFO  CheckoutPage - Verifying PromoBtn is displayed!
2026-02-07 02:16:48 [TestNG-PoolService-1] INFO  CheckoutPage - Verifying placeOrder is displayed!
2026-02-07 02:16:48 [TestNG-PoolService-1] INFO  Hooks - ===== ENDING SCENARIO: Search experience for product search in both home and offers page | STATUS: PASSED =====
2026-02-07 02:17:29 [main] INFO  Utils - [XmlSuite] [WARN] 'parallel' value 'true' is no longer valid, defaulting to 'methods'.
2026-02-07 02:17:29 [main] INFO  Utils - [TestNG] Running:
  C:\Users\Sumit\CucumberSeleniumProject\Cross-Browser.xml

2026-02-07 02:17:30 [TestNG-PoolService-1] INFO  Hooks - ===== STARTING SCENARIO: Search experience for product search in both home and offers page =====
2026-02-07 02:17:30 [TestNG-PoolService-1] INFO  TestBase - Initializing browser: chrome
2026-02-07 02:17:30 [TestNG-PoolService-1] INFO  TestBase - Navigating to URL: https://rahulshettyacademy.com/seleniumPractise/#/
2026-02-07 02:17:36 [TestNG-PoolService-1] INFO  LandingPageStepDefinitions - User trying to get the title of landing page!
2026-02-07 02:17:36 [TestNG-PoolService-1] INFO  LandingPage - Getting title of LandingPage!
2026-02-07 02:17:36 [TestNG-PoolService-1] INFO  LandingPageStepDefinitions - User searching product on landing page
2026-02-07 02:17:36 [TestNG-PoolService-1] INFO  LandingPage - Searching product with name: Tom
2026-02-07 02:17:36 [TestNG-PoolService-1] INFO  LandingPageStepDefinitions - User capturting text of searched product!
2026-02-07 02:17:36 [TestNG-PoolService-1] INFO  LandingPage - Getting text of searched product!
2026-02-07 02:17:37 [TestNG-PoolService-1] INFO  LandingPageStepDefinitions - user is incrementing quantity of product to add in the cart!
2026-02-07 02:17:37 [TestNG-PoolService-1] INFO  LandingPage - incrementing quantity of searched product: 3
2026-02-07 02:17:37 [TestNG-PoolService-1] INFO  LandingPageStepDefinitions - user adding product to cart!
2026-02-07 02:17:37 [TestNG-PoolService-1] INFO  LandingPage - Adding product to cart!
2026-02-07 02:17:37 [TestNG-PoolService-1] INFO  CheckoutPageStepDefinitions - checking items!
2026-02-07 02:17:37 [TestNG-PoolService-1] INFO  CheckoutPage - Clicking on cartBag!
2026-02-07 02:17:37 [TestNG-PoolService-1] INFO  CheckoutPage - Clicking on checkoutButton!
2026-02-07 02:17:37 [TestNG-PoolService-1] INFO  CheckoutPageStepDefinitions - user is able to see promoBtn and placeOrder!
2026-02-07 02:17:37 [TestNG-PoolService-1] INFO  CheckoutPage - Verifying PromoBtn is displayed!
2026-02-07 02:17:38 [TestNG-PoolService-1] INFO  CheckoutPage - Verifying placeOrder is displayed!
2026-02-07 02:17:38 [TestNG-PoolService-1] INFO  Hooks - ===== ENDING SCENARIO: Search experience for product search in both home and offers page | STATUS: PASSED =====
2026-02-07 02:17:39 [TestNG-PoolService-1] INFO  Hooks - ===== STARTING SCENARIO: Search experience for product search in both home and offers page =====
2026-02-07 02:17:39 [TestNG-PoolService-1] INFO  TestBase - Initializing browser: edge
2026-02-07 02:17:39 [TestNG-PoolService-1] INFO  TestBase - Navigating to URL: https://rahulshettyacademy.com/seleniumPractise/#/
2026-02-07 02:18:48 [main] INFO  Utils - [TestNG] Running:
  C:\Users\Sumit\CucumberSeleniumProject\Cross-Browser.xml

2026-02-07 02:18:49 [TestNG-PoolService-1] INFO  Hooks - ===== STARTING SCENARIO: Search experience for product search in both home and offers page =====
2026-02-07 02:18:49 [TestNG-PoolService-1] INFO  Hooks - ===== STARTING SCENARIO: Search experience for product search in both home and offers page =====
2026-02-07 02:18:49 [TestNG-PoolService-1] INFO  Hooks - ===== STARTING SCENARIO: Search experience for product search in both home and offers page =====
2026-02-07 02:18:49 [TestNG-PoolService-1] INFO  TestBase - Initializing browser: edge
2026-02-07 02:18:49 [TestNG-PoolService-1] INFO  TestBase - Initializing browser: edge
2026-02-07 02:18:49 [TestNG-PoolService-1] INFO  TestBase - Initializing browser: edge
2026-02-07 02:18:49 [TestNG-PoolService-1] INFO  TestBase - Navigating to URL: https://rahulshettyacademy.com/seleniumPractise/#/
2026-02-07 02:18:49 [TestNG-PoolService-1] INFO  TestBase - Navigating to URL: https://rahulshettyacademy.com/seleniumPractise/#/
2026-02-07 02:18:49 [TestNG-PoolService-1] INFO  TestBase - Navigating to URL: https://rahulshettyacademy.com/seleniumPractise/#/
2026-02-07 02:18:58 [TestNG-PoolService-1] INFO  LandingPageStepDefinitions - User trying to get the title of landing page!
2026-02-07 02:18:58 [TestNG-PoolService-1] INFO  LandingPage - Getting title of LandingPage!
2026-02-07 02:19:00 [TestNG-PoolService-1] INFO  LandingPageStepDefinitions - User trying to get the title of landing page!
2026-02-07 02:19:00 [TestNG-PoolService-1] INFO  LandingPage - Getting title of LandingPage!
2026-02-07 02:19:00 [TestNG-PoolService-1] INFO  LandingPageStepDefinitions - User searching product on landing page
2026-02-07 02:19:00 [TestNG-PoolService-1] INFO  LandingPage - Searching product with name: Tom
2026-02-07 02:19:00 [TestNG-PoolService-1] INFO  LandingPageStepDefinitions - User trying to get the title of landing page!
2026-02-07 02:19:00 [TestNG-PoolService-1] INFO  LandingPage - Getting title of LandingPage!
2026-02-07 02:19:00 [TestNG-PoolService-1] INFO  LandingPageStepDefinitions - User searching product on landing page
2026-02-07 02:19:00 [TestNG-PoolService-1] INFO  LandingPage - Searching product with name: Tom
2026-02-07 02:19:01 [TestNG-PoolService-1] INFO  LandingPageStepDefinitions - User capturting text of searched product!
2026-02-07 02:19:01 [TestNG-PoolService-1] INFO  LandingPage - Getting text of searched product!
2026-02-07 02:19:01 [TestNG-PoolService-1] INFO  LandingPageStepDefinitions - User capturting text of searched product!
2026-02-07 02:19:01 [TestNG-PoolService-1] INFO  LandingPage - Getting text of searched product!
2026-02-07 02:19:01 [TestNG-PoolService-1] INFO  LandingPageStepDefinitions - User searching product on landing page
2026-02-07 02:19:01 [TestNG-PoolService-1] INFO  LandingPage - Searching product with name: Tom
2026-02-07 02:19:01 [TestNG-PoolService-1] INFO  LandingPageStepDefinitions - user is incrementing quantity of product to add in the cart!
2026-02-07 02:19:01 [TestNG-PoolService-1] INFO  LandingPage - incrementing quantity of searched product: 3
2026-02-07 02:19:02 [TestNG-PoolService-1] INFO  LandingPageStepDefinitions - User capturting text of searched product!
2026-02-07 02:19:02 [TestNG-PoolService-1] INFO  LandingPage - Getting text of searched product!
2026-02-07 02:19:02 [TestNG-PoolService-1] INFO  LandingPageStepDefinitions - user is incrementing quantity of product to add in the cart!
2026-02-07 02:19:02 [TestNG-PoolService-1] INFO  LandingPage - incrementing quantity of searched product: 3
2026-02-07 02:19:02 [TestNG-PoolService-1] INFO  LandingPageStepDefinitions - user adding product to cart!
2026-02-07 02:19:02 [TestNG-PoolService-1] INFO  LandingPage - Adding product to cart!
2026-02-07 02:19:02 [TestNG-PoolService-1] INFO  LandingPageStepDefinitions - user is incrementing quantity of product to add in the cart!
2026-02-07 02:19:02 [TestNG-PoolService-1] INFO  LandingPage - incrementing quantity of searched product: 3
2026-02-07 02:19:03 [TestNG-PoolService-1] INFO  CheckoutPageStepDefinitions - checking items!
2026-02-07 02:19:03 [TestNG-PoolService-1] INFO  CheckoutPage - Clicking on cartBag!
2026-02-07 02:19:04 [TestNG-PoolService-1] INFO  CheckoutPage - Clicking on checkoutButton!
2026-02-07 02:19:05 [TestNG-PoolService-1] INFO  LandingPageStepDefinitions - user adding product to cart!
2026-02-07 02:19:05 [TestNG-PoolService-1] INFO  LandingPage - Adding product to cart!
2026-02-07 02:19:05 [TestNG-PoolService-1] INFO  LandingPageStepDefinitions - user adding product to cart!
2026-02-07 02:19:05 [TestNG-PoolService-1] INFO  LandingPage - Adding product to cart!
2026-02-07 02:19:05 [TestNG-PoolService-1] INFO  CheckoutPageStepDefinitions - user is able to see promoBtn and placeOrder!
2026-02-07 02:19:05 [TestNG-PoolService-1] INFO  CheckoutPage - Verifying PromoBtn is displayed!
2026-02-07 02:19:05 [TestNG-PoolService-1] INFO  CheckoutPageStepDefinitions - checking items!
2026-02-07 02:19:05 [TestNG-PoolService-1] INFO  CheckoutPage - Clicking on cartBag!
2026-02-07 02:19:05 [TestNG-PoolService-1] INFO  CheckoutPageStepDefinitions - checking items!
2026-02-07 02:19:05 [TestNG-PoolService-1] INFO  CheckoutPage - Clicking on cartBag!
2026-02-07 02:19:06 [TestNG-PoolService-1] INFO  CheckoutPage - Verifying placeOrder is displayed!
2026-02-07 02:19:06 [TestNG-PoolService-1] INFO  Hooks - ===== ENDING SCENARIO: Search experience for product search in both home and offers page | STATUS: PASSED =====
2026-02-07 02:19:06 [TestNG-PoolService-1] INFO  CheckoutPage - Clicking on checkoutButton!
2026-02-07 02:19:07 [TestNG-PoolService-1] INFO  CheckoutPage - Clicking on checkoutButton!
2026-02-07 02:19:07 [TestNG-PoolService-1] INFO  CheckoutPageStepDefinitions - user is able to see promoBtn and placeOrder!
2026-02-07 02:19:07 [TestNG-PoolService-1] INFO  CheckoutPage - Verifying PromoBtn is displayed!
2026-02-07 02:19:07 [TestNG-PoolService-1] INFO  CheckoutPageStepDefinitions - user is able to see promoBtn and placeOrder!
2026-02-07 02:19:07 [TestNG-PoolService-1] INFO  CheckoutPage - Verifying PromoBtn is displayed!
2026-02-07 02:19:08 [TestNG-PoolService-1] INFO  CheckoutPage - Verifying placeOrder is displayed!
2026-02-07 02:19:08 [TestNG-PoolService-1] INFO  CheckoutPage - Verifying placeOrder is displayed!
2026-02-07 02:19:08 [TestNG-PoolService-1] INFO  Hooks - ===== ENDING SCENARIO: Search experience for product search in both home and offers page | STATUS: PASSED =====
2026-02-07 02:19:08 [TestNG-PoolService-1] INFO  Hooks - ===== ENDING SCENARIO: Search experience for product search in both home and offers page | STATUS: PASSED =====
2026-02-07 02:21:51 [main] INFO  Utils - [TestNG] Running:
  C:\Users\Sumit\CucumberSeleniumProject\Cross-Browser.xml

2026-02-07 02:21:53 [TestNG-tests-2] INFO  Hooks - ===== STARTING SCENARIO: Search experience for product search in both home and offers page =====
2026-02-07 02:21:53 [TestNG-tests-3] INFO  Hooks - ===== STARTING SCENARIO: Search experience for product search in both home and offers page =====
2026-02-07 02:21:53 [TestNG-tests-1] INFO  Hooks - ===== STARTING SCENARIO: Search experience for product search in both home and offers page =====
2026-02-07 02:21:53 [TestNG-tests-2] INFO  TestBase - Initializing browser: firefox
2026-02-07 02:21:53 [TestNG-tests-3] INFO  TestBase - Initializing browser: firefox
2026-02-07 02:21:53 [TestNG-tests-1] INFO  TestBase - Initializing browser: firefox
2026-02-07 02:21:53 [TestNG-tests-3] INFO  TestBase - Navigating to URL: https://rahulshettyacademy.com/seleniumPractise/#/
2026-02-07 02:21:53 [TestNG-tests-2] INFO  TestBase - Navigating to URL: https://rahulshettyacademy.com/seleniumPractise/#/
2026-02-07 02:21:53 [TestNG-tests-1] INFO  TestBase - Navigating to URL: https://rahulshettyacademy.com/seleniumPractise/#/
2026-02-07 02:22:12 [TestNG-tests-3] INFO  LandingPageStepDefinitions - User trying to get the title of landing page!
2026-02-07 02:22:12 [TestNG-tests-3] INFO  LandingPage - Getting title of LandingPage!
2026-02-07 02:22:12 [TestNG-tests-2] INFO  LandingPageStepDefinitions - User trying to get the title of landing page!
2026-02-07 02:22:12 [TestNG-tests-2] INFO  LandingPage - Getting title of LandingPage!
2026-02-07 02:22:12 [TestNG-tests-3] INFO  LandingPageStepDefinitions - User searching product on landing page
2026-02-07 02:22:12 [TestNG-tests-3] INFO  LandingPage - Searching product with name: Tom
2026-02-07 02:22:12 [TestNG-tests-2] INFO  LandingPageStepDefinitions - User searching product on landing page
2026-02-07 02:22:12 [TestNG-tests-2] INFO  LandingPage - Searching product with name: Tom
2026-02-07 02:22:16 [TestNG-tests-3] INFO  LandingPageStepDefinitions - User capturting text of searched product!
2026-02-07 02:22:16 [TestNG-tests-3] INFO  LandingPage - Getting text of searched product!
2026-02-07 02:22:16 [TestNG-tests-2] INFO  LandingPageStepDefinitions - User capturting text of searched product!
2026-02-07 02:22:16 [TestNG-tests-2] INFO  LandingPage - Getting text of searched product!
2026-02-07 02:22:17 [TestNG-tests-2] INFO  LandingPageStepDefinitions - user is incrementing quantity of product to add in the cart!
2026-02-07 02:22:17 [TestNG-tests-2] INFO  LandingPage - incrementing quantity of searched product: 3
2026-02-07 02:22:18 [TestNG-tests-3] INFO  LandingPageStepDefinitions - user is incrementing quantity of product to add in the cart!
2026-02-07 02:22:18 [TestNG-tests-3] INFO  LandingPage - incrementing quantity of searched product: 3
2026-02-07 02:22:18 [TestNG-tests-2] INFO  LandingPageStepDefinitions - user adding product to cart!
2026-02-07 02:22:18 [TestNG-tests-2] INFO  LandingPage - Adding product to cart!
2026-02-07 02:22:19 [TestNG-tests-2] INFO  CheckoutPageStepDefinitions - checking items!
2026-02-07 02:22:19 [TestNG-tests-2] INFO  CheckoutPage - Clicking on cartBag!
2026-02-07 02:22:19 [TestNG-tests-3] INFO  LandingPageStepDefinitions - user adding product to cart!
2026-02-07 02:22:19 [TestNG-tests-3] INFO  LandingPage - Adding product to cart!
2026-02-07 02:22:20 [TestNG-tests-2] INFO  CheckoutPage - Clicking on checkoutButton!
2026-02-07 02:22:20 [TestNG-tests-3] INFO  CheckoutPageStepDefinitions - checking items!
2026-02-07 02:22:20 [TestNG-tests-3] INFO  CheckoutPage - Clicking on cartBag!
2026-02-07 02:22:20 [TestNG-tests-2] INFO  CheckoutPageStepDefinitions - user is able to see promoBtn and placeOrder!
2026-02-07 02:22:20 [TestNG-tests-2] INFO  CheckoutPage - Verifying PromoBtn is displayed!
2026-02-07 02:22:21 [TestNG-tests-3] INFO  CheckoutPage - Clicking on checkoutButton!
2026-02-07 02:22:21 [TestNG-tests-3] INFO  CheckoutPageStepDefinitions - user is able to see promoBtn and placeOrder!
2026-02-07 02:22:21 [TestNG-tests-3] INFO  CheckoutPage - Verifying PromoBtn is displayed!
2026-02-07 02:22:21 [TestNG-tests-2] INFO  CheckoutPage - Verifying placeOrder is displayed!
2026-02-07 02:22:21 [TestNG-tests-2] INFO  Hooks - ===== ENDING SCENARIO: Search experience for product search in both home and offers page | STATUS: PASSED =====
2026-02-07 02:22:22 [TestNG-tests-3] INFO  CheckoutPage - Verifying placeOrder is displayed!
2026-02-07 02:22:22 [TestNG-tests-3] INFO  Hooks - ===== ENDING SCENARIO: Search experience for product search in both home and offers page | STATUS: PASSED =====
2026-02-07 02:23:13 [TestNG-tests-1] INFO  LandingPageStepDefinitions - User trying to get the title of landing page!
2026-02-07 02:23:13 [TestNG-tests-1] INFO  LandingPage - Getting title of LandingPage!
2026-02-07 02:23:13 [TestNG-tests-1] INFO  LandingPageStepDefinitions - User searching product on landing page
2026-02-07 02:23:13 [TestNG-tests-1] INFO  LandingPage - Searching product with name: Tom
2026-02-07 02:23:13 [TestNG-tests-1] INFO  LandingPageStepDefinitions - User capturting text of searched product!
2026-02-07 02:23:13 [TestNG-tests-1] INFO  LandingPage - Getting text of searched product!
2026-02-07 02:23:13 [TestNG-tests-1] INFO  LandingPageStepDefinitions - user is incrementing quantity of product to add in the cart!
2026-02-07 02:23:13 [TestNG-tests-1] INFO  LandingPage - incrementing quantity of searched product: 3
2026-02-07 02:23:14 [TestNG-tests-1] INFO  LandingPageStepDefinitions - user adding product to cart!
2026-02-07 02:23:14 [TestNG-tests-1] INFO  LandingPage - Adding product to cart!
2026-02-07 02:23:14 [TestNG-tests-1] INFO  CheckoutPageStepDefinitions - checking items!
2026-02-07 02:23:14 [TestNG-tests-1] INFO  CheckoutPage - Clicking on cartBag!
2026-02-07 02:23:14 [TestNG-tests-1] INFO  CheckoutPage - Clicking on checkoutButton!
2026-02-07 02:23:14 [TestNG-tests-1] INFO  CheckoutPageStepDefinitions - user is able to see promoBtn and placeOrder!
2026-02-07 02:23:14 [TestNG-tests-1] INFO  CheckoutPage - Verifying PromoBtn is displayed!
2026-02-07 02:23:15 [TestNG-tests-1] INFO  CheckoutPage - Verifying placeOrder is displayed!
2026-02-07 02:23:15 [TestNG-tests-1] INFO  Hooks - ===== ENDING SCENARIO: Search experience for product search in both home and offers page | STATUS: PASSED =====
2026-02-07 02:33:21 [main] INFO  Utils - [TestNG] Running:
  C:\Users\Sumit\CucumberSeleniumProject\Cross-Browser.xml

2026-02-07 02:33:22 [TestNG-PoolService-3] INFO  Hooks - ===== STARTING SCENARIO: Search experience for product search in both home and offers page =====
2026-02-07 02:33:22 [TestNG-PoolService-1] INFO  Hooks - ===== STARTING SCENARIO: Search experience for product search in both home and offers page =====
2026-02-07 02:33:22 [TestNG-PoolService-3] INFO  Hooks - ===== STARTING SCENARIO: Search experience for product search in both home and offers page =====
2026-02-07 02:33:22 [TestNG-PoolService-1] INFO  Hooks - ===== STARTING SCENARIO: Search experience for product search in both home and offers page =====
2026-02-07 02:33:22 [TestNG-PoolService-2] INFO  Hooks - ===== STARTING SCENARIO: Search experience for product search in both home and offers page =====
2026-02-07 02:33:22 [TestNG-PoolService-2] INFO  Hooks - ===== STARTING SCENARIO: Search experience for product search in both home and offers page =====
2026-02-07 02:33:22 [TestNG-PoolService-2] INFO  Hooks - ===== STARTING SCENARIO: Search experience for product search in both home and offers page =====
2026-02-07 02:33:22 [TestNG-PoolService-3] INFO  Hooks - ===== STARTING SCENARIO: Search experience for product search in both home and offers page =====
2026-02-07 02:33:22 [TestNG-PoolService-1] INFO  Hooks - ===== STARTING SCENARIO: Search experience for product search in both home and offers page =====
2026-02-07 02:33:22 [TestNG-PoolService-3] INFO  TestBase - Initializing browser: chrome
2026-02-07 02:33:22 [TestNG-PoolService-3] INFO  TestBase - Initializing browser: chrome
2026-02-07 02:33:22 [TestNG-PoolService-2] INFO  TestBase - Initializing browser: chrome
2026-02-07 02:33:22 [TestNG-PoolService-2] INFO  TestBase - Initializing browser: chrome
2026-02-07 02:33:22 [TestNG-PoolService-2] INFO  TestBase - Navigating to URL: https://rahulshettyacademy.com/seleniumPractise/#/
2026-02-07 02:33:22 [TestNG-PoolService-3] INFO  TestBase - Initializing browser: chrome
2026-02-07 02:33:22 [TestNG-PoolService-1] INFO  TestBase - Initializing browser: chrome
2026-02-07 02:33:22 [TestNG-PoolService-1] INFO  TestBase - Initializing browser: chrome
2026-02-07 02:33:22 [TestNG-PoolService-2] INFO  TestBase - Initializing browser: chrome
2026-02-07 02:33:22 [TestNG-PoolService-2] INFO  TestBase - Navigating to URL: https://rahulshettyacademy.com/seleniumPractise/#/
2026-02-07 02:33:22 [TestNG-PoolService-3] INFO  TestBase - Navigating to URL: https://rahulshettyacademy.com/seleniumPractise/#/
2026-02-07 02:33:22 [TestNG-PoolService-2] INFO  TestBase - Navigating to URL: https://rahulshettyacademy.com/seleniumPractise/#/
2026-02-07 02:33:22 [TestNG-PoolService-1] INFO  TestBase - Initializing browser: chrome
2026-02-07 02:33:22 [TestNG-PoolService-1] INFO  TestBase - Navigating to URL: https://rahulshettyacademy.com/seleniumPractise/#/
2026-02-07 02:33:22 [TestNG-PoolService-1] INFO  TestBase - Navigating to URL: https://rahulshettyacademy.com/seleniumPractise/#/
2026-02-07 02:33:22 [TestNG-PoolService-1] INFO  TestBase - Navigating to URL: https://rahulshettyacademy.com/seleniumPractise/#/
2026-02-07 02:33:22 [TestNG-PoolService-3] INFO  TestBase - Navigating to URL: https://rahulshettyacademy.com/seleniumPractise/#/
2026-02-07 02:33:22 [TestNG-PoolService-3] INFO  TestBase - Navigating to URL: https://rahulshettyacademy.com/seleniumPractise/#/
2026-02-07 02:33:34 [TestNG-PoolService-3] INFO  LandingPageStepDefinitions - User trying to get the title of landing page!
2026-02-07 02:33:34 [TestNG-PoolService-3] INFO  LandingPage - Getting title of LandingPage!
2026-02-07 02:33:48 [main] INFO  Utils - [Utils] MethodGroupsHelper.collectMethodsByGroup() took 1 ms.
2026-02-07 02:33:48 [main] INFO  Utils - [Utils] MethodGroupsHelper.sortMethods() took 2 ms.
2026-02-07 02:33:48 [main] INFO  Utils - [Utils] MethodGroupsHelper.collectMethodsByGroup() took 0 ms.
2026-02-07 02:33:48 [main] INFO  Utils - [Utils] MethodGroupsHelper.sortMethods() took 0 ms.
2026-02-07 02:33:48 [main] INFO  Utils - [Utils] MethodGroupsHelper.collectMethodsByGroup() took 0 ms.
2026-02-07 02:33:48 [main] INFO  Utils - [Utils] MethodGroupsHelper.sortMethods() took 0 ms.
2026-02-07 02:33:48 [main] INFO  Utils - [Utils] MethodGroupsHelper.collectMethodsByGroup() took 0 ms.
2026-02-07 02:33:48 [main] INFO  Utils - [Utils] MethodGroupsHelper.sortMethods() took 0 ms.
2026-02-07 02:33:48 [main] INFO  Utils - [Utils] MethodGroupsHelper.collectMethodsByGroup() took 0 ms.
2026-02-07 02:33:48 [main] INFO  Utils - [Utils] MethodGroupsHelper.sortMethods() took 13 ms.
2026-02-07 02:33:48 [main] INFO  Utils - [Utils] MethodGroupsHelper.collectMethodsByGroup() took 0 ms.
2026-02-07 02:33:48 [main] INFO  Utils - [Utils] MethodGroupsHelper.sortMethods() took 0 ms.
2026-02-07 02:33:48 [main] INFO  Utils - [Utils] MethodGroupsHelper.collectMethodsByGroup() took 0 ms.
2026-02-07 02:33:48 [main] INFO  Utils - [Utils] MethodGroupsHelper.sortMethods() took 0 ms.
2026-02-07 02:33:48 [main] INFO  Utils - [Utils] MethodGroupsHelper.collectMethodsByGroup() took 0 ms.
2026-02-07 02:33:48 [main] INFO  Utils - [Utils] MethodGroupsHelper.sortMethods() took 0 ms.
2026-02-07 02:33:48 [main] INFO  Utils - [Utils] MethodGroupsHelper.collectMethodsByGroup() took 0 ms.
2026-02-07 02:33:48 [main] INFO  Utils - [Utils] MethodGroupsHelper.sortMethods() took 0 ms.
2026-02-07 02:33:48 [main] INFO  Utils - [Utils] MethodGroupsHelper.collectMethodsByGroup() took 0 ms.
2026-02-07 02:33:48 [main] INFO  Utils - [Utils] MethodGroupsHelper.sortMethods() took 0 ms.
2026-02-07 02:33:48 [main] INFO  Utils - [Utils] MethodGroupsHelper.collectMethodsByGroup() took 0 ms.
2026-02-07 02:33:48 [main] INFO  Utils - [Utils] MethodGroupsHelper.sortMethods() took 0 ms.
2026-02-07 02:33:48 [main] INFO  Utils - [Utils] MethodGroupsHelper.collectMethodsByGroup() took 0 ms.
2026-02-07 02:33:48 [main] INFO  Utils - [Utils] MethodGroupsHelper.sortMethods() took 0 ms.
2026-02-07 02:33:48 [main] INFO  Utils - [Utils] MethodGroupsHelper.collectMethodsByGroup() took 2 ms.
2026-02-07 02:33:48 [main] INFO  Utils - [Utils] MethodGroupsHelper.sortMethods() took 0 ms.
2026-02-07 02:33:48 [main] INFO  Utils - [Utils] MethodGroupsHelper.collectMethodsByGroup() took 0 ms.
2026-02-07 02:33:48 [main] INFO  Utils - [Utils] MethodGroupsHelper.sortMethods() took 0 ms.
2026-02-07 02:33:48 [main] INFO  Utils - [Utils] MethodGroupsHelper.collectMethodsByGroup() took 0 ms.
2026-02-07 02:33:48 [main] INFO  Utils - [Utils] MethodGroupsHelper.sortMethods() took 0 ms.
2026-02-07 02:33:48 [main] INFO  Utils - [TestNG] Running:
  C:\Users\Sumit\AppData\Local\Temp\testng-eclipse-1907351377\testng-customsuite.xml

2026-02-07 02:33:48 [main] INFO  Utils - [Utils] DynamicGraphHelper.createDynamicGraph() took 4 ms.
2026-02-07 02:33:50 [TestNG-PoolService-3] INFO  Hooks - ===== STARTING SCENARIO: Search experience for product search in both home and offers page =====
2026-02-07 02:33:50 [TestNG-PoolService-2] INFO  Hooks - ===== STARTING SCENARIO: Search experience for product search in both home and offers page =====
2026-02-07 02:33:50 [TestNG-PoolService-1] INFO  Hooks - ===== STARTING SCENARIO: Search experience for product search in both home and offers page =====
2026-02-07 02:33:50 [TestNG-PoolService-2] INFO  TestBase - Initializing browser: chrome
2026-02-07 02:33:50 [TestNG-PoolService-3] INFO  TestBase - Initializing browser: chrome
2026-02-07 02:33:50 [TestNG-PoolService-1] INFO  TestBase - Initializing browser: chrome
2026-02-07 02:33:50 [TestNG-PoolService-3] INFO  TestBase - Navigating to URL: https://rahulshettyacademy.com/seleniumPractise/#/
2026-02-07 02:33:50 [TestNG-PoolService-1] INFO  TestBase - Navigating to URL: https://rahulshettyacademy.com/seleniumPractise/#/
2026-02-07 02:33:50 [TestNG-PoolService-2] INFO  TestBase - Navigating to URL: https://rahulshettyacademy.com/seleniumPractise/#/
2026-02-07 02:33:54 [TestNG-PoolService-2] INFO  LandingPageStepDefinitions - User trying to get the title of landing page!
2026-02-07 02:33:54 [TestNG-PoolService-1] INFO  LandingPageStepDefinitions - User trying to get the title of landing page!
2026-02-07 02:33:54 [TestNG-PoolService-1] INFO  LandingPage - Getting title of LandingPage!
2026-02-07 02:33:54 [TestNG-PoolService-3] INFO  LandingPageStepDefinitions - User trying to get the title of landing page!
2026-02-07 02:33:54 [TestNG-PoolService-3] INFO  LandingPage - Getting title of LandingPage!
2026-02-07 02:33:54 [TestNG-PoolService-2] INFO  LandingPage - Getting title of LandingPage!
2026-02-07 02:34:01 [TestNG-PoolService-1] INFO  LandingPageStepDefinitions - User searching product on landing page
2026-02-07 02:34:01 [TestNG-PoolService-3] INFO  LandingPageStepDefinitions - User searching product on landing page
2026-02-07 02:34:01 [TestNG-PoolService-3] INFO  LandingPage - Searching product with name: Beet
2026-02-07 02:34:01 [TestNG-PoolService-1] INFO  LandingPage - Searching product with name: Tom
2026-02-07 02:34:01 [TestNG-PoolService-1] INFO  LandingPageStepDefinitions - User capturting text of searched product!
2026-02-07 02:34:01 [TestNG-PoolService-1] INFO  LandingPage - Getting text of searched product!
2026-02-07 02:34:02 [TestNG-PoolService-3] INFO  LandingPageStepDefinitions - User capturting text of searched product!
2026-02-07 02:34:02 [TestNG-PoolService-3] INFO  LandingPage - Getting text of searched product!
2026-02-07 02:34:02 [TestNG-PoolService-1] INFO  LandingPageStepDefinitions - user is incrementing quantity of product to add in the cart!
2026-02-07 02:34:02 [TestNG-PoolService-1] INFO  LandingPage - incrementing quantity of searched product: 3
2026-02-07 02:34:02 [TestNG-PoolService-2] INFO  LandingPageStepDefinitions - User searching product on landing page
2026-02-07 02:34:02 [TestNG-PoolService-2] INFO  LandingPage - Searching product with name: Tom
2026-02-07 02:34:02 [TestNG-PoolService-2] INFO  LandingPageStepDefinitions - User capturting text of searched product!
2026-02-07 02:34:02 [TestNG-PoolService-2] INFO  LandingPage - Getting text of searched product!
2026-02-07 02:34:03 [TestNG-PoolService-1] INFO  LandingPageStepDefinitions - user adding product to cart!
2026-02-07 02:34:03 [TestNG-PoolService-1] INFO  LandingPage - Adding product to cart!
2026-02-07 02:34:03 [TestNG-PoolService-1] INFO  CheckoutPageStepDefinitions - checking items!
2026-02-07 02:34:03 [TestNG-PoolService-1] INFO  CheckoutPage - Clicking on cartBag!
2026-02-07 02:34:03 [TestNG-PoolService-1] INFO  CheckoutPage - Clicking on checkoutButton!
2026-02-07 02:34:03 [TestNG-PoolService-2] INFO  OffersPageStepDefinitions - user switching to offers page
2026-02-07 02:34:03 [TestNG-PoolService-2] INFO  LandingPage - Opening topDeals page!
2026-02-07 02:34:03 [TestNG-PoolService-1] INFO  CheckoutPageStepDefinitions - user is able to see promoBtn and placeOrder!
2026-02-07 02:34:03 [TestNG-PoolService-1] INFO  CheckoutPage - Verifying PromoBtn is displayed!
2026-02-07 02:34:03 [TestNG-PoolService-2] INFO  OffersPageStepDefinitions - user searching item offerspage
2026-02-07 02:34:03 [TestNG-PoolService-2] INFO  OffersPage - Entering product name into search field!
2026-02-07 02:34:04 [TestNG-PoolService-1] INFO  CheckoutPage - Verifying placeOrder is displayed!
2026-02-07 02:34:04 [TestNG-PoolService-1] INFO  Hooks - ===== ENDING SCENARIO: Search experience for product search in both home and offers page | STATUS: PASSED =====
2026-02-07 02:34:05 [TestNG-PoolService-2] INFO  OffersPageStepDefinitions - user capturing product name!
2026-02-07 02:34:05 [TestNG-PoolService-2] INFO  OffersPage - capturing productName text!
2026-02-07 02:34:05 [TestNG-PoolService-2] INFO  OffersPageStepDefinitions - user verifying product name is matching on landing and offersPage!
2026-02-07 02:34:05 [TestNG-PoolService-2] INFO  Hooks - ===== ENDING SCENARIO: Search experience for product search in both home and offers page | STATUS: PASSED =====
2026-02-07 02:34:12 [TestNG-PoolService-3] INFO  Hooks - ===== ENDING SCENARIO: Search experience for product search in both home and offers page | STATUS: FAILED =====
2026-02-07 02:34:13 [main] INFO  Utils - [TestNG] Time taken by org.testng.reporters.jq.Main@6415f61e: 96 ms
2026-02-07 02:34:13 [main] INFO  Utils - [TestNG] Time taken by org.testng.reporters.FailedReporter@68565bc7: 23 ms
2026-02-07 02:34:13 [main] INFO  Utils - [TestNG] Time taken by org.testng.reporters.XMLReporter@60c73e58: 10 ms
2026-02-07 02:34:13 [main] INFO  Utils - [TestNG] Time taken by org.testng.reporters.EmailableReporter2@141d3d43: 8 ms
2026-02-07 02:34:13 [main] INFO  Utils - [TestNG] Time taken by org.testng.reporters.JUnitReportReporter@44af588b: 8 ms
2026-02-07 02:34:13 [main] INFO  Utils - [TestNG] Time taken by org.testng.internal.ExitCodeListener@3d19d85: 0 ms
2026-02-07 02:48:19 [main] INFO  Utils - [Utils] MethodGroupsHelper.collectMethodsByGroup() took 0 ms.
2026-02-07 02:48:19 [main] INFO  Utils - [Utils] MethodGroupsHelper.sortMethods() took 5 ms.
2026-02-07 02:48:19 [main] INFO  Utils - [Utils] MethodGroupsHelper.collectMethodsByGroup() took 0 ms.
2026-02-07 02:48:19 [main] INFO  Utils - [Utils] MethodGroupsHelper.sortMethods() took 0 ms.
2026-02-07 02:48:19 [main] INFO  Utils - [Utils] MethodGroupsHelper.collectMethodsByGroup() took 0 ms.
2026-02-07 02:48:19 [main] INFO  Utils - [Utils] MethodGroupsHelper.sortMethods() took 0 ms.
2026-02-07 02:48:19 [main] INFO  Utils - [Utils] MethodGroupsHelper.collectMethodsByGroup() took 0 ms.
2026-02-07 02:48:19 [main] INFO  Utils - [Utils] MethodGroupsHelper.sortMethods() took 0 ms.
2026-02-07 02:48:19 [main] INFO  Utils - [Utils] MethodGroupsHelper.collectMethodsByGroup() took 0 ms.
2026-02-07 02:48:19 [main] INFO  Utils - [Utils] MethodGroupsHelper.sortMethods() took 23 ms.
2026-02-07 02:48:19 [main] INFO  Utils - [Utils] MethodGroupsHelper.collectMethodsByGroup() took 0 ms.
2026-02-07 02:48:19 [main] INFO  Utils - [Utils] MethodGroupsHelper.sortMethods() took 0 ms.
2026-02-07 02:48:19 [main] INFO  Utils - [Utils] MethodGroupsHelper.collectMethodsByGroup() took 0 ms.
2026-02-07 02:48:19 [main] INFO  Utils - [Utils] MethodGroupsHelper.sortMethods() took 0 ms.
2026-02-07 02:48:19 [main] INFO  Utils - [Utils] MethodGroupsHelper.collectMethodsByGroup() took 0 ms.
2026-02-07 02:48:19 [main] INFO  Utils - [Utils] MethodGroupsHelper.sortMethods() took 0 ms.
2026-02-07 02:48:19 [main] INFO  Utils - [Utils] MethodGroupsHelper.collectMethodsByGroup() took 0 ms.
2026-02-07 02:48:19 [main] INFO  Utils - [Utils] MethodGroupsHelper.sortMethods() took 0 ms.
2026-02-07 02:48:19 [main] INFO  Utils - [Utils] MethodGroupsHelper.collectMethodsByGroup() took 0 ms.
2026-02-07 02:48:19 [main] INFO  Utils - [Utils] MethodGroupsHelper.sortMethods() took 0 ms.
2026-02-07 02:48:19 [main] INFO  Utils - [Utils] MethodGroupsHelper.collectMethodsByGroup() took 0 ms.
2026-02-07 02:48:19 [main] INFO  Utils - [Utils] MethodGroupsHelper.sortMethods() took 0 ms.
2026-02-07 02:48:19 [main] INFO  Utils - [Utils] MethodGroupsHelper.collectMethodsByGroup() took 0 ms.
2026-02-07 02:48:19 [main] INFO  Utils - [Utils] MethodGroupsHelper.sortMethods() took 0 ms.
2026-02-07 02:48:19 [main] INFO  Utils - [Utils] MethodGroupsHelper.collectMethodsByGroup() took 5 ms.
2026-02-07 02:48:19 [main] INFO  Utils - [Utils] MethodGroupsHelper.sortMethods() took 0 ms.
2026-02-07 02:48:19 [main] INFO  Utils - [Utils] MethodGroupsHelper.collectMethodsByGroup() took 0 ms.
2026-02-07 02:48:19 [main] INFO  Utils - [Utils] MethodGroupsHelper.sortMethods() took 0 ms.
2026-02-07 02:48:19 [main] INFO  Utils - [Utils] MethodGroupsHelper.collectMethodsByGroup() took 0 ms.
2026-02-07 02:48:19 [main] INFO  Utils - [Utils] MethodGroupsHelper.sortMethods() took 0 ms.
2026-02-07 02:48:19 [main] INFO  Utils - [TestNG] Running:
  C:\Users\Sumit\AppData\Local\Temp\testng-eclipse-872815779\testng-customsuite.xml

2026-02-07 02:48:19 [main] INFO  Utils - [Utils] DynamicGraphHelper.createDynamicGraph() took 13 ms.
2026-02-07 02:48:20 [TestNG-PoolService-2] INFO  Hooks - ===== STARTING SCENARIO: Search experience for product search in both home and offers page =====
2026-02-07 02:48:20 [TestNG-PoolService-3] INFO  Hooks - ===== STARTING SCENARIO: Search experience for product search in both home and offers page =====
2026-02-07 02:48:20 [TestNG-PoolService-1] INFO  Hooks - ===== STARTING SCENARIO: Search experience for product search in both home and offers page =====
2026-02-07 02:48:20 [TestNG-PoolService-1] INFO  TestBase - Execution Mode: local        # local | grid
2026-02-07 02:48:20 [TestNG-PoolService-2] INFO  TestBase - Execution Mode: local        # local | grid
2026-02-07 02:48:20 [TestNG-PoolService-3] INFO  TestBase - Execution Mode: local        # local | grid
2026-02-07 02:48:20 [TestNG-PoolService-2] INFO  TestBase - Browser: chrome         # chrome | firefox | edge
2026-02-07 02:48:20 [TestNG-PoolService-1] INFO  TestBase - Browser: chrome         # chrome | firefox | edge
2026-02-07 02:48:20 [TestNG-PoolService-2] INFO  TestBase - URL: https://rahulshettyacademy.com/seleniumPractise/#/
2026-02-07 02:48:20 [TestNG-PoolService-3] INFO  TestBase - Browser: chrome         # chrome | firefox | edge
2026-02-07 02:48:20 [TestNG-PoolService-1] INFO  TestBase - URL: https://rahulshettyacademy.com/seleniumPractise/#/
2026-02-07 02:48:20 [TestNG-PoolService-3] INFO  TestBase - URL: https://rahulshettyacademy.com/seleniumPractise/#/
2026-02-07 02:48:20 [TestNG-PoolService-2] INFO  Hooks - ===== ENDING SCENARIO: Search experience for product search in both home and offers page | STATUS: FAILED =====
2026-02-07 02:48:20 [TestNG-PoolService-1] INFO  Hooks - ===== ENDING SCENARIO: Search experience for product search in both home and offers page | STATUS: FAILED =====
2026-02-07 02:48:20 [TestNG-PoolService-3] INFO  Hooks - ===== ENDING SCENARIO: Search experience for product search in both home and offers page | STATUS: FAILED =====
2026-02-07 02:48:21 [main] INFO  Utils - [TestNG] Time taken by org.testng.reporters.jq.Main@33f2df51: 93 ms
2026-02-07 02:48:21 [main] INFO  Utils - [TestNG] Time taken by org.testng.reporters.FailedReporter@38830ea: 28 ms
2026-02-07 02:48:21 [main] INFO  Utils - [TestNG] Time taken by org.testng.reporters.XMLReporter@77ab22be: 17 ms
2026-02-07 02:48:21 [main] INFO  Utils - [TestNG] Time taken by org.testng.reporters.EmailableReporter2@42aae04d: 11 ms
2026-02-07 02:48:21 [main] INFO  Utils - [TestNG] Time taken by org.testng.reporters.JUnitReportReporter@3456558: 8 ms
2026-02-07 02:48:21 [main] INFO  Utils - [TestNG] Time taken by org.testng.internal.ExitCodeListener@2dfb885e: 0 ms
2026-02-07 02:52:01 [main] INFO  Utils - [Utils] MethodGroupsHelper.collectMethodsByGroup() took 1 ms.
2026-02-07 02:52:01 [main] INFO  Utils - [Utils] MethodGroupsHelper.sortMethods() took 2 ms.
2026-02-07 02:52:01 [main] INFO  Utils - [Utils] MethodGroupsHelper.collectMethodsByGroup() took 0 ms.
2026-02-07 02:52:01 [main] INFO  Utils - [Utils] MethodGroupsHelper.sortMethods() took 0 ms.
2026-02-07 02:52:01 [main] INFO  Utils - [Utils] MethodGroupsHelper.collectMethodsByGroup() took 0 ms.
2026-02-07 02:52:01 [main] INFO  Utils - [Utils] MethodGroupsHelper.sortMethods() took 0 ms.
2026-02-07 02:52:01 [main] INFO  Utils - [Utils] MethodGroupsHelper.collectMethodsByGroup() took 0 ms.
2026-02-07 02:52:01 [main] INFO  Utils - [Utils] MethodGroupsHelper.sortMethods() took 0 ms.
2026-02-07 02:52:01 [main] INFO  Utils - [Utils] MethodGroupsHelper.collectMethodsByGroup() took 0 ms.
2026-02-07 02:52:01 [main] INFO  Utils - [Utils] MethodGroupsHelper.sortMethods() took 16 ms.
2026-02-07 02:52:01 [main] INFO  Utils - [Utils] MethodGroupsHelper.collectMethodsByGroup() took 0 ms.
2026-02-07 02:52:01 [main] INFO  Utils - [Utils] MethodGroupsHelper.sortMethods() took 1 ms.
2026-02-07 02:52:01 [main] INFO  Utils - [Utils] MethodGroupsHelper.collectMethodsByGroup() took 0 ms.
2026-02-07 02:52:01 [main] INFO  Utils - [Utils] MethodGroupsHelper.sortMethods() took 0 ms.
2026-02-07 02:52:01 [main] INFO  Utils - [Utils] MethodGroupsHelper.collectMethodsByGroup() took 0 ms.
2026-02-07 02:52:01 [main] INFO  Utils - [Utils] MethodGroupsHelper.sortMethods() took 0 ms.
2026-02-07 02:52:01 [main] INFO  Utils - [Utils] MethodGroupsHelper.collectMethodsByGroup() took 0 ms.
2026-02-07 02:52:01 [main] INFO  Utils - [Utils] MethodGroupsHelper.sortMethods() took 0 ms.
2026-02-07 02:52:01 [main] INFO  Utils - [Utils] MethodGroupsHelper.collectMethodsByGroup() took 0 ms.
2026-02-07 02:52:01 [main] INFO  Utils - [Utils] MethodGroupsHelper.sortMethods() took 0 ms.
2026-02-07 02:52:01 [main] INFO  Utils - [Utils] MethodGroupsHelper.collectMethodsByGroup() took 0 ms.
2026-02-07 02:52:01 [main] INFO  Utils - [Utils] MethodGroupsHelper.sortMethods() took 0 ms.
2026-02-07 02:52:01 [main] INFO  Utils - [Utils] MethodGroupsHelper.collectMethodsByGroup() took 0 ms.
2026-02-07 02:52:01 [main] INFO  Utils - [Utils] MethodGroupsHelper.sortMethods() took 0 ms.
2026-02-07 02:52:01 [main] INFO  Utils - [Utils] MethodGroupsHelper.collectMethodsByGroup() took 2 ms.
2026-02-07 02:52:01 [main] INFO  Utils - [Utils] MethodGroupsHelper.sortMethods() took 0 ms.
2026-02-07 02:52:01 [main] INFO  Utils - [Utils] MethodGroupsHelper.collectMethodsByGroup() took 0 ms.
2026-02-07 02:52:01 [main] INFO  Utils - [Utils] MethodGroupsHelper.sortMethods() took 0 ms.
2026-02-07 02:52:01 [main] INFO  Utils - [Utils] MethodGroupsHelper.collectMethodsByGroup() took 0 ms.
2026-02-07 02:52:01 [main] INFO  Utils - [Utils] MethodGroupsHelper.sortMethods() took 0 ms.
2026-02-07 02:52:01 [main] INFO  Utils - [TestNG] Running:
  C:\Users\Sumit\AppData\Local\Temp\testng-eclipse-1459110162\testng-customsuite.xml

2026-02-07 02:52:01 [main] INFO  Utils - [Utils] DynamicGraphHelper.createDynamicGraph() took 6 ms.
2026-02-07 02:52:03 [TestNG-PoolService-2] INFO  Hooks - ===== STARTING SCENARIO: Search experience for product search in both home and offers page =====
2026-02-07 02:52:03 [TestNG-PoolService-3] INFO  Hooks - ===== STARTING SCENARIO: Search experience for product search in both home and offers page =====
2026-02-07 02:52:03 [TestNG-PoolService-1] INFO  Hooks - ===== STARTING SCENARIO: Search experience for product search in both home and offers page =====
2026-02-07 02:52:03 [TestNG-PoolService-2] INFO  TestBase - Initializing browser: chrome
2026-02-07 02:52:03 [TestNG-PoolService-3] INFO  TestBase - Initializing browser: chrome
2026-02-07 02:52:03 [TestNG-PoolService-3] INFO  TestBase - Navigating to URL: https://rahulshettyacademy.com/seleniumPractise/#/
2026-02-07 02:52:03 [TestNG-PoolService-2] INFO  TestBase - Navigating to URL: https://rahulshettyacademy.com/seleniumPractise/#/
2026-02-07 02:52:03 [TestNG-PoolService-1] INFO  TestBase - Initializing browser: chrome
2026-02-07 02:52:03 [TestNG-PoolService-1] INFO  TestBase - Navigating to URL: https://rahulshettyacademy.com/seleniumPractise/#/
2026-02-07 02:52:16 [TestNG-PoolService-1] INFO  LandingPageStepDefinitions - User trying to get the title of landing page!
2026-02-07 02:52:16 [TestNG-PoolService-1] INFO  LandingPage - Getting title of LandingPage!
2026-02-07 02:52:16 [TestNG-PoolService-1] INFO  LandingPageStepDefinitions - User searching product on landing page
2026-02-07 02:52:16 [TestNG-PoolService-1] INFO  LandingPage - Searching product with name: Tom
2026-02-07 02:52:16 [TestNG-PoolService-1] INFO  LandingPageStepDefinitions - User capturting text of searched product!
2026-02-07 02:52:16 [TestNG-PoolService-1] INFO  LandingPage - Getting text of searched product!
2026-02-07 02:52:16 [TestNG-PoolService-3] INFO  LandingPageStepDefinitions - User trying to get the title of landing page!
2026-02-07 02:52:16 [TestNG-PoolService-3] INFO  LandingPage - Getting title of LandingPage!
2026-02-07 02:52:16 [TestNG-PoolService-3] INFO  LandingPageStepDefinitions - User searching product on landing page
2026-02-07 02:52:16 [TestNG-PoolService-3] INFO  LandingPage - Searching product with name: Beet
2026-02-07 02:52:17 [TestNG-PoolService-1] INFO  LandingPageStepDefinitions - user is incrementing quantity of product to add in the cart!
2026-02-07 02:52:17 [TestNG-PoolService-1] INFO  LandingPage - incrementing quantity of searched product: 3
2026-02-07 02:52:17 [TestNG-PoolService-2] INFO  LandingPageStepDefinitions - User trying to get the title of landing page!
2026-02-07 02:52:17 [TestNG-PoolService-2] INFO  LandingPage - Getting title of LandingPage!
2026-02-07 02:52:17 [TestNG-PoolService-3] INFO  LandingPageStepDefinitions - User capturting text of searched product!
2026-02-07 02:52:17 [TestNG-PoolService-3] INFO  LandingPage - Getting text of searched product!
2026-02-07 02:52:17 [TestNG-PoolService-2] INFO  LandingPageStepDefinitions - User searching product on landing page
2026-02-07 02:52:17 [TestNG-PoolService-2] INFO  LandingPage - Searching product with name: Tom
2026-02-07 02:52:17 [TestNG-PoolService-2] INFO  LandingPageStepDefinitions - User capturting text of searched product!
2026-02-07 02:52:17 [TestNG-PoolService-2] INFO  LandingPage - Getting text of searched product!
2026-02-07 02:52:17 [TestNG-PoolService-1] INFO  LandingPageStepDefinitions - user adding product to cart!
2026-02-07 02:52:17 [TestNG-PoolService-1] INFO  LandingPage - Adding product to cart!
2026-02-07 02:52:17 [TestNG-PoolService-1] INFO  CheckoutPageStepDefinitions - checking items!
2026-02-07 02:52:17 [TestNG-PoolService-1] INFO  CheckoutPage - Clicking on cartBag!
2026-02-07 02:52:18 [TestNG-PoolService-2] INFO  OffersPageStepDefinitions - user switching to offers page
2026-02-07 02:52:18 [TestNG-PoolService-2] INFO  LandingPage - Opening topDeals page!
2026-02-07 02:52:18 [TestNG-PoolService-2] INFO  OffersPageStepDefinitions - user searching item offerspage
2026-02-07 02:52:18 [TestNG-PoolService-2] INFO  OffersPage - Entering product name into search field!
2026-02-07 02:52:18 [TestNG-PoolService-1] INFO  CheckoutPage - Clicking on checkoutButton!
2026-02-07 02:52:18 [TestNG-PoolService-1] INFO  CheckoutPageStepDefinitions - user is able to see promoBtn and placeOrder!
2026-02-07 02:52:18 [TestNG-PoolService-1] INFO  CheckoutPage - Verifying PromoBtn is displayed!
2026-02-07 02:52:19 [TestNG-PoolService-1] INFO  CheckoutPage - Verifying placeOrder is displayed!
2026-02-07 02:52:19 [TestNG-PoolService-1] INFO  Hooks - ===== ENDING SCENARIO: Search experience for product search in both home and offers page | STATUS: PASSED =====
2026-02-07 02:52:20 [TestNG-PoolService-2] INFO  OffersPageStepDefinitions - user capturing product name!
2026-02-07 02:52:20 [TestNG-PoolService-2] INFO  OffersPage - capturing productName text!
2026-02-07 02:52:20 [TestNG-PoolService-2] INFO  OffersPageStepDefinitions - user verifying product name is matching on landing and offersPage!
2026-02-07 02:52:20 [TestNG-PoolService-2] INFO  Hooks - ===== ENDING SCENARIO: Search experience for product search in both home and offers page | STATUS: PASSED =====
2026-02-07 02:52:27 [TestNG-PoolService-3] INFO  Hooks - ===== ENDING SCENARIO: Search experience for product search in both home and offers page | STATUS: FAILED =====
2026-02-07 02:52:28 [main] INFO  Utils - [TestNG] Time taken by org.testng.reporters.jq.Main@6415f61e: 81 ms
2026-02-07 02:52:28 [main] INFO  Utils - [TestNG] Time taken by org.testng.reporters.FailedReporter@68565bc7: 22 ms
2026-02-07 02:52:28 [main] INFO  Utils - [TestNG] Time taken by org.testng.reporters.XMLReporter@60c73e58: 9 ms
2026-02-07 02:52:28 [main] INFO  Utils - [TestNG] Time taken by org.testng.reporters.EmailableReporter2@141d3d43: 9 ms
2026-02-07 02:52:28 [main] INFO  Utils - [TestNG] Time taken by org.testng.reporters.JUnitReportReporter@44af588b: 8 ms
2026-02-07 02:52:28 [main] INFO  Utils - [TestNG] Time taken by org.testng.internal.ExitCodeListener@3d19d85: 0 ms
2026-02-07 03:00:05 [main] INFO  Utils - [Utils] MethodGroupsHelper.collectMethodsByGroup() took 1 ms.
2026-02-07 03:00:05 [main] INFO  Utils - [Utils] MethodGroupsHelper.sortMethods() took 4 ms.
2026-02-07 03:00:05 [main] INFO  Utils - [Utils] MethodGroupsHelper.collectMethodsByGroup() took 0 ms.
2026-02-07 03:00:05 [main] INFO  Utils - [Utils] MethodGroupsHelper.sortMethods() took 0 ms.
2026-02-07 03:00:05 [main] INFO  Utils - [Utils] MethodGroupsHelper.collectMethodsByGroup() took 0 ms.
2026-02-07 03:00:05 [main] INFO  Utils - [Utils] MethodGroupsHelper.sortMethods() took 0 ms.
2026-02-07 03:00:05 [main] INFO  Utils - [Utils] MethodGroupsHelper.collectMethodsByGroup() took 0 ms.
2026-02-07 03:00:05 [main] INFO  Utils - [Utils] MethodGroupsHelper.sortMethods() took 0 ms.
2026-02-07 03:00:05 [main] INFO  Utils - [Utils] MethodGroupsHelper.collectMethodsByGroup() took 1 ms.
2026-02-07 03:00:05 [main] INFO  Utils - [Utils] MethodGroupsHelper.sortMethods() took 34 ms.
2026-02-07 03:00:05 [main] INFO  Utils - [Utils] MethodGroupsHelper.collectMethodsByGroup() took 1 ms.
2026-02-07 03:00:05 [main] INFO  Utils - [Utils] MethodGroupsHelper.sortMethods() took 1 ms.
2026-02-07 03:00:05 [main] INFO  Utils - [Utils] MethodGroupsHelper.collectMethodsByGroup() took 0 ms.
2026-02-07 03:00:05 [main] INFO  Utils - [Utils] MethodGroupsHelper.sortMethods() took 0 ms.
2026-02-07 03:00:05 [main] INFO  Utils - [Utils] MethodGroupsHelper.collectMethodsByGroup() took 0 ms.
2026-02-07 03:00:05 [main] INFO  Utils - [Utils] MethodGroupsHelper.sortMethods() took 0 ms.
2026-02-07 03:00:05 [main] INFO  Utils - [Utils] MethodGroupsHelper.collectMethodsByGroup() took 0 ms.
2026-02-07 03:00:05 [main] INFO  Utils - [Utils] MethodGroupsHelper.sortMethods() took 0 ms.
2026-02-07 03:00:05 [main] INFO  Utils - [Utils] MethodGroupsHelper.collectMethodsByGroup() took 0 ms.
2026-02-07 03:00:05 [main] INFO  Utils - [Utils] MethodGroupsHelper.sortMethods() took 0 ms.
2026-02-07 03:00:05 [main] INFO  Utils - [Utils] MethodGroupsHelper.collectMethodsByGroup() took 0 ms.
2026-02-07 03:00:05 [main] INFO  Utils - [Utils] MethodGroupsHelper.sortMethods() took 0 ms.
2026-02-07 03:00:05 [main] INFO  Utils - [Utils] MethodGroupsHelper.collectMethodsByGroup() took 0 ms.
2026-02-07 03:00:05 [main] INFO  Utils - [Utils] MethodGroupsHelper.sortMethods() took 0 ms.
2026-02-07 03:00:05 [main] INFO  Utils - [Utils] MethodGroupsHelper.collectMethodsByGroup() took 4 ms.
2026-02-07 03:00:05 [main] INFO  Utils - [Utils] MethodGroupsHelper.sortMethods() took 1 ms.
2026-02-07 03:00:05 [main] INFO  Utils - [Utils] MethodGroupsHelper.collectMethodsByGroup() took 0 ms.
2026-02-07 03:00:05 [main] INFO  Utils - [Utils] MethodGroupsHelper.sortMethods() took 0 ms.
2026-02-07 03:00:05 [main] INFO  Utils - [Utils] MethodGroupsHelper.collectMethodsByGroup() took 0 ms.
2026-02-07 03:00:05 [main] INFO  Utils - [Utils] MethodGroupsHelper.sortMethods() took 0 ms.
2026-02-07 03:00:05 [main] INFO  Utils - [TestNG] Running:
  C:\Users\Sumit\AppData\Local\Temp\testng-eclipse-1115972151\testng-customsuite.xml

2026-02-07 03:00:05 [main] INFO  Utils - [Utils] DynamicGraphHelper.createDynamicGraph() took 13 ms.
2026-02-07 03:00:07 [main] INFO  Hooks - ===== STARTING SCENARIO: Search experience for product search in both home and offers page =====
2026-02-07 03:00:07 [main] INFO  TestBase - Initializing browser: chrome
2026-02-07 03:00:07 [main] INFO  TestBase - Navigating to URL: https://rahulshettyacademy.com/seleniumPractise/#/
2026-02-07 03:00:14 [main] INFO  LandingPageStepDefinitions - User trying to get the title of landing page!
2026-02-07 03:00:14 [main] INFO  LandingPage - Getting title of LandingPage!
2026-02-07 03:00:14 [main] INFO  LandingPageStepDefinitions - User searching product on landing page
2026-02-07 03:00:14 [main] INFO  LandingPage - Searching product with name: Tom
2026-02-07 03:00:14 [main] INFO  LandingPageStepDefinitions - User capturting text of searched product!
2026-02-07 03:00:14 [main] INFO  LandingPage - Getting text of searched product!
2026-02-07 03:00:15 [main] INFO  LandingPageStepDefinitions - user is incrementing quantity of product to add in the cart!
2026-02-07 03:00:15 [main] INFO  LandingPage - incrementing quantity of searched product: 3
2026-02-07 03:00:15 [main] INFO  LandingPageStepDefinitions - user adding product to cart!
2026-02-07 03:00:15 [main] INFO  LandingPage - Adding product to cart!
2026-02-07 03:00:16 [main] INFO  CheckoutPageStepDefinitions - checking items!
2026-02-07 03:00:16 [main] INFO  CheckoutPage - Clicking on cartBag!
2026-02-07 03:00:16 [main] INFO  CheckoutPage - Clicking on checkoutButton!
2026-02-07 03:00:16 [main] INFO  CheckoutPageStepDefinitions - user is able to see promoBtn and placeOrder!
2026-02-07 03:00:16 [main] INFO  CheckoutPage - Verifying PromoBtn is displayed!
2026-02-07 03:00:17 [main] INFO  CheckoutPage - Verifying placeOrder is displayed!
2026-02-07 03:00:17 [main] INFO  Hooks - ===== ENDING SCENARIO: Search experience for product search in both home and offers page | STATUS: PASSED =====
2026-02-07 03:00:17 [main] INFO  Hooks - ===== STARTING SCENARIO: Search experience for product search in both home and offers page =====
2026-02-07 03:00:17 [main] INFO  TestBase - Initializing browser: chrome
2026-02-07 03:00:17 [main] INFO  TestBase - Navigating to URL: https://rahulshettyacademy.com/seleniumPractise/#/
2026-02-07 03:00:22 [main] INFO  LandingPageStepDefinitions - User trying to get the title of landing page!
2026-02-07 03:00:22 [main] INFO  LandingPage - Getting title of LandingPage!
2026-02-07 03:00:22 [main] INFO  LandingPageStepDefinitions - User searching product on landing page
2026-02-07 03:00:22 [main] INFO  LandingPage - Searching product with name: Tom
2026-02-07 03:00:23 [main] INFO  LandingPageStepDefinitions - User capturting text of searched product!
2026-02-07 03:00:23 [main] INFO  LandingPage - Getting text of searched product!
2026-02-07 03:00:23 [main] INFO  OffersPageStepDefinitions - user switching to offers page
2026-02-07 03:00:23 [main] INFO  LandingPage - Opening topDeals page!
2026-02-07 03:00:23 [main] INFO  OffersPageStepDefinitions - user searching item offerspage
2026-02-07 03:00:23 [main] INFO  OffersPage - Entering product name into search field!
2026-02-07 03:00:25 [main] INFO  OffersPageStepDefinitions - user capturing product name!
2026-02-07 03:00:25 [main] INFO  OffersPage - capturing productName text!
2026-02-07 03:00:25 [main] INFO  OffersPageStepDefinitions - user verifying product name is matching on landing and offersPage!
2026-02-07 03:00:25 [main] INFO  Hooks - ===== ENDING SCENARIO: Search experience for product search in both home and offers page | STATUS: PASSED =====
2026-02-07 03:00:25 [main] INFO  Hooks - ===== STARTING SCENARIO: Search experience for product search in both home and offers page =====
2026-02-07 03:00:25 [main] INFO  TestBase - Initializing browser: chrome
2026-02-07 03:00:25 [main] INFO  TestBase - Navigating to URL: https://rahulshettyacademy.com/seleniumPractise/#/
2026-02-07 03:00:27 [main] INFO  LandingPageStepDefinitions - User trying to get the title of landing page!
2026-02-07 03:00:27 [main] INFO  LandingPage - Getting title of LandingPage!
2026-02-07 03:00:30 [main] INFO  LandingPageStepDefinitions - User searching product on landing page
2026-02-07 03:00:30 [main] INFO  LandingPage - Searching product with name: Beet
2026-02-07 03:00:30 [main] INFO  LandingPageStepDefinitions - User capturting text of searched product!
2026-02-07 03:00:30 [main] INFO  LandingPage - Getting text of searched product!
2026-02-07 03:00:41 [main] INFO  Hooks - ===== ENDING SCENARIO: Search experience for product search in both home and offers page | STATUS: FAILED =====
2026-02-07 03:00:42 [main] INFO  Utils - [TestNG] Time taken by org.testng.reporters.jq.Main@1934339: 162 ms
2026-02-07 03:00:42 [main] INFO  Utils - [TestNG] Time taken by org.testng.reporters.FailedReporter@25d911a: 61 ms
2026-02-07 03:00:43 [main] INFO  Utils - [TestNG] Time taken by org.testng.reporters.XMLReporter@590013c7: 22 ms
2026-02-07 03:00:43 [main] INFO  Utils - [TestNG] Time taken by org.testng.reporters.EmailableReporter2@68e47e7: 11 ms
2026-02-07 03:00:43 [main] INFO  Utils - [TestNG] Time taken by org.testng.reporters.JUnitReportReporter@5409dfdd: 20 ms
2026-02-07 03:00:43 [main] INFO  Utils - [TestNG] Time taken by org.testng.internal.ExitCodeListener@45f9d394: 0 ms
2026-02-07 03:12:08 [main] INFO  Utils - [Utils] MethodGroupsHelper.collectMethodsByGroup() took 1 ms.
2026-02-07 03:12:08 [main] INFO  Utils - [Utils] MethodGroupsHelper.sortMethods() took 1 ms.
2026-02-07 03:12:08 [main] INFO  Utils - [Utils] MethodGroupsHelper.collectMethodsByGroup() took 0 ms.
2026-02-07 03:12:08 [main] INFO  Utils - [Utils] MethodGroupsHelper.sortMethods() took 0 ms.
2026-02-07 03:12:08 [main] INFO  Utils - [Utils] MethodGroupsHelper.collectMethodsByGroup() took 0 ms.
2026-02-07 03:12:08 [main] INFO  Utils - [Utils] MethodGroupsHelper.sortMethods() took 0 ms.
2026-02-07 03:12:08 [main] INFO  Utils - [Utils] MethodGroupsHelper.collectMethodsByGroup() took 0 ms.
2026-02-07 03:12:08 [main] INFO  Utils - [Utils] MethodGroupsHelper.sortMethods() took 0 ms.
2026-02-07 03:12:08 [main] INFO  Utils - [Utils] MethodGroupsHelper.collectMethodsByGroup() took 0 ms.
2026-02-07 03:12:08 [main] INFO  Utils - [Utils] MethodGroupsHelper.sortMethods() took 15 ms.
2026-02-07 03:12:08 [main] INFO  Utils - [Utils] MethodGroupsHelper.collectMethodsByGroup() took 0 ms.
2026-02-07 03:12:08 [main] INFO  Utils - [Utils] MethodGroupsHelper.sortMethods() took 0 ms.
2026-02-07 03:12:08 [main] INFO  Utils - [Utils] MethodGroupsHelper.collectMethodsByGroup() took 0 ms.
2026-02-07 03:12:08 [main] INFO  Utils - [Utils] MethodGroupsHelper.sortMethods() took 0 ms.
2026-02-07 03:12:08 [main] INFO  Utils - [Utils] MethodGroupsHelper.collectMethodsByGroup() took 0 ms.
2026-02-07 03:12:08 [main] INFO  Utils - [Utils] MethodGroupsHelper.sortMethods() took 0 ms.
2026-02-07 03:12:08 [main] INFO  Utils - [Utils] MethodGroupsHelper.collectMethodsByGroup() took 0 ms.
2026-02-07 03:12:08 [main] INFO  Utils - [Utils] MethodGroupsHelper.sortMethods() took 0 ms.
2026-02-07 03:12:08 [main] INFO  Utils - [Utils] MethodGroupsHelper.collectMethodsByGroup() took 0 ms.
2026-02-07 03:12:08 [main] INFO  Utils - [Utils] MethodGroupsHelper.sortMethods() took 0 ms.
2026-02-07 03:12:08 [main] INFO  Utils - [Utils] MethodGroupsHelper.collectMethodsByGroup() took 0 ms.
2026-02-07 03:12:08 [main] INFO  Utils - [Utils] MethodGroupsHelper.sortMethods() took 0 ms.
2026-02-07 03:12:08 [main] INFO  Utils - [Utils] MethodGroupsHelper.collectMethodsByGroup() took 0 ms.
2026-02-07 03:12:08 [main] INFO  Utils - [Utils] MethodGroupsHelper.sortMethods() took 0 ms.
2026-02-07 03:12:08 [main] INFO  Utils - [Utils] MethodGroupsHelper.collectMethodsByGroup() took 5 ms.
2026-02-07 03:12:08 [main] INFO  Utils - [Utils] MethodGroupsHelper.sortMethods() took 0 ms.
2026-02-07 03:12:08 [main] INFO  Utils - [Utils] MethodGroupsHelper.collectMethodsByGroup() took 0 ms.
2026-02-07 03:12:08 [main] INFO  Utils - [Utils] MethodGroupsHelper.sortMethods() took 0 ms.
2026-02-07 03:12:08 [main] INFO  Utils - [Utils] MethodGroupsHelper.collectMethodsByGroup() took 0 ms.
2026-02-07 03:12:08 [main] INFO  Utils - [Utils] MethodGroupsHelper.sortMethods() took 0 ms.
2026-02-07 03:12:08 [main] INFO  Utils - [TestNG] Running:
  C:\Users\Sumit\AppData\Local\Temp\testng-eclipse--326188797\testng-customsuite.xml

2026-02-07 03:12:08 [main] INFO  Utils - [Utils] DynamicGraphHelper.createDynamicGraph() took 5 ms.
2026-02-07 03:12:10 [main] INFO  Hooks - ===== STARTING SCENARIO: Search experience for product search in both home and offers page =====
2026-02-07 03:12:10 [main] INFO  TestBase - Initializing browser: chrome
2026-02-07 03:12:10 [main] INFO  TestBase - Navigating to URL: https://rahulshettyacademy.com/seleniumPractise/#/
2026-02-07 03:12:12 [main] INFO  WebDriverManager - Using chromedriver 144.0.7559.133 (resolved driver for Chrome 144)
2026-02-07 03:12:12 [main] INFO  WebDriverManager - Exporting webdriver.chrome.driver as C:\Users\Sumit\.cache\selenium\chromedriver\win64\144.0.7559.133\chromedriver.exe
2026-02-07 03:12:20 [main] INFO  LandingPageStepDefinitions - User trying to get the title of landing page!
2026-02-07 03:12:20 [main] INFO  LandingPage - Getting title of LandingPage!
2026-02-07 03:12:20 [main] INFO  LandingPageStepDefinitions - User searching product on landing page
2026-02-07 03:12:20 [main] INFO  LandingPage - Searching product with name: Tom
2026-02-07 03:12:20 [main] INFO  LandingPageStepDefinitions - User capturting text of searched product!
2026-02-07 03:12:20 [main] INFO  LandingPage - Getting text of searched product!
2026-02-07 03:12:20 [main] INFO  LandingPageStepDefinitions - user is incrementing quantity of product to add in the cart!
2026-02-07 03:12:20 [main] INFO  LandingPage - incrementing quantity of searched product: 3
2026-02-07 03:12:21 [main] INFO  LandingPageStepDefinitions - user adding product to cart!
2026-02-07 03:12:21 [main] INFO  LandingPage - Adding product to cart!
2026-02-07 03:12:21 [main] INFO  CheckoutPageStepDefinitions - checking items!
2026-02-07 03:12:21 [main] INFO  CheckoutPage - Clicking on cartBag!
2026-02-07 03:12:21 [main] INFO  CheckoutPage - Clicking on checkoutButton!
2026-02-07 03:12:21 [main] INFO  CheckoutPageStepDefinitions - user is able to see promoBtn and placeOrder!
2026-02-07 03:12:21 [main] INFO  CheckoutPage - Verifying PromoBtn is displayed!
2026-02-07 03:12:22 [main] INFO  CheckoutPage - Verifying placeOrder is displayed!
2026-02-07 03:12:22 [main] INFO  Hooks - ===== ENDING SCENARIO: Search experience for product search in both home and offers page | STATUS: PASSED =====
2026-02-07 03:12:22 [main] INFO  Hooks - ===== STARTING SCENARIO: Search experience for product search in both home and offers page =====
2026-02-07 03:12:22 [main] INFO  TestBase - Initializing browser: chrome
2026-02-07 03:12:22 [main] INFO  TestBase - Navigating to URL: https://rahulshettyacademy.com/seleniumPractise/#/
2026-02-07 03:12:22 [main] INFO  WebDriverManager - Using chromedriver 144.0.7559.133 (resolved driver for Chrome 144)
2026-02-07 03:12:22 [main] INFO  WebDriverManager - Exporting webdriver.chrome.driver as C:\Users\Sumit\.cache\selenium\chromedriver\win64\144.0.7559.133\chromedriver.exe
2026-02-07 03:12:24 [main] INFO  LandingPageStepDefinitions - User trying to get the title of landing page!
2026-02-07 03:12:24 [main] INFO  LandingPage - Getting title of LandingPage!
2026-02-07 03:12:27 [main] INFO  LandingPageStepDefinitions - User searching product on landing page
2026-02-07 03:12:27 [main] INFO  LandingPage - Searching product with name: Tom
2026-02-07 03:12:27 [main] INFO  LandingPageStepDefinitions - User capturting text of searched product!
2026-02-07 03:12:27 [main] INFO  LandingPage - Getting text of searched product!
2026-02-07 03:12:28 [main] INFO  OffersPageStepDefinitions - user switching to offers page
2026-02-07 03:12:28 [main] INFO  LandingPage - Opening topDeals page!
2026-02-07 03:12:29 [main] INFO  OffersPageStepDefinitions - user searching item offerspage
2026-02-07 03:12:29 [main] INFO  OffersPage - Entering product name into search field!
2026-02-07 03:12:30 [main] INFO  OffersPageStepDefinitions - user capturing product name!
2026-02-07 03:12:30 [main] INFO  OffersPage - capturing productName text!
2026-02-07 03:12:30 [main] INFO  OffersPageStepDefinitions - user verifying product name is matching on landing and offersPage!
2026-02-07 03:12:30 [main] INFO  Hooks - ===== ENDING SCENARIO: Search experience for product search in both home and offers page | STATUS: PASSED =====
2026-02-07 03:12:31 [main] INFO  Hooks - ===== STARTING SCENARIO: Search experience for product search in both home and offers page =====
2026-02-07 03:12:31 [main] INFO  TestBase - Initializing browser: chrome
2026-02-07 03:12:31 [main] INFO  TestBase - Navigating to URL: https://rahulshettyacademy.com/seleniumPractise/#/
2026-02-07 03:12:31 [main] INFO  WebDriverManager - Using chromedriver 144.0.7559.133 (resolved driver for Chrome 144)
2026-02-07 03:12:31 [main] INFO  WebDriverManager - Exporting webdriver.chrome.driver as C:\Users\Sumit\.cache\selenium\chromedriver\win64\144.0.7559.133\chromedriver.exe
2026-02-07 03:12:36 [main] INFO  LandingPageStepDefinitions - User trying to get the title of landing page!
2026-02-07 03:12:36 [main] INFO  LandingPage - Getting title of LandingPage!
2026-02-07 03:12:36 [main] INFO  LandingPageStepDefinitions - User searching product on landing page
2026-02-07 03:12:36 [main] INFO  LandingPage - Searching product with name: Beet
2026-02-07 03:12:36 [main] INFO  LandingPageStepDefinitions - User capturting text of searched product!
2026-02-07 03:12:36 [main] INFO  LandingPage - Getting text of searched product!
2026-02-07 03:12:47 [main] INFO  Hooks - ===== ENDING SCENARIO: Search experience for product search in both home and offers page | STATUS: FAILED =====
2026-02-07 03:12:48 [main] INFO  Utils - [TestNG] Time taken by org.testng.reporters.jq.Main@eb91027: 104 ms
2026-02-07 03:12:48 [main] INFO  Utils - [TestNG] Time taken by org.testng.reporters.FailedReporter@5f20b6fe: 25 ms
2026-02-07 03:12:48 [main] INFO  Utils - [TestNG] Time taken by org.testng.reporters.XMLReporter@3ee258: 10 ms
2026-02-07 03:12:48 [main] INFO  Utils - [TestNG] Time taken by org.testng.reporters.EmailableReporter2@4db46344: 16 ms
2026-02-07 03:12:48 [main] INFO  Utils - [TestNG] Time taken by org.testng.reporters.JUnitReportReporter@5f166f2e: 9 ms
2026-02-07 03:12:48 [main] INFO  Utils - [TestNG] Time taken by org.testng.internal.ExitCodeListener@1ef93e01: 0 ms
2026-02-07 16:12:50 [main] INFO  Utils - [Utils] MethodGroupsHelper.collectMethodsByGroup() took 1 ms.
2026-02-07 16:12:50 [main] INFO  Utils - [Utils] MethodGroupsHelper.sortMethods() took 2 ms.
2026-02-07 16:12:50 [main] INFO  Utils - [Utils] MethodGroupsHelper.collectMethodsByGroup() took 0 ms.
2026-02-07 16:12:50 [main] INFO  Utils - [Utils] MethodGroupsHelper.sortMethods() took 0 ms.
2026-02-07 16:12:50 [main] INFO  Utils - [Utils] MethodGroupsHelper.collectMethodsByGroup() took 0 ms.
2026-02-07 16:12:50 [main] INFO  Utils - [Utils] MethodGroupsHelper.sortMethods() took 0 ms.
2026-02-07 16:12:50 [main] INFO  Utils - [Utils] MethodGroupsHelper.collectMethodsByGroup() took 0 ms.
2026-02-07 16:12:50 [main] INFO  Utils - [Utils] MethodGroupsHelper.sortMethods() took 0 ms.
2026-02-07 16:12:50 [main] INFO  Utils - [Utils] MethodGroupsHelper.collectMethodsByGroup() took 1 ms.
2026-02-07 16:12:50 [main] INFO  Utils - [Utils] MethodGroupsHelper.sortMethods() took 13 ms.
2026-02-07 16:12:50 [main] INFO  Utils - [Utils] MethodGroupsHelper.collectMethodsByGroup() took 0 ms.
2026-02-07 16:12:50 [main] INFO  Utils - [Utils] MethodGroupsHelper.sortMethods() took 1 ms.
2026-02-07 16:12:50 [main] INFO  Utils - [Utils] MethodGroupsHelper.collectMethodsByGroup() took 0 ms.
2026-02-07 16:12:50 [main] INFO  Utils - [Utils] MethodGroupsHelper.sortMethods() took 0 ms.
2026-02-07 16:12:50 [main] INFO  Utils - [Utils] MethodGroupsHelper.collectMethodsByGroup() took 0 ms.
2026-02-07 16:12:50 [main] INFO  Utils - [Utils] MethodGroupsHelper.sortMethods() took 0 ms.
2026-02-07 16:12:50 [main] INFO  Utils - [Utils] MethodGroupsHelper.collectMethodsByGroup() took 0 ms.
2026-02-07 16:12:50 [main] INFO  Utils - [Utils] MethodGroupsHelper.sortMethods() took 0 ms.
2026-02-07 16:12:50 [main] INFO  Utils - [Utils] MethodGroupsHelper.collectMethodsByGroup() took 0 ms.
2026-02-07 16:12:50 [main] INFO  Utils - [Utils] MethodGroupsHelper.sortMethods() took 0 ms.
2026-02-07 16:12:50 [main] INFO  Utils - [Utils] MethodGroupsHelper.collectMethodsByGroup() took 0 ms.
2026-02-07 16:12:50 [main] INFO  Utils - [Utils] MethodGroupsHelper.sortMethods() took 0 ms.
2026-02-07 16:12:50 [main] INFO  Utils - [Utils] MethodGroupsHelper.collectMethodsByGroup() took 0 ms.
2026-02-07 16:12:50 [main] INFO  Utils - [Utils] MethodGroupsHelper.sortMethods() took 0 ms.
2026-02-07 16:12:50 [main] INFO  Utils - [Utils] MethodGroupsHelper.collectMethodsByGroup() took 5 ms.
2026-02-07 16:12:50 [main] INFO  Utils - [Utils] MethodGroupsHelper.sortMethods() took 0 ms.
2026-02-07 16:12:50 [main] INFO  Utils - [Utils] MethodGroupsHelper.collectMethodsByGroup() took 0 ms.
2026-02-07 16:12:50 [main] INFO  Utils - [Utils] MethodGroupsHelper.sortMethods() took 0 ms.
2026-02-07 16:12:50 [main] INFO  Utils - [Utils] MethodGroupsHelper.collectMethodsByGroup() took 0 ms.
2026-02-07 16:12:50 [main] INFO  Utils - [Utils] MethodGroupsHelper.sortMethods() took 0 ms.
2026-02-07 16:12:50 [main] INFO  Utils - [TestNG] Running:
  C:\Users\Sumit\AppData\Local\Temp\testng-eclipse--1267520597\testng-customsuite.xml

2026-02-07 16:12:50 [main] INFO  Utils - [Utils] DynamicGraphHelper.createDynamicGraph() took 11 ms.
2026-02-07 16:12:52 [main] INFO  Hooks - ===== STARTING SCENARIO: Search experience for product search in both home and offers page =====
2026-02-07 16:12:52 [main] INFO  TestBase - Initializing browser: chrome
2026-02-07 16:12:52 [main] INFO  TestBase - Navigating to URL: https://rahulshettyacademy.com/seleniumPractise/#/
2026-02-07 16:12:55 [main] INFO  WebDriverManager - Using chromedriver 144.0.7559.133 (resolved driver for Chrome 144)
2026-02-07 16:12:55 [main] INFO  WebDriverManager - Exporting webdriver.chrome.driver as C:\Users\Sumit\.cache\selenium\chromedriver\win64\144.0.7559.133\chromedriver.exe
2026-02-07 16:12:59 [main] INFO  LandingPageStepDefinitions - User trying to get the title of landing page!
2026-02-07 16:12:59 [main] INFO  LandingPage - Getting title of LandingPage!
2026-02-07 16:13:02 [main] INFO  LandingPageStepDefinitions - User searching product on landing page
2026-02-07 16:13:02 [main] INFO  LandingPage - Searching product with name: Tom
2026-02-07 16:13:03 [main] INFO  LandingPageStepDefinitions - User capturting text of searched product!
2026-02-07 16:13:03 [main] INFO  LandingPage - Getting text of searched product!
2026-02-07 16:13:03 [main] INFO  LandingPageStepDefinitions - user is incrementing quantity of product to add in the cart!
2026-02-07 16:13:03 [main] INFO  LandingPage - incrementing quantity of searched product: 3
2026-02-07 16:13:04 [main] INFO  LandingPageStepDefinitions - user adding product to cart!
2026-02-07 16:13:04 [main] INFO  LandingPage - Adding product to cart!
2026-02-07 16:13:04 [main] INFO  CheckoutPageStepDefinitions - checking items!
2026-02-07 16:13:04 [main] INFO  CheckoutPage - Clicking on cartBag!
2026-02-07 16:13:04 [main] INFO  CheckoutPage - Clicking on checkoutButton!
2026-02-07 16:13:04 [main] INFO  CheckoutPageStepDefinitions - user is able to see promoBtn and placeOrder!
2026-02-07 16:13:04 [main] INFO  CheckoutPage - Verifying PromoBtn is displayed!
2026-02-07 16:13:05 [main] INFO  CheckoutPage - Verifying placeOrder is displayed!
2026-02-07 16:13:05 [main] INFO  Hooks - ===== ENDING SCENARIO: Search experience for product search in both home and offers page | STATUS: PASSED =====
2026-02-07 16:13:06 [main] INFO  Hooks - ===== STARTING SCENARIO: Search experience for product search in both home and offers page =====
2026-02-07 16:13:06 [main] INFO  TestBase - Initializing browser: chrome
2026-02-07 16:13:06 [main] INFO  TestBase - Navigating to URL: https://rahulshettyacademy.com/seleniumPractise/#/
2026-02-07 16:13:06 [main] INFO  WebDriverManager - Using chromedriver 144.0.7559.133 (resolved driver for Chrome 144)
2026-02-07 16:13:06 [main] INFO  WebDriverManager - Exporting webdriver.chrome.driver as C:\Users\Sumit\.cache\selenium\chromedriver\win64\144.0.7559.133\chromedriver.exe
2026-02-07 16:13:08 [main] INFO  LandingPageStepDefinitions - User trying to get the title of landing page!
2026-02-07 16:13:08 [main] INFO  LandingPage - Getting title of LandingPage!
2026-02-07 16:13:12 [main] INFO  LandingPageStepDefinitions - User searching product on landing page
2026-02-07 16:13:12 [main] INFO  LandingPage - Searching product with name: Tom
2026-02-07 16:13:12 [main] INFO  LandingPageStepDefinitions - User capturting text of searched product!
2026-02-07 16:13:12 [main] INFO  LandingPage - Getting text of searched product!
2026-02-07 16:13:13 [main] INFO  OffersPageStepDefinitions - user switching to offers page
2026-02-07 16:13:13 [main] INFO  LandingPage - Opening topDeals page!
2026-02-07 16:13:14 [main] INFO  OffersPageStepDefinitions - user searching item offerspage
2026-02-07 16:13:14 [main] INFO  OffersPage - Entering product name into search field!
2026-02-07 16:13:15 [main] INFO  OffersPageStepDefinitions - user capturing product name!
2026-02-07 16:13:15 [main] INFO  OffersPage - capturing productName text!
2026-02-07 16:13:15 [main] INFO  OffersPageStepDefinitions - user verifying product name is matching on landing and offersPage!
2026-02-07 16:13:15 [main] INFO  Hooks - ===== ENDING SCENARIO: Search experience for product search in both home and offers page | STATUS: PASSED =====
2026-02-07 16:13:15 [main] INFO  Hooks - ===== STARTING SCENARIO: Search experience for product search in both home and offers page =====
2026-02-07 16:13:15 [main] INFO  TestBase - Initializing browser: chrome
2026-02-07 16:13:15 [main] INFO  TestBase - Navigating to URL: https://rahulshettyacademy.com/seleniumPractise/#/
2026-02-07 16:13:15 [main] INFO  WebDriverManager - Using chromedriver 144.0.7559.133 (resolved driver for Chrome 144)
2026-02-07 16:13:15 [main] INFO  WebDriverManager - Exporting webdriver.chrome.driver as C:\Users\Sumit\.cache\selenium\chromedriver\win64\144.0.7559.133\chromedriver.exe
2026-02-07 16:13:17 [main] INFO  LandingPageStepDefinitions - User trying to get the title of landing page!
2026-02-07 16:13:17 [main] INFO  LandingPage - Getting title of LandingPage!
2026-02-07 16:13:22 [main] INFO  LandingPageStepDefinitions - User searching product on landing page
2026-02-07 16:13:22 [main] INFO  LandingPage - Searching product with name: Beet
2026-02-07 16:13:22 [main] INFO  LandingPageStepDefinitions - User capturting text of searched product!
2026-02-07 16:13:22 [main] INFO  LandingPage - Getting text of searched product!
2026-02-07 16:13:33 [main] INFO  Hooks - ===== ENDING SCENARIO: Search experience for product search in both home and offers page | STATUS: FAILED =====
2026-02-07 16:13:34 [main] INFO  Utils - [TestNG] Time taken by org.testng.reporters.jq.Main@338a4c61: 171 ms
2026-02-07 16:13:34 [main] INFO  Utils - [TestNG] Time taken by org.testng.reporters.FailedReporter@7a730479: 41 ms
2026-02-07 16:13:34 [main] INFO  Utils - [TestNG] Time taken by org.testng.reporters.XMLReporter@459d2ee6: 22 ms
2026-02-07 16:13:34 [main] INFO  Utils - [TestNG] Time taken by org.testng.reporters.EmailableReporter2@6bfdaa7a: 13 ms
2026-02-07 16:13:34 [main] INFO  Utils - [TestNG] Time taken by org.testng.reporters.JUnitReportReporter@2c1a8529: 14 ms
2026-02-07 16:13:34 [main] INFO  Utils - [TestNG] Time taken by org.testng.internal.ExitCodeListener@6d7865d6: 0 ms
2026-02-07 16:35:26 [main] INFO  Utils - [Utils] MethodGroupsHelper.collectMethodsByGroup() took 0 ms.
2026-02-07 16:35:26 [main] INFO  Utils - [Utils] MethodGroupsHelper.sortMethods() took 1 ms.
2026-02-07 16:35:26 [main] INFO  Utils - [Utils] MethodGroupsHelper.collectMethodsByGroup() took 0 ms.
2026-02-07 16:35:26 [main] INFO  Utils - [Utils] MethodGroupsHelper.sortMethods() took 0 ms.
2026-02-07 16:35:26 [main] INFO  Utils - [Utils] MethodGroupsHelper.collectMethodsByGroup() took 0 ms.
2026-02-07 16:35:26 [main] INFO  Utils - [Utils] MethodGroupsHelper.sortMethods() took 0 ms.
2026-02-07 16:35:26 [main] INFO  Utils - [Utils] MethodGroupsHelper.collectMethodsByGroup() took 0 ms.
2026-02-07 16:35:26 [main] INFO  Utils - [Utils] MethodGroupsHelper.sortMethods() took 0 ms.
2026-02-07 16:35:26 [main] INFO  Utils - [Utils] MethodGroupsHelper.collectMethodsByGroup() took 0 ms.
2026-02-07 16:35:26 [main] INFO  Utils - [Utils] MethodGroupsHelper.sortMethods() took 13 ms.
2026-02-07 16:35:26 [main] INFO  Utils - [Utils] MethodGroupsHelper.collectMethodsByGroup() took 0 ms.
2026-02-07 16:35:26 [main] INFO  Utils - [Utils] MethodGroupsHelper.sortMethods() took 1 ms.
2026-02-07 16:35:26 [main] INFO  Utils - [Utils] MethodGroupsHelper.collectMethodsByGroup() took 0 ms.
2026-02-07 16:35:26 [main] INFO  Utils - [Utils] MethodGroupsHelper.sortMethods() took 0 ms.
2026-02-07 16:35:26 [main] INFO  Utils - [Utils] MethodGroupsHelper.collectMethodsByGroup() took 0 ms.
2026-02-07 16:35:26 [main] INFO  Utils - [Utils] MethodGroupsHelper.sortMethods() took 0 ms.
2026-02-07 16:35:26 [main] INFO  Utils - [Utils] MethodGroupsHelper.collectMethodsByGroup() took 0 ms.
2026-02-07 16:35:26 [main] INFO  Utils - [Utils] MethodGroupsHelper.sortMethods() took 0 ms.
2026-02-07 16:35:26 [main] INFO  Utils - [Utils] MethodGroupsHelper.collectMethodsByGroup() took 0 ms.
2026-02-07 16:35:26 [main] INFO  Utils - [Utils] MethodGroupsHelper.sortMethods() took 0 ms.
2026-02-07 16:35:26 [main] INFO  Utils - [Utils] MethodGroupsHelper.collectMethodsByGroup() took 0 ms.
2026-02-07 16:35:26 [main] INFO  Utils - [Utils] MethodGroupsHelper.sortMethods() took 0 ms.
2026-02-07 16:35:26 [main] INFO  Utils - [Utils] MethodGroupsHelper.collectMethodsByGroup() took 0 ms.
2026-02-07 16:35:26 [main] INFO  Utils - [Utils] MethodGroupsHelper.sortMethods() took 0 ms.
2026-02-07 16:35:26 [main] INFO  Utils - [Utils] MethodGroupsHelper.collectMethodsByGroup() took 2 ms.
2026-02-07 16:35:26 [main] INFO  Utils - [Utils] MethodGroupsHelper.sortMethods() took 1 ms.
2026-02-07 16:35:26 [main] INFO  Utils - [Utils] MethodGroupsHelper.collectMethodsByGroup() took 0 ms.
2026-02-07 16:35:26 [main] INFO  Utils - [Utils] MethodGroupsHelper.sortMethods() took 0 ms.
2026-02-07 16:35:26 [main] INFO  Utils - [Utils] MethodGroupsHelper.collectMethodsByGroup() took 0 ms.
2026-02-07 16:35:26 [main] INFO  Utils - [Utils] MethodGroupsHelper.sortMethods() took 0 ms.
2026-02-07 16:35:26 [main] INFO  Utils - [TestNG] Running:
  C:\Users\Sumit\AppData\Local\Temp\testng-eclipse--1128291877\testng-customsuite.xml

2026-02-07 16:35:26 [main] INFO  Utils - [Utils] DynamicGraphHelper.createDynamicGraph() took 5 ms.
2026-02-07 16:35:28 [main] INFO  Hooks - ===== STARTING SCENARIO: Search experience for product search in both home and offers page =====
2026-02-07 16:35:28 [main] INFO  TestBase - Initializing browser: chrome
2026-02-07 16:35:28 [main] INFO  TestBase - Navigating to URL: https://rahulshettyacademy.com/seleniumPractise/#/
2026-02-07 16:35:28 [main] INFO  WebDriverManager - Using chromedriver 144.0.7559.133 (resolved driver for Chrome 144)
2026-02-07 16:35:28 [main] INFO  WebDriverManager - Exporting webdriver.chrome.driver as C:\Users\Sumit\.cache\selenium\chromedriver\win64\144.0.7559.133\chromedriver.exe
2026-02-07 16:35:35 [main] INFO  LandingPageStepDefinitions - User trying to get the title of landing page!
2026-02-07 16:35:35 [main] INFO  LandingPage - Getting title of LandingPage!
2026-02-07 16:35:35 [main] INFO  LandingPageStepDefinitions - User searching product on landing page
2026-02-07 16:35:35 [main] INFO  LandingPage - Searching product with name: Tom
2026-02-07 16:35:35 [main] INFO  LandingPageStepDefinitions - User capturting text of searched product!
2026-02-07 16:35:35 [main] INFO  LandingPage - Getting text of searched product!
2026-02-07 16:35:36 [main] INFO  LandingPageStepDefinitions - user is incrementing quantity of product to add in the cart!
2026-02-07 16:35:36 [main] INFO  LandingPage - incrementing quantity of searched product: 3
2026-02-07 16:35:36 [main] INFO  LandingPageStepDefinitions - user adding product to cart!
2026-02-07 16:35:36 [main] INFO  LandingPage - Adding product to cart!
2026-02-07 16:35:37 [main] INFO  Hooks - ===== ENDING SCENARIO: Search experience for product search in both home and offers page | STATUS: UNDEFINED =====
2026-02-07 16:35:37 [main] INFO  Hooks - ===== STARTING SCENARIO: Search experience for product search in both home and offers page =====
2026-02-07 16:35:37 [main] INFO  TestBase - Initializing browser: chrome
2026-02-07 16:35:37 [main] INFO  TestBase - Navigating to URL: https://rahulshettyacademy.com/seleniumPractise/#/
2026-02-07 16:35:37 [main] INFO  WebDriverManager - Using chromedriver 144.0.7559.133 (resolved driver for Chrome 144)
2026-02-07 16:35:37 [main] INFO  WebDriverManager - Exporting webdriver.chrome.driver as C:\Users\Sumit\.cache\selenium\chromedriver\win64\144.0.7559.133\chromedriver.exe
2026-02-07 16:35:42 [main] INFO  LandingPageStepDefinitions - User trying to get the title of landing page!
2026-02-07 16:35:42 [main] INFO  LandingPage - Getting title of LandingPage!
2026-02-07 16:35:42 [main] INFO  LandingPageStepDefinitions - User searching product on landing page
2026-02-07 16:35:42 [main] INFO  LandingPage - Searching product with name: Tom
2026-02-07 16:35:42 [main] INFO  LandingPageStepDefinitions - User capturting text of searched product!
2026-02-07 16:35:42 [main] INFO  LandingPage - Getting text of searched product!
2026-02-07 16:35:42 [main] INFO  OffersPageStepDefinitions - user switching to offers page
2026-02-07 16:35:42 [main] INFO  LandingPage - Opening topDeals page!
2026-02-07 16:35:43 [main] INFO  OffersPageStepDefinitions - user searching item offerspage
2026-02-07 16:35:43 [main] INFO  OffersPage - Entering product name into search field!
2026-02-07 16:35:44 [main] INFO  OffersPageStepDefinitions - user capturing product name!
2026-02-07 16:35:44 [main] INFO  OffersPage - capturing productName text!
2026-02-07 16:35:44 [main] INFO  OffersPageStepDefinitions - user verifying product name is matching on landing and offersPage!
2026-02-07 16:35:44 [main] INFO  Hooks - ===== ENDING SCENARIO: Search experience for product search in both home and offers page | STATUS: PASSED =====
2026-02-07 16:35:44 [main] INFO  Hooks - ===== STARTING SCENARIO: Search experience for product search in both home and offers page =====
2026-02-07 16:35:44 [main] INFO  TestBase - Initializing browser: chrome
2026-02-07 16:35:44 [main] INFO  TestBase - Navigating to URL: https://rahulshettyacademy.com/seleniumPractise/#/
2026-02-07 16:35:44 [main] INFO  WebDriverManager - Using chromedriver 144.0.7559.133 (resolved driver for Chrome 144)
2026-02-07 16:35:44 [main] INFO  WebDriverManager - Exporting webdriver.chrome.driver as C:\Users\Sumit\.cache\selenium\chromedriver\win64\144.0.7559.133\chromedriver.exe
2026-02-07 16:35:49 [main] INFO  LandingPageStepDefinitions - User trying to get the title of landing page!
2026-02-07 16:35:49 [main] INFO  LandingPage - Getting title of LandingPage!
2026-02-07 16:35:49 [main] INFO  LandingPageStepDefinitions - User searching product on landing page
2026-02-07 16:35:49 [main] INFO  LandingPage - Searching product with name: Beet
2026-02-07 16:35:49 [main] INFO  LandingPageStepDefinitions - User capturting text of searched product!
2026-02-07 16:35:49 [main] INFO  LandingPage - Getting text of searched product!
2026-02-07 16:36:00 [main] INFO  Hooks - ===== ENDING SCENARIO: Search experience for product search in both home and offers page | STATUS: FAILED =====
2026-02-07 16:36:01 [main] INFO  Utils - [TestNG] Time taken by org.testng.reporters.jq.Main@79b7c350: 74 ms
2026-02-07 16:36:01 [main] INFO  Utils - [TestNG] Time taken by org.testng.reporters.FailedReporter@7440265c: 16 ms
2026-02-07 16:36:01 [main] INFO  Utils - [TestNG] Time taken by org.testng.reporters.XMLReporter@401ec794: 10 ms
2026-02-07 16:36:01 [main] INFO  Utils - [TestNG] Time taken by org.testng.reporters.EmailableReporter2@26101efc: 10 ms
2026-02-07 16:36:01 [main] INFO  Utils - [TestNG] Time taken by org.testng.reporters.JUnitReportReporter@51b51641: 7 ms
2026-02-07 16:36:01 [main] INFO  Utils - [TestNG] Time taken by org.testng.internal.ExitCodeListener@362a6aa5: 0 ms
2026-02-07 16:39:19 [main] INFO  Utils - [Utils] MethodGroupsHelper.collectMethodsByGroup() took 0 ms.
2026-02-07 16:39:19 [main] INFO  Utils - [Utils] MethodGroupsHelper.sortMethods() took 2 ms.
2026-02-07 16:39:19 [main] INFO  Utils - [Utils] MethodGroupsHelper.collectMethodsByGroup() took 0 ms.
2026-02-07 16:39:19 [main] INFO  Utils - [Utils] MethodGroupsHelper.sortMethods() took 0 ms.
2026-02-07 16:39:19 [main] INFO  Utils - [Utils] MethodGroupsHelper.collectMethodsByGroup() took 0 ms.
2026-02-07 16:39:19 [main] INFO  Utils - [Utils] MethodGroupsHelper.sortMethods() took 0 ms.
2026-02-07 16:39:19 [main] INFO  Utils - [Utils] MethodGroupsHelper.collectMethodsByGroup() took 0 ms.
2026-02-07 16:39:19 [main] INFO  Utils - [Utils] MethodGroupsHelper.sortMethods() took 0 ms.
2026-02-07 16:39:19 [main] INFO  Utils - [Utils] MethodGroupsHelper.collectMethodsByGroup() took 0 ms.
2026-02-07 16:39:19 [main] INFO  Utils - [Utils] MethodGroupsHelper.sortMethods() took 12 ms.
2026-02-07 16:39:19 [main] INFO  Utils - [Utils] MethodGroupsHelper.collectMethodsByGroup() took 0 ms.
2026-02-07 16:39:19 [main] INFO  Utils - [Utils] MethodGroupsHelper.sortMethods() took 0 ms.
2026-02-07 16:39:19 [main] INFO  Utils - [Utils] MethodGroupsHelper.collectMethodsByGroup() took 0 ms.
2026-02-07 16:39:19 [main] INFO  Utils - [Utils] MethodGroupsHelper.sortMethods() took 0 ms.
2026-02-07 16:39:19 [main] INFO  Utils - [Utils] MethodGroupsHelper.collectMethodsByGroup() took 0 ms.
2026-02-07 16:39:19 [main] INFO  Utils - [Utils] MethodGroupsHelper.sortMethods() took 0 ms.
2026-02-07 16:39:19 [main] INFO  Utils - [Utils] MethodGroupsHelper.collectMethodsByGroup() took 0 ms.
2026-02-07 16:39:19 [main] INFO  Utils - [Utils] MethodGroupsHelper.sortMethods() took 0 ms.
2026-02-07 16:39:19 [main] INFO  Utils - [Utils] MethodGroupsHelper.collectMethodsByGroup() took 0 ms.
2026-02-07 16:39:19 [main] INFO  Utils - [Utils] MethodGroupsHelper.sortMethods() took 0 ms.
2026-02-07 16:39:19 [main] INFO  Utils - [Utils] MethodGroupsHelper.collectMethodsByGroup() took 0 ms.
2026-02-07 16:39:19 [main] INFO  Utils - [Utils] MethodGroupsHelper.sortMethods() took 0 ms.
2026-02-07 16:39:19 [main] INFO  Utils - [Utils] MethodGroupsHelper.collectMethodsByGroup() took 0 ms.
2026-02-07 16:39:19 [main] INFO  Utils - [Utils] MethodGroupsHelper.sortMethods() took 0 ms.
2026-02-07 16:39:19 [main] INFO  Utils - [Utils] MethodGroupsHelper.collectMethodsByGroup() took 3 ms.
2026-02-07 16:39:19 [main] INFO  Utils - [Utils] MethodGroupsHelper.sortMethods() took 1 ms.
2026-02-07 16:39:19 [main] INFO  Utils - [Utils] MethodGroupsHelper.collectMethodsByGroup() took 0 ms.
2026-02-07 16:39:19 [main] INFO  Utils - [Utils] MethodGroupsHelper.sortMethods() took 0 ms.
2026-02-07 16:39:19 [main] INFO  Utils - [Utils] MethodGroupsHelper.collectMethodsByGroup() took 0 ms.
2026-02-07 16:39:19 [main] INFO  Utils - [Utils] MethodGroupsHelper.sortMethods() took 0 ms.
2026-02-07 16:39:19 [main] INFO  Utils - [TestNG] Running:
  C:\Users\Sumit\AppData\Local\Temp\testng-eclipse--1907302775\testng-customsuite.xml

2026-02-07 16:39:19 [main] INFO  Utils - [Utils] DynamicGraphHelper.createDynamicGraph() took 4 ms.
2026-02-07 16:39:20 [main] INFO  Hooks - ===== STARTING SCENARIO: Search experience for product search in both home and offers page =====
2026-02-07 16:39:20 [main] INFO  TestBase - Initializing browser: chrome
2026-02-07 16:39:20 [main] INFO  TestBase - Navigating to URL: https://rahulshettyacademy.com/seleniumPractise/#/
2026-02-07 16:39:21 [main] INFO  WebDriverManager - Using chromedriver 144.0.7559.133 (resolved driver for Chrome 144)
2026-02-07 16:39:21 [main] INFO  WebDriverManager - Exporting webdriver.chrome.driver as C:\Users\Sumit\.cache\selenium\chromedriver\win64\144.0.7559.133\chromedriver.exe
2026-02-07 16:39:26 [main] INFO  LandingPageStepDefinitions - User trying to get the title of landing page!
2026-02-07 16:39:26 [main] INFO  LandingPage - Getting title of LandingPage!
2026-02-07 16:39:26 [main] INFO  LandingPageStepDefinitions - User searching product on landing page
2026-02-07 16:39:26 [main] INFO  LandingPage - Searching product with name: Tom
2026-02-07 16:39:27 [main] INFO  LandingPageStepDefinitions - User capturting text of searched product!
2026-02-07 16:39:27 [main] INFO  LandingPage - Getting text of searched product!
2026-02-07 16:39:27 [main] INFO  LandingPageStepDefinitions - user is incrementing quantity of product to add in the cart!
2026-02-07 16:39:27 [main] INFO  LandingPage - incrementing quantity of searched product: 3
2026-02-07 16:39:28 [main] INFO  LandingPageStepDefinitions - user adding product to cart!
2026-02-07 16:39:28 [main] INFO  LandingPage - Adding product to cart!
2026-02-07 16:39:28 [main] INFO  CheckoutPage - Clicking on cartBag!
2026-02-07 16:39:28 [main] INFO  CheckoutPage - Clicking on checkoutButton!
2026-02-07 16:39:28 [main] INFO  CheckoutPage - Verifying PromoBtn is displayed!
2026-02-07 16:39:29 [main] INFO  CheckoutPage - Verifying placeOrder is displayed!
2026-02-07 16:39:29 [main] INFO  Hooks - ===== ENDING SCENARIO: Search experience for product search in both home and offers page | STATUS: PASSED =====
2026-02-07 16:39:29 [main] INFO  Hooks - ===== STARTING SCENARIO: Search experience for product search in both home and offers page =====
2026-02-07 16:39:29 [main] INFO  TestBase - Initializing browser: chrome
2026-02-07 16:39:29 [main] INFO  TestBase - Navigating to URL: https://rahulshettyacademy.com/seleniumPractise/#/
2026-02-07 16:39:29 [main] INFO  WebDriverManager - Using chromedriver 144.0.7559.133 (resolved driver for Chrome 144)
2026-02-07 16:39:29 [main] INFO  WebDriverManager - Exporting webdriver.chrome.driver as C:\Users\Sumit\.cache\selenium\chromedriver\win64\144.0.7559.133\chromedriver.exe
2026-02-07 16:39:34 [main] INFO  LandingPageStepDefinitions - User trying to get the title of landing page!
2026-02-07 16:39:34 [main] INFO  LandingPage - Getting title of LandingPage!
2026-02-07 16:39:34 [main] INFO  LandingPageStepDefinitions - User searching product on landing page
2026-02-07 16:39:34 [main] INFO  LandingPage - Searching product with name: Tom
2026-02-07 16:39:34 [main] INFO  LandingPageStepDefinitions - User capturting text of searched product!
2026-02-07 16:39:34 [main] INFO  LandingPage - Getting text of searched product!
2026-02-07 16:39:35 [main] INFO  OffersPageStepDefinitions - user switching to offers page
2026-02-07 16:39:35 [main] INFO  LandingPage - Opening topDeals page!
2026-02-07 16:39:35 [main] INFO  OffersPageStepDefinitions - user searching item offerspage
2026-02-07 16:39:35 [main] INFO  OffersPage - Entering product name into search field!
2026-02-07 16:39:36 [main] INFO  OffersPageStepDefinitions - user capturing product name!
2026-02-07 16:39:36 [main] INFO  OffersPage - capturing productName text!
2026-02-07 16:39:36 [main] INFO  OffersPageStepDefinitions - user verifying product name is matching on landing and offersPage!
2026-02-07 16:39:36 [main] INFO  Hooks - ===== ENDING SCENARIO: Search experience for product search in both home and offers page | STATUS: PASSED =====
2026-02-07 16:39:36 [main] INFO  Hooks - ===== STARTING SCENARIO: Search experience for product search in both home and offers page =====
2026-02-07 16:39:36 [main] INFO  TestBase - Initializing browser: chrome
2026-02-07 16:39:36 [main] INFO  TestBase - Navigating to URL: https://rahulshettyacademy.com/seleniumPractise/#/
2026-02-07 16:39:37 [main] INFO  WebDriverManager - Using chromedriver 144.0.7559.133 (resolved driver for Chrome 144)
2026-02-07 16:39:37 [main] INFO  WebDriverManager - Exporting webdriver.chrome.driver as C:\Users\Sumit\.cache\selenium\chromedriver\win64\144.0.7559.133\chromedriver.exe
2026-02-07 16:39:41 [main] INFO  LandingPageStepDefinitions - User trying to get the title of landing page!
2026-02-07 16:39:41 [main] INFO  LandingPage - Getting title of LandingPage!
2026-02-07 16:39:41 [main] INFO  LandingPageStepDefinitions - User searching product on landing page
2026-02-07 16:39:41 [main] INFO  LandingPage - Searching product with name: Beet
2026-02-07 16:39:42 [main] INFO  LandingPageStepDefinitions - User capturting text of searched product!
2026-02-07 16:39:42 [main] INFO  LandingPage - Getting text of searched product!
2026-02-07 16:39:52 [main] INFO  Hooks - ===== ENDING SCENARIO: Search experience for product search in both home and offers page | STATUS: FAILED =====
2026-02-07 16:39:53 [main] INFO  Utils - [TestNG] Time taken by org.testng.reporters.jq.Main@61ad30f6: 88 ms
2026-02-07 16:39:53 [main] INFO  Utils - [TestNG] Time taken by org.testng.reporters.FailedReporter@67dc6b48: 26 ms
2026-02-07 16:39:53 [main] INFO  Utils - [TestNG] Time taken by org.testng.reporters.XMLReporter@1488a861: 10 ms
2026-02-07 16:39:53 [main] INFO  Utils - [TestNG] Time taken by org.testng.reporters.EmailableReporter2@3a70575: 12 ms
2026-02-07 16:39:53 [main] INFO  Utils - [TestNG] Time taken by org.testng.reporters.JUnitReportReporter@44de8e00: 10 ms
2026-02-07 16:39:53 [main] INFO  Utils - [TestNG] Time taken by org.testng.internal.ExitCodeListener@3cbfdf5c: 0 ms
2026-02-07 16:40:35 [main] INFO  Utils - [Utils] MethodGroupsHelper.collectMethodsByGroup() took 0 ms.
2026-02-07 16:40:35 [main] INFO  Utils - [Utils] MethodGroupsHelper.sortMethods() took 2 ms.
2026-02-07 16:40:35 [main] INFO  Utils - [Utils] MethodGroupsHelper.collectMethodsByGroup() took 0 ms.
2026-02-07 16:40:35 [main] INFO  Utils - [Utils] MethodGroupsHelper.sortMethods() took 0 ms.
2026-02-07 16:40:35 [main] INFO  Utils - [Utils] MethodGroupsHelper.collectMethodsByGroup() took 0 ms.
2026-02-07 16:40:35 [main] INFO  Utils - [Utils] MethodGroupsHelper.sortMethods() took 0 ms.
2026-02-07 16:40:35 [main] INFO  Utils - [Utils] MethodGroupsHelper.collectMethodsByGroup() took 0 ms.
2026-02-07 16:40:35 [main] INFO  Utils - [Utils] MethodGroupsHelper.sortMethods() took 0 ms.
2026-02-07 16:40:35 [main] INFO  Utils - [Utils] MethodGroupsHelper.collectMethodsByGroup() took 1 ms.
2026-02-07 16:40:36 [main] INFO  Utils - [Utils] MethodGroupsHelper.sortMethods() took 17 ms.
2026-02-07 16:40:36 [main] INFO  Utils - [Utils] MethodGroupsHelper.collectMethodsByGroup() took 0 ms.
2026-02-07 16:40:36 [main] INFO  Utils - [Utils] MethodGroupsHelper.sortMethods() took 0 ms.
2026-02-07 16:40:36 [main] INFO  Utils - [Utils] MethodGroupsHelper.collectMethodsByGroup() took 0 ms.
2026-02-07 16:40:36 [main] INFO  Utils - [Utils] MethodGroupsHelper.sortMethods() took 0 ms.
2026-02-07 16:40:36 [main] INFO  Utils - [Utils] MethodGroupsHelper.collectMethodsByGroup() took 0 ms.
2026-02-07 16:40:36 [main] INFO  Utils - [Utils] MethodGroupsHelper.sortMethods() took 0 ms.
2026-02-07 16:40:36 [main] INFO  Utils - [Utils] MethodGroupsHelper.collectMethodsByGroup() took 0 ms.
2026-02-07 16:40:36 [main] INFO  Utils - [Utils] MethodGroupsHelper.sortMethods() took 0 ms.
2026-02-07 16:40:36 [main] INFO  Utils - [Utils] MethodGroupsHelper.collectMethodsByGroup() took 0 ms.
2026-02-07 16:40:36 [main] INFO  Utils - [Utils] MethodGroupsHelper.sortMethods() took 0 ms.
2026-02-07 16:40:36 [main] INFO  Utils - [Utils] MethodGroupsHelper.collectMethodsByGroup() took 0 ms.
2026-02-07 16:40:36 [main] INFO  Utils - [Utils] MethodGroupsHelper.sortMethods() took 0 ms.
2026-02-07 16:40:36 [main] INFO  Utils - [Utils] MethodGroupsHelper.collectMethodsByGroup() took 0 ms.
2026-02-07 16:40:36 [main] INFO  Utils - [Utils] MethodGroupsHelper.sortMethods() took 0 ms.
2026-02-07 16:40:36 [main] INFO  Utils - [Utils] MethodGroupsHelper.collectMethodsByGroup() took 2 ms.
2026-02-07 16:40:36 [main] INFO  Utils - [Utils] MethodGroupsHelper.sortMethods() took 0 ms.
2026-02-07 16:40:36 [main] INFO  Utils - [Utils] MethodGroupsHelper.collectMethodsByGroup() took 0 ms.
2026-02-07 16:40:36 [main] INFO  Utils - [Utils] MethodGroupsHelper.sortMethods() took 0 ms.
2026-02-07 16:40:36 [main] INFO  Utils - [Utils] MethodGroupsHelper.collectMethodsByGroup() took 0 ms.
2026-02-07 16:40:36 [main] INFO  Utils - [Utils] MethodGroupsHelper.sortMethods() took 0 ms.
2026-02-07 16:40:36 [main] INFO  Utils - [TestNG] Running:
  C:\Users\Sumit\AppData\Local\Temp\testng-eclipse-456517846\testng-customsuite.xml

2026-02-07 16:40:36 [main] INFO  Utils - [Utils] DynamicGraphHelper.createDynamicGraph() took 5 ms.
2026-02-07 16:40:37 [main] INFO  Hooks - ===== STARTING SCENARIO: Search experience for product search in both home and offers page =====
2026-02-07 16:40:37 [main] INFO  TestBase - Initializing browser: chrome
2026-02-07 16:40:37 [main] INFO  TestBase - Navigating to URL: https://rahulshettyacademy.com/seleniumPractise/#/
2026-02-07 16:40:38 [main] INFO  WebDriverManager - Using chromedriver 144.0.7559.133 (resolved driver for Chrome 144)
2026-02-07 16:40:38 [main] INFO  WebDriverManager - Exporting webdriver.chrome.driver as C:\Users\Sumit\.cache\selenium\chromedriver\win64\144.0.7559.133\chromedriver.exe
2026-02-07 16:40:44 [main] INFO  LandingPageStepDefinitions - User trying to get the title of landing page!
2026-02-07 16:40:44 [main] INFO  LandingPage - Getting title of LandingPage!
2026-02-07 16:40:44 [main] INFO  LandingPageStepDefinitions - User searching product on landing page
2026-02-07 16:40:44 [main] INFO  LandingPage - Searching product with name: Tom
2026-02-07 16:40:44 [main] INFO  LandingPageStepDefinitions - User capturting text of searched product!
2026-02-07 16:40:44 [main] INFO  LandingPage - Getting text of searched product!
2026-02-07 16:40:45 [main] INFO  OffersPageStepDefinitions - user switching to offers page
2026-02-07 16:40:45 [main] INFO  LandingPage - Opening topDeals page!
2026-02-07 16:40:45 [main] INFO  OffersPageStepDefinitions - user searching item offerspage
2026-02-07 16:40:45 [main] INFO  OffersPage - Entering product name into search field!
2026-02-07 16:40:46 [main] INFO  OffersPageStepDefinitions - user capturing product name!
2026-02-07 16:40:46 [main] INFO  OffersPage - capturing productName text!
2026-02-07 16:40:46 [main] INFO  OffersPageStepDefinitions - user verifying product name is matching on landing and offersPage!
2026-02-07 16:40:46 [main] INFO  Hooks - ===== ENDING SCENARIO: Search experience for product search in both home and offers page | STATUS: PASSED =====
2026-02-07 16:40:46 [main] INFO  Hooks - ===== STARTING SCENARIO: Search experience for product search in both home and offers page =====
2026-02-07 16:40:46 [main] INFO  TestBase - Initializing browser: chrome
2026-02-07 16:40:46 [main] INFO  TestBase - Navigating to URL: https://rahulshettyacademy.com/seleniumPractise/#/
2026-02-07 16:40:46 [main] INFO  WebDriverManager - Using chromedriver 144.0.7559.133 (resolved driver for Chrome 144)
2026-02-07 16:40:46 [main] INFO  WebDriverManager - Exporting webdriver.chrome.driver as C:\Users\Sumit\.cache\selenium\chromedriver\win64\144.0.7559.133\chromedriver.exe
2026-02-07 16:40:51 [main] INFO  LandingPageStepDefinitions - User trying to get the title of landing page!
2026-02-07 16:40:51 [main] INFO  LandingPage - Getting title of LandingPage!
2026-02-07 16:40:51 [main] INFO  LandingPageStepDefinitions - User searching product on landing page
2026-02-07 16:40:51 [main] INFO  LandingPage - Searching product with name: Beet
2026-02-07 16:40:51 [main] INFO  LandingPageStepDefinitions - User capturting text of searched product!
2026-02-07 16:40:51 [main] INFO  LandingPage - Getting text of searched product!
2026-02-07 16:41:01 [main] INFO  Hooks - ===== ENDING SCENARIO: Search experience for product search in both home and offers page | STATUS: FAILED =====
2026-02-07 16:41:02 [main] INFO  Utils - [TestNG] Time taken by org.testng.reporters.jq.Main@24aedcc5: 83 ms
2026-02-07 16:41:02 [main] INFO  Utils - [TestNG] Time taken by org.testng.reporters.FailedReporter@131ba005: 26 ms
2026-02-07 16:41:02 [main] INFO  Utils - [TestNG] Time taken by org.testng.reporters.XMLReporter@6dd20ec9: 15 ms
2026-02-07 16:41:02 [main] INFO  Utils - [TestNG] Time taken by org.testng.reporters.EmailableReporter2@698f4aa: 12 ms
2026-02-07 16:41:02 [main] INFO  Utils - [TestNG] Time taken by org.testng.reporters.JUnitReportReporter@68a426c3: 6 ms
2026-02-07 16:41:02 [main] INFO  Utils - [TestNG] Time taken by org.testng.internal.ExitCodeListener@182cc69e: 1 ms
2026-02-07 16:44:34 [main] INFO  Utils - [Utils] MethodGroupsHelper.collectMethodsByGroup() took 0 ms.
2026-02-07 16:44:34 [main] INFO  Utils - [Utils] MethodGroupsHelper.sortMethods() took 2 ms.
2026-02-07 16:44:34 [main] INFO  Utils - [Utils] MethodGroupsHelper.collectMethodsByGroup() took 0 ms.
2026-02-07 16:44:34 [main] INFO  Utils - [Utils] MethodGroupsHelper.sortMethods() took 0 ms.
2026-02-07 16:44:34 [main] INFO  Utils - [Utils] MethodGroupsHelper.collectMethodsByGroup() took 0 ms.
2026-02-07 16:44:34 [main] INFO  Utils - [Utils] MethodGroupsHelper.sortMethods() took 0 ms.
2026-02-07 16:44:34 [main] INFO  Utils - [Utils] MethodGroupsHelper.collectMethodsByGroup() took 0 ms.
2026-02-07 16:44:34 [main] INFO  Utils - [Utils] MethodGroupsHelper.sortMethods() took 0 ms.
2026-02-07 16:44:34 [main] INFO  Utils - [Utils] MethodGroupsHelper.collectMethodsByGroup() took 1 ms.
2026-02-07 16:44:34 [main] INFO  Utils - [Utils] MethodGroupsHelper.sortMethods() took 19 ms.
2026-02-07 16:44:34 [main] INFO  Utils - [Utils] MethodGroupsHelper.collectMethodsByGroup() took 0 ms.
2026-02-07 16:44:34 [main] INFO  Utils - [Utils] MethodGroupsHelper.sortMethods() took 0 ms.
2026-02-07 16:44:34 [main] INFO  Utils - [Utils] MethodGroupsHelper.collectMethodsByGroup() took 0 ms.
2026-02-07 16:44:34 [main] INFO  Utils - [Utils] MethodGroupsHelper.sortMethods() took 0 ms.
2026-02-07 16:44:34 [main] INFO  Utils - [Utils] MethodGroupsHelper.collectMethodsByGroup() took 0 ms.
2026-02-07 16:44:34 [main] INFO  Utils - [Utils] MethodGroupsHelper.sortMethods() took 0 ms.
2026-02-07 16:44:34 [main] INFO  Utils - [Utils] MethodGroupsHelper.collectMethodsByGroup() took 0 ms.
2026-02-07 16:44:34 [main] INFO  Utils - [Utils] MethodGroupsHelper.sortMethods() took 0 ms.
2026-02-07 16:44:34 [main] INFO  Utils - [Utils] MethodGroupsHelper.collectMethodsByGroup() took 0 ms.
2026-02-07 16:44:34 [main] INFO  Utils - [Utils] MethodGroupsHelper.sortMethods() took 0 ms.
2026-02-07 16:44:34 [main] INFO  Utils - [Utils] MethodGroupsHelper.collectMethodsByGroup() took 0 ms.
2026-02-07 16:44:34 [main] INFO  Utils - [Utils] MethodGroupsHelper.sortMethods() took 0 ms.
2026-02-07 16:44:34 [main] INFO  Utils - [Utils] MethodGroupsHelper.collectMethodsByGroup() took 0 ms.
2026-02-07 16:44:34 [main] INFO  Utils - [Utils] MethodGroupsHelper.sortMethods() took 0 ms.
2026-02-07 16:44:34 [main] INFO  Utils - [Utils] MethodGroupsHelper.collectMethodsByGroup() took 3 ms.
2026-02-07 16:44:34 [main] INFO  Utils - [Utils] MethodGroupsHelper.sortMethods() took 0 ms.
2026-02-07 16:44:34 [main] INFO  Utils - [Utils] MethodGroupsHelper.collectMethodsByGroup() took 0 ms.
2026-02-07 16:44:34 [main] INFO  Utils - [Utils] MethodGroupsHelper.sortMethods() took 0 ms.
2026-02-07 16:44:34 [main] INFO  Utils - [Utils] MethodGroupsHelper.collectMethodsByGroup() took 0 ms.
2026-02-07 16:44:34 [main] INFO  Utils - [Utils] MethodGroupsHelper.sortMethods() took 0 ms.
2026-02-07 16:44:34 [main] INFO  Utils - [TestNG] Running:
  C:\Users\Sumit\AppData\Local\Temp\testng-eclipse--707410518\testng-customsuite.xml

2026-02-07 16:44:34 [main] INFO  Utils - [Utils] DynamicGraphHelper.createDynamicGraph() took 5 ms.
2026-02-07 16:44:35 [main] INFO  Hooks - ===== STARTING SCENARIO: Search experience for product search in both home and offers page =====
2026-02-07 16:44:35 [main] INFO  TestBase - Initializing browser: chrome
2026-02-07 16:44:35 [main] INFO  TestBase - Navigating to URL: https://rahulshettyacademy.com/seleniumPractise/#/
2026-02-07 16:44:36 [main] INFO  WebDriverManager - Using chromedriver 144.0.7559.133 (resolved driver for Chrome 144)
2026-02-07 16:44:36 [main] INFO  WebDriverManager - Exporting webdriver.chrome.driver as C:\Users\Sumit\.cache\selenium\chromedriver\win64\144.0.7559.133\chromedriver.exe
2026-02-07 16:44:41 [main] INFO  LandingPageStepDefinitions - User trying to get the title of landing page!
2026-02-07 16:44:41 [main] INFO  LandingPage - Getting title of LandingPage!
2026-02-07 16:44:41 [main] INFO  LandingPageStepDefinitions - User searching product on landing page
2026-02-07 16:44:41 [main] INFO  LandingPage - Searching product with name: Tom
2026-02-07 16:44:42 [main] INFO  LandingPageStepDefinitions - User capturting text of searched product!
2026-02-07 16:44:42 [main] INFO  LandingPage - Getting text of searched product!
2026-02-07 16:44:42 [main] INFO  OffersPageStepDefinitions - user switching to offers page
2026-02-07 16:44:42 [main] INFO  LandingPage - Opening topDeals page!
2026-02-07 16:44:42 [main] INFO  OffersPageStepDefinitions - user searching item offerspage
2026-02-07 16:44:42 [main] INFO  OffersPage - Entering product name into search field!
2026-02-07 16:44:44 [main] INFO  OffersPageStepDefinitions - user capturing product name!
2026-02-07 16:44:44 [main] INFO  OffersPage - capturing productName text!
2026-02-07 16:44:44 [main] INFO  OffersPageStepDefinitions - user verifying product name is matching on landing and offersPage!
2026-02-07 16:44:44 [main] INFO  Hooks - ===== ENDING SCENARIO: Search experience for product search in both home and offers page | STATUS: PASSED =====
2026-02-07 16:44:44 [main] INFO  Hooks - ===== STARTING SCENARIO: Search experience for product search in both home and offers page =====
2026-02-07 16:44:44 [main] INFO  TestBase - Initializing browser: chrome
2026-02-07 16:44:44 [main] INFO  TestBase - Navigating to URL: https://rahulshettyacademy.com/seleniumPractise/#/
2026-02-07 16:44:44 [main] INFO  WebDriverManager - Using chromedriver 144.0.7559.133 (resolved driver for Chrome 144)
2026-02-07 16:44:44 [main] INFO  WebDriverManager - Exporting webdriver.chrome.driver as C:\Users\Sumit\.cache\selenium\chromedriver\win64\144.0.7559.133\chromedriver.exe
2026-02-07 16:44:49 [main] INFO  LandingPageStepDefinitions - User trying to get the title of landing page!
2026-02-07 16:44:49 [main] INFO  LandingPage - Getting title of LandingPage!
2026-02-07 16:44:49 [main] INFO  LandingPageStepDefinitions - User searching product on landing page
2026-02-07 16:44:49 [main] INFO  LandingPage - Searching product with name: Beet
2026-02-07 16:44:49 [main] INFO  LandingPageStepDefinitions - User capturting text of searched product!
2026-02-07 16:44:49 [main] INFO  LandingPage - Getting text of searched product!
2026-02-07 16:44:59 [main] INFO  Hooks - ===== ENDING SCENARIO: Search experience for product search in both home and offers page | STATUS: FAILED =====
2026-02-07 16:45:01 [main] INFO  Utils - [TestNG] Time taken by org.testng.reporters.jq.Main@24aedcc5: 96 ms
2026-02-07 16:45:01 [main] INFO  Utils - [TestNG] Time taken by org.testng.reporters.FailedReporter@131ba005: 27 ms
2026-02-07 16:45:01 [main] INFO  Utils - [TestNG] Time taken by org.testng.reporters.XMLReporter@6dd20ec9: 16 ms
2026-02-07 16:45:01 [main] INFO  Utils - [TestNG] Time taken by org.testng.reporters.EmailableReporter2@698f4aa: 12 ms
2026-02-07 16:45:01 [main] INFO  Utils - [TestNG] Time taken by org.testng.reporters.JUnitReportReporter@68a426c3: 8 ms
2026-02-07 16:45:01 [main] INFO  Utils - [TestNG] Time taken by org.testng.internal.ExitCodeListener@182cc69e: 0 ms
2026-02-07 16:51:34 [main] INFO  Utils - [Utils] MethodGroupsHelper.collectMethodsByGroup() took 0 ms.
2026-02-07 16:51:34 [main] INFO  Utils - [Utils] MethodGroupsHelper.sortMethods() took 0 ms.
2026-02-07 16:51:34 [main] INFO  Utils - [Utils] MethodGroupsHelper.collectMethodsByGroup() took 0 ms.
2026-02-07 16:51:34 [main] INFO  Utils - [Utils] MethodGroupsHelper.sortMethods() took 0 ms.
2026-02-07 16:51:34 [main] INFO  Utils - [Utils] MethodGroupsHelper.collectMethodsByGroup() took 0 ms.
2026-02-07 16:51:34 [main] INFO  Utils - [Utils] MethodGroupsHelper.sortMethods() took 0 ms.
2026-02-07 16:51:34 [main] INFO  Utils - [Utils] MethodGroupsHelper.collectMethodsByGroup() took 0 ms.
2026-02-07 16:51:34 [main] INFO  Utils - [Utils] MethodGroupsHelper.sortMethods() took 0 ms.
2026-02-07 16:51:34 [main] INFO  Utils - [Utils] MethodGroupsHelper.collectMethodsByGroup() took 1 ms.
2026-02-07 16:51:34 [main] INFO  Utils - [Utils] MethodGroupsHelper.sortMethods() took 17 ms.
2026-02-07 16:51:34 [main] INFO  Utils - [Utils] MethodGroupsHelper.collectMethodsByGroup() took 1 ms.
2026-02-07 16:51:34 [main] INFO  Utils - [Utils] MethodGroupsHelper.sortMethods() took 0 ms.
2026-02-07 16:51:34 [main] INFO  Utils - [Utils] MethodGroupsHelper.collectMethodsByGroup() took 0 ms.
2026-02-07 16:51:34 [main] INFO  Utils - [Utils] MethodGroupsHelper.sortMethods() took 0 ms.
2026-02-07 16:51:34 [main] INFO  Utils - [Utils] MethodGroupsHelper.collectMethodsByGroup() took 0 ms.
2026-02-07 16:51:34 [main] INFO  Utils - [Utils] MethodGroupsHelper.sortMethods() took 0 ms.
2026-02-07 16:51:34 [main] INFO  Utils - [Utils] MethodGroupsHelper.collectMethodsByGroup() took 0 ms.
2026-02-07 16:51:34 [main] INFO  Utils - [Utils] MethodGroupsHelper.sortMethods() took 0 ms.
2026-02-07 16:51:34 [main] INFO  Utils - [Utils] MethodGroupsHelper.collectMethodsByGroup() took 0 ms.
2026-02-07 16:51:34 [main] INFO  Utils - [Utils] MethodGroupsHelper.sortMethods() took 0 ms.
2026-02-07 16:51:34 [main] INFO  Utils - [Utils] MethodGroupsHelper.collectMethodsByGroup() took 0 ms.
2026-02-07 16:51:34 [main] INFO  Utils - [Utils] MethodGroupsHelper.sortMethods() took 0 ms.
2026-02-07 16:51:34 [main] INFO  Utils - [Utils] MethodGroupsHelper.collectMethodsByGroup() took 0 ms.
2026-02-07 16:51:34 [main] INFO  Utils - [Utils] MethodGroupsHelper.sortMethods() took 0 ms.
2026-02-07 16:51:34 [main] INFO  Utils - [Utils] MethodGroupsHelper.collectMethodsByGroup() took 3 ms.
2026-02-07 16:51:34 [main] INFO  Utils - [Utils] MethodGroupsHelper.sortMethods() took 0 ms.
2026-02-07 16:51:34 [main] INFO  Utils - [Utils] MethodGroupsHelper.collectMethodsByGroup() took 0 ms.
2026-02-07 16:51:34 [main] INFO  Utils - [Utils] MethodGroupsHelper.sortMethods() took 0 ms.
2026-02-07 16:51:34 [main] INFO  Utils - [Utils] MethodGroupsHelper.collectMethodsByGroup() took 0 ms.
2026-02-07 16:51:34 [main] INFO  Utils - [Utils] MethodGroupsHelper.sortMethods() took 0 ms.
2026-02-07 16:51:34 [main] INFO  Utils - [TestNG] Running:
  C:\Users\Sumit\AppData\Local\Temp\testng-eclipse--2052499774\testng-customsuite.xml

2026-02-07 16:51:34 [main] INFO  Utils - [Utils] DynamicGraphHelper.createDynamicGraph() took 5 ms.
2026-02-07 16:51:35 [main] INFO  Hooks - ===== STARTING SCENARIO: Search experience for product search in both home and offers page =====
2026-02-07 16:51:35 [main] INFO  TestBase - Initializing browser: chrome
2026-02-07 16:51:35 [main] INFO  TestBase - Navigating to URL: https://rahulshettyacademy.com/seleniumPractise/#/
2026-02-07 16:51:36 [main] INFO  WebDriverManager - Using chromedriver 144.0.7559.133 (resolved driver for Chrome 144)
2026-02-07 16:51:36 [main] INFO  WebDriverManager - Exporting webdriver.chrome.driver as C:\Users\Sumit\.cache\selenium\chromedriver\win64\144.0.7559.133\chromedriver.exe
2026-02-07 16:51:42 [main] INFO  LandingPageStepDefinitions - User trying to get the title of landing page!
2026-02-07 16:51:42 [main] INFO  LandingPage - Getting title of LandingPage!
2026-02-07 16:51:42 [main] INFO  LandingPageStepDefinitions - User searching product on landing page
2026-02-07 16:51:42 [main] INFO  LandingPage - Searching product with name: Tom
2026-02-07 16:51:42 [main] INFO  LandingPageStepDefinitions - User capturting text of searched product!
2026-02-07 16:51:42 [main] INFO  LandingPage - Getting text of searched product!
2026-02-07 16:51:43 [main] INFO  OffersPageStepDefinitions - user switching to offers page
2026-02-07 16:51:43 [main] INFO  LandingPage - Opening topDeals page!
2026-02-07 16:51:43 [main] INFO  OffersPageStepDefinitions - user searching item offerspage
2026-02-07 16:51:43 [main] INFO  OffersPage - Entering product name into search field!
2026-02-07 16:51:44 [main] INFO  OffersPageStepDefinitions - user capturing product name!
2026-02-07 16:51:44 [main] INFO  OffersPage - capturing productName text!
2026-02-07 16:51:44 [main] INFO  OffersPageStepDefinitions - user verifying product name is matching on landing and offersPage!
2026-02-07 16:51:44 [main] INFO  Hooks - ===== ENDING SCENARIO: Search experience for product search in both home and offers page | STATUS: PASSED =====
2026-02-07 16:51:45 [main] INFO  Hooks - ===== STARTING SCENARIO: Search experience for product search in both home and offers page =====
2026-02-07 16:51:45 [main] INFO  TestBase - Initializing browser: chrome
2026-02-07 16:51:45 [main] INFO  TestBase - Navigating to URL: https://rahulshettyacademy.com/seleniumPractise/#/
2026-02-07 16:51:45 [main] INFO  WebDriverManager - Using chromedriver 144.0.7559.133 (resolved driver for Chrome 144)
2026-02-07 16:51:45 [main] INFO  WebDriverManager - Exporting webdriver.chrome.driver as C:\Users\Sumit\.cache\selenium\chromedriver\win64\144.0.7559.133\chromedriver.exe
2026-02-07 16:51:49 [main] INFO  LandingPageStepDefinitions - User trying to get the title of landing page!
2026-02-07 16:51:49 [main] INFO  LandingPage - Getting title of LandingPage!
2026-02-07 16:51:49 [main] INFO  LandingPageStepDefinitions - User searching product on landing page
2026-02-07 16:51:49 [main] INFO  LandingPage - Searching product with name: Beet
2026-02-07 16:51:50 [main] INFO  LandingPageStepDefinitions - User capturting text of searched product!
2026-02-07 16:51:50 [main] INFO  LandingPage - Getting text of searched product!
2026-02-07 16:52:00 [main] INFO  Hooks - ===== ENDING SCENARIO: Search experience for product search in both home and offers page | STATUS: FAILED =====
2026-02-07 16:52:03 [main] INFO  Utils - [TestNG] Time taken by org.testng.reporters.jq.Main@74cd798f: 62 ms
2026-02-07 16:52:03 [main] INFO  Utils - [TestNG] Time taken by org.testng.reporters.FailedReporter@2b35c7aa: 17 ms
2026-02-07 16:52:03 [main] INFO  Utils - [TestNG] Time taken by org.testng.reporters.XMLReporter@3dda8a2e: 14 ms
2026-02-07 16:52:03 [main] INFO  Utils - [TestNG] Time taken by org.testng.reporters.EmailableReporter2@c6a692e: 6 ms
2026-02-07 16:52:03 [main] INFO  Utils - [TestNG] Time taken by org.testng.reporters.JUnitReportReporter@6cd2cb2: 5 ms
2026-02-07 16:52:03 [main] INFO  Utils - [TestNG] Time taken by org.testng.internal.ExitCodeListener@3a2bb026: 0 ms
2026-02-07 16:54:02 [main] INFO  Utils - [Utils] MethodGroupsHelper.collectMethodsByGroup() took 2 ms.
2026-02-07 16:54:02 [main] INFO  Utils - [Utils] MethodGroupsHelper.sortMethods() took 2 ms.
2026-02-07 16:54:02 [main] INFO  Utils - [Utils] MethodGroupsHelper.collectMethodsByGroup() took 0 ms.
2026-02-07 16:54:02 [main] INFO  Utils - [Utils] MethodGroupsHelper.sortMethods() took 0 ms.
2026-02-07 16:54:02 [main] INFO  Utils - [Utils] MethodGroupsHelper.collectMethodsByGroup() took 0 ms.
2026-02-07 16:54:02 [main] INFO  Utils - [Utils] MethodGroupsHelper.sortMethods() took 0 ms.
2026-02-07 16:54:02 [main] INFO  Utils - [Utils] MethodGroupsHelper.collectMethodsByGroup() took 0 ms.
2026-02-07 16:54:02 [main] INFO  Utils - [Utils] MethodGroupsHelper.sortMethods() took 0 ms.
2026-02-07 16:54:02 [main] INFO  Utils - [Utils] MethodGroupsHelper.collectMethodsByGroup() took 0 ms.
2026-02-07 16:54:02 [main] INFO  Utils - [Utils] MethodGroupsHelper.sortMethods() took 19 ms.
2026-02-07 16:54:02 [main] INFO  Utils - [Utils] MethodGroupsHelper.collectMethodsByGroup() took 0 ms.
2026-02-07 16:54:02 [main] INFO  Utils - [Utils] MethodGroupsHelper.sortMethods() took 0 ms.
2026-02-07 16:54:02 [main] INFO  Utils - [Utils] MethodGroupsHelper.collectMethodsByGroup() took 0 ms.
2026-02-07 16:54:02 [main] INFO  Utils - [Utils] MethodGroupsHelper.sortMethods() took 0 ms.
2026-02-07 16:54:02 [main] INFO  Utils - [Utils] MethodGroupsHelper.collectMethodsByGroup() took 0 ms.
2026-02-07 16:54:02 [main] INFO  Utils - [Utils] MethodGroupsHelper.sortMethods() took 0 ms.
2026-02-07 16:54:02 [main] INFO  Utils - [Utils] MethodGroupsHelper.collectMethodsByGroup() took 0 ms.
2026-02-07 16:54:02 [main] INFO  Utils - [Utils] MethodGroupsHelper.sortMethods() took 0 ms.
2026-02-07 16:54:02 [main] INFO  Utils - [Utils] MethodGroupsHelper.collectMethodsByGroup() took 0 ms.
2026-02-07 16:54:02 [main] INFO  Utils - [Utils] MethodGroupsHelper.sortMethods() took 0 ms.
2026-02-07 16:54:02 [main] INFO  Utils - [Utils] MethodGroupsHelper.collectMethodsByGroup() took 0 ms.
2026-02-07 16:54:02 [main] INFO  Utils - [Utils] MethodGroupsHelper.sortMethods() took 0 ms.
2026-02-07 16:54:02 [main] INFO  Utils - [Utils] MethodGroupsHelper.collectMethodsByGroup() took 0 ms.
2026-02-07 16:54:02 [main] INFO  Utils - [Utils] MethodGroupsHelper.sortMethods() took 0 ms.
2026-02-07 16:54:02 [main] INFO  Utils - [Utils] MethodGroupsHelper.collectMethodsByGroup() took 2 ms.
2026-02-07 16:54:02 [main] INFO  Utils - [Utils] MethodGroupsHelper.sortMethods() took 0 ms.
2026-02-07 16:54:02 [main] INFO  Utils - [Utils] MethodGroupsHelper.collectMethodsByGroup() took 0 ms.
2026-02-07 16:54:02 [main] INFO  Utils - [Utils] MethodGroupsHelper.sortMethods() took 0 ms.
2026-02-07 16:54:02 [main] INFO  Utils - [Utils] MethodGroupsHelper.collectMethodsByGroup() took 0 ms.
2026-02-07 16:54:02 [main] INFO  Utils - [Utils] MethodGroupsHelper.sortMethods() took 0 ms.
2026-02-07 16:54:02 [main] INFO  Utils - [TestNG] Running:
  C:\Users\Sumit\AppData\Local\Temp\testng-eclipse--2122140970\testng-customsuite.xml

2026-02-07 16:54:03 [main] INFO  Utils - [Utils] DynamicGraphHelper.createDynamicGraph() took 6 ms.
2026-02-07 16:54:04 [main] INFO  Hooks - ===== STARTING SCENARIO: Search experience for product search in both home and offers page =====
2026-02-07 16:54:04 [main] INFO  TestBase - Initializing browser: chrome
2026-02-07 16:54:04 [main] INFO  TestBase - Navigating to URL: https://rahulshettyacademy.com/seleniumPractise/#/
2026-02-07 16:54:05 [main] INFO  WebDriverManager - Using chromedriver 144.0.7559.133 (resolved driver for Chrome 144)
2026-02-07 16:54:05 [main] INFO  WebDriverManager - Exporting webdriver.chrome.driver as C:\Users\Sumit\.cache\selenium\chromedriver\win64\144.0.7559.133\chromedriver.exe
2026-02-07 16:54:11 [main] INFO  LandingPageStepDefinitions - User trying to get the title of landing page!
2026-02-07 16:54:11 [main] INFO  LandingPage - Getting title of LandingPage!
2026-02-07 16:54:11 [main] INFO  LandingPageStepDefinitions - User searching product on landing page
2026-02-07 16:54:11 [main] INFO  LandingPage - Searching product with name: Tom
2026-02-07 16:54:11 [main] INFO  LandingPageStepDefinitions - User capturting text of searched product!
2026-02-07 16:54:11 [main] INFO  LandingPage - Getting text of searched product!
2026-02-07 16:54:12 [main] INFO  OffersPageStepDefinitions - user switching to offers page
2026-02-07 16:54:12 [main] INFO  LandingPage - Opening topDeals page!
2026-02-07 16:54:12 [main] INFO  OffersPageStepDefinitions - user searching item offerspage
2026-02-07 16:54:12 [main] INFO  OffersPage - Entering product name into search field!
2026-02-07 16:54:14 [main] INFO  OffersPageStepDefinitions - user capturing product name!
2026-02-07 16:54:14 [main] INFO  OffersPage - capturing productName text!
2026-02-07 16:54:14 [main] INFO  OffersPageStepDefinitions - user verifying product name is matching on landing and offersPage!
2026-02-07 16:54:14 [main] INFO  Hooks - ===== ENDING SCENARIO: Search experience for product search in both home and offers page | STATUS: PASSED =====
2026-02-07 16:54:14 [main] INFO  Hooks - ===== STARTING SCENARIO: Search experience for product search in both home and offers page =====
2026-02-07 16:54:14 [main] INFO  TestBase - Initializing browser: chrome
2026-02-07 16:54:14 [main] INFO  TestBase - Navigating to URL: https://rahulshettyacademy.com/seleniumPractise/#/
2026-02-07 16:54:14 [main] INFO  WebDriverManager - Using chromedriver 144.0.7559.133 (resolved driver for Chrome 144)
2026-02-07 16:54:14 [main] INFO  WebDriverManager - Exporting webdriver.chrome.driver as C:\Users\Sumit\.cache\selenium\chromedriver\win64\144.0.7559.133\chromedriver.exe
2026-02-07 16:54:19 [main] INFO  LandingPageStepDefinitions - User trying to get the title of landing page!
2026-02-07 16:54:19 [main] INFO  LandingPage - Getting title of LandingPage!
2026-02-07 16:54:19 [main] INFO  LandingPageStepDefinitions - User searching product on landing page
2026-02-07 16:54:19 [main] INFO  LandingPage - Searching product with name: Beet
2026-02-07 16:54:19 [main] INFO  LandingPageStepDefinitions - User capturting text of searched product!
2026-02-07 16:54:19 [main] INFO  LandingPage - Getting text of searched product!
2026-02-07 16:54:19 [main] INFO  OffersPageStepDefinitions - user switching to offers page
2026-02-07 16:54:19 [main] INFO  LandingPage - Opening topDeals page!
2026-02-07 16:54:20 [main] INFO  OffersPageStepDefinitions - user searching item offerspage
2026-02-07 16:54:20 [main] INFO  OffersPage - Entering product name into search field!
2026-02-07 16:54:21 [main] INFO  OffersPageStepDefinitions - user capturing product name!
2026-02-07 16:54:21 [main] INFO  OffersPage - capturing productName text!
2026-02-07 16:54:21 [main] INFO  OffersPageStepDefinitions - user verifying product name is matching on landing and offersPage!
2026-02-07 16:54:21 [main] INFO  Hooks - ===== ENDING SCENARIO: Search experience for product search in both home and offers page | STATUS: FAILED =====
2026-02-07 16:54:22 [main] INFO  Utils - [TestNG] Time taken by org.testng.reporters.jq.Main@563172d3: 103 ms
2026-02-07 16:54:22 [main] INFO  Utils - [TestNG] Time taken by org.testng.reporters.FailedReporter@7686f701: 22 ms
2026-02-07 16:54:22 [main] INFO  Utils - [TestNG] Time taken by org.testng.reporters.XMLReporter@1aac0a47: 15 ms
2026-02-07 16:54:22 [main] INFO  Utils - [TestNG] Time taken by org.testng.reporters.EmailableReporter2@3f06ebe0: 6 ms
2026-02-07 16:54:22 [main] INFO  Utils - [TestNG] Time taken by org.testng.reporters.JUnitReportReporter@121ddca4: 10 ms
2026-02-07 16:54:22 [main] INFO  Utils - [TestNG] Time taken by org.testng.internal.ExitCodeListener@297bd171: 0 ms
2026-02-07 16:54:37 [main] INFO  Utils - [Utils] MethodGroupsHelper.collectMethodsByGroup() took 1 ms.
2026-02-07 16:54:37 [main] INFO  Utils - [Utils] MethodGroupsHelper.sortMethods() took 2 ms.
2026-02-07 16:54:37 [main] INFO  Utils - [Utils] MethodGroupsHelper.collectMethodsByGroup() took 0 ms.
2026-02-07 16:54:37 [main] INFO  Utils - [Utils] MethodGroupsHelper.sortMethods() took 0 ms.
2026-02-07 16:54:37 [main] INFO  Utils - [Utils] MethodGroupsHelper.collectMethodsByGroup() took 0 ms.
2026-02-07 16:54:37 [main] INFO  Utils - [Utils] MethodGroupsHelper.sortMethods() took 0 ms.
2026-02-07 16:54:37 [main] INFO  Utils - [Utils] MethodGroupsHelper.collectMethodsByGroup() took 0 ms.
2026-02-07 16:54:37 [main] INFO  Utils - [Utils] MethodGroupsHelper.sortMethods() took 0 ms.
2026-02-07 16:54:37 [main] INFO  Utils - [Utils] MethodGroupsHelper.collectMethodsByGroup() took 1 ms.
2026-02-07 16:54:37 [main] INFO  Utils - [Utils] MethodGroupsHelper.sortMethods() took 16 ms.
2026-02-07 16:54:37 [main] INFO  Utils - [Utils] MethodGroupsHelper.collectMethodsByGroup() took 0 ms.
2026-02-07 16:54:37 [main] INFO  Utils - [Utils] MethodGroupsHelper.sortMethods() took 0 ms.
2026-02-07 16:54:37 [main] INFO  Utils - [Utils] MethodGroupsHelper.collectMethodsByGroup() took 0 ms.
2026-02-07 16:54:37 [main] INFO  Utils - [Utils] MethodGroupsHelper.sortMethods() took 0 ms.
2026-02-07 16:54:37 [main] INFO  Utils - [Utils] MethodGroupsHelper.collectMethodsByGroup() took 0 ms.
2026-02-07 16:54:37 [main] INFO  Utils - [Utils] MethodGroupsHelper.sortMethods() took 0 ms.
2026-02-07 16:54:37 [main] INFO  Utils - [Utils] MethodGroupsHelper.collectMethodsByGroup() took 0 ms.
2026-02-07 16:54:37 [main] INFO  Utils - [Utils] MethodGroupsHelper.sortMethods() took 0 ms.
2026-02-07 16:54:37 [main] INFO  Utils - [Utils] MethodGroupsHelper.collectMethodsByGroup() took 0 ms.
2026-02-07 16:54:37 [main] INFO  Utils - [Utils] MethodGroupsHelper.sortMethods() took 0 ms.
2026-02-07 16:54:37 [main] INFO  Utils - [Utils] MethodGroupsHelper.collectMethodsByGroup() took 0 ms.
2026-02-07 16:54:37 [main] INFO  Utils - [Utils] MethodGroupsHelper.sortMethods() took 0 ms.
2026-02-07 16:54:37 [main] INFO  Utils - [Utils] MethodGroupsHelper.collectMethodsByGroup() took 0 ms.
2026-02-07 16:54:37 [main] INFO  Utils - [Utils] MethodGroupsHelper.sortMethods() took 0 ms.
2026-02-07 16:54:37 [main] INFO  Utils - [Utils] MethodGroupsHelper.collectMethodsByGroup() took 2 ms.
2026-02-07 16:54:37 [main] INFO  Utils - [Utils] MethodGroupsHelper.sortMethods() took 0 ms.
2026-02-07 16:54:37 [main] INFO  Utils - [Utils] MethodGroupsHelper.collectMethodsByGroup() took 0 ms.
2026-02-07 16:54:37 [main] INFO  Utils - [Utils] MethodGroupsHelper.sortMethods() took 0 ms.
2026-02-07 16:54:37 [main] INFO  Utils - [Utils] MethodGroupsHelper.collectMethodsByGroup() took 0 ms.
2026-02-07 16:54:37 [main] INFO  Utils - [Utils] MethodGroupsHelper.sortMethods() took 0 ms.
2026-02-07 16:54:37 [main] INFO  Utils - [TestNG] Running:
  C:\Users\Sumit\AppData\Local\Temp\testng-eclipse--1198312888\testng-customsuite.xml

2026-02-07 16:54:37 [main] INFO  Utils - [Utils] DynamicGraphHelper.createDynamicGraph() took 4 ms.
2026-02-07 16:54:39 [main] INFO  Hooks - ===== STARTING SCENARIO: Search experience for product search in both home and offers page =====
2026-02-07 16:54:39 [main] INFO  TestBase - Initializing browser: chrome
2026-02-07 16:54:39 [main] INFO  TestBase - Navigating to URL: https://rahulshettyacademy.com/seleniumPractise/#/
2026-02-07 16:54:39 [main] INFO  WebDriverManager - Using chromedriver 144.0.7559.133 (resolved driver for Chrome 144)
2026-02-07 16:54:39 [main] INFO  WebDriverManager - Exporting webdriver.chrome.driver as C:\Users\Sumit\.cache\selenium\chromedriver\win64\144.0.7559.133\chromedriver.exe
2026-02-07 16:54:44 [main] INFO  LandingPageStepDefinitions - User trying to get the title of landing page!
2026-02-07 16:54:44 [main] INFO  LandingPage - Getting title of LandingPage!
2026-02-07 16:54:44 [main] INFO  LandingPageStepDefinitions - User searching product on landing page
2026-02-07 16:54:44 [main] INFO  LandingPage - Searching product with name: Tom
2026-02-07 16:54:45 [main] INFO  LandingPageStepDefinitions - User capturting text of searched product!
2026-02-07 16:54:45 [main] INFO  LandingPage - Getting text of searched product!
2026-02-07 16:54:45 [main] INFO  OffersPageStepDefinitions - user switching to offers page
2026-02-07 16:54:45 [main] INFO  LandingPage - Opening topDeals page!
2026-02-07 16:54:45 [main] INFO  OffersPageStepDefinitions - user searching item offerspage
2026-02-07 16:54:45 [main] INFO  OffersPage - Entering product name into search field!
2026-02-07 16:54:47 [main] INFO  OffersPageStepDefinitions - user capturing product name!
2026-02-07 16:54:47 [main] INFO  OffersPage - capturing productName text!
2026-02-07 16:54:47 [main] INFO  OffersPageStepDefinitions - user verifying product name is matching on landing and offersPage!
2026-02-07 16:54:47 [main] INFO  Hooks - ===== ENDING SCENARIO: Search experience for product search in both home and offers page | STATUS: PASSED =====
2026-02-07 16:54:47 [main] INFO  Hooks - ===== STARTING SCENARIO: Search experience for product search in both home and offers page =====
2026-02-07 16:54:47 [main] INFO  TestBase - Initializing browser: chrome
2026-02-07 16:54:47 [main] INFO  TestBase - Navigating to URL: https://rahulshettyacademy.com/seleniumPractise/#/
2026-02-07 16:54:47 [main] INFO  WebDriverManager - Using chromedriver 144.0.7559.133 (resolved driver for Chrome 144)
2026-02-07 16:54:47 [main] INFO  WebDriverManager - Exporting webdriver.chrome.driver as C:\Users\Sumit\.cache\selenium\chromedriver\win64\144.0.7559.133\chromedriver.exe
2026-02-07 16:54:51 [main] INFO  LandingPageStepDefinitions - User trying to get the title of landing page!
2026-02-07 16:54:51 [main] INFO  LandingPage - Getting title of LandingPage!
2026-02-07 16:54:51 [main] INFO  LandingPageStepDefinitions - User searching product on landing page
2026-02-07 16:54:51 [main] INFO  LandingPage - Searching product with name: Beet
2026-02-07 16:54:52 [main] INFO  LandingPageStepDefinitions - User capturting text of searched product!
2026-02-07 16:54:52 [main] INFO  LandingPage - Getting text of searched product!
2026-02-07 16:54:52 [main] INFO  OffersPageStepDefinitions - user switching to offers page
2026-02-07 16:54:52 [main] INFO  LandingPage - Opening topDeals page!
2026-02-07 16:54:52 [main] INFO  OffersPageStepDefinitions - user searching item offerspage
2026-02-07 16:54:52 [main] INFO  OffersPage - Entering product name into search field!
2026-02-07 16:54:54 [main] INFO  OffersPageStepDefinitions - user capturing product name!
2026-02-07 16:54:54 [main] INFO  OffersPage - capturing productName text!
2026-02-07 16:54:54 [main] INFO  OffersPageStepDefinitions - user verifying product name is matching on landing and offersPage!
2026-02-07 16:54:54 [main] INFO  Hooks - ===== ENDING SCENARIO: Search experience for product search in both home and offers page | STATUS: FAILED =====
2026-02-07 16:54:55 [main] INFO  Utils - [TestNG] Time taken by org.testng.reporters.jq.Main@563172d3: 91 ms
2026-02-07 16:54:55 [main] INFO  Utils - [TestNG] Time taken by org.testng.reporters.FailedReporter@7686f701: 27 ms
2026-02-07 16:54:55 [main] INFO  Utils - [TestNG] Time taken by org.testng.reporters.XMLReporter@1aac0a47: 14 ms
2026-02-07 16:54:55 [main] INFO  Utils - [TestNG] Time taken by org.testng.reporters.EmailableReporter2@3f06ebe0: 11 ms
2026-02-07 16:54:55 [main] INFO  Utils - [TestNG] Time taken by org.testng.reporters.JUnitReportReporter@121ddca4: 7 ms
2026-02-07 16:54:55 [main] INFO  Utils - [TestNG] Time taken by org.testng.internal.ExitCodeListener@297bd171: 0 ms
