<?xml version="1.0" encoding="UTF-8"?>
<testng-results ignored="0" total="4" passed="4" failed="0" skipped="0">
  <reporter-output>
  </reporter-output>
  <suite started-at="2026-02-07T23:00:09 IST" name="Default suite" finished-at="2026-02-07T23:00:29 IST" duration-ms="20055">
    <groups>
      <group name="cucumber">
        <method signature="AbstractTestNGCucumberTests.runScenario(io.cucumber.testng.PickleWrapper,io.cucumber.testng.FeatureWrapper)[pri:0, instance:runners.TestNGTestRunner@4c37b5b]" name="runScenario" class="io.cucumber.testng.AbstractTestNGCucumberTests"/>
      </group> <!-- cucumber -->
    </groups>
    <test started-at="2026-02-07T23:00:09 IST" name="Default test" finished-at="2026-02-07T23:00:29 IST" duration-ms="20055">
      <class name="runners.TestNGTestRunner">
        <test-method is-config="true" signature="setUpClass(org.testng.ITestContext)[pri:0, instance:runners.TestNGTestRunner@4c37b5b]" started-at="2026-02-07T23:00:09 IST" name="setUpClass" finished-at="2026-02-07T23:00:10 IST" duration-ms="885" status="PASS">
          <params>
            <param index="0">
              <value>
                <![CDATA[org.testng.TestRunner@7165d530]]>
              </value>
            </param>
          </params>
          <reporter-output>
          </reporter-output>
        </test-method> <!-- setUpClass -->
        <test-method signature="runScenario(io.cucumber.testng.PickleWrapper,io.cucumber.testng.FeatureWrapper)[pri:0, instance:runners.TestNGTestRunner@4c37b5b]" started-at="2026-02-07T23:00:10 IST" name="runScenario" description="Runs Cucumber Scenarios" data-provider="scenarios" finished-at="2026-02-07T23:00:29 IST" duration-ms="18497" status="PASS">
          <params>
            <param index="0">
              <value>
                <![CDATA["Search for products from Excel file, add them to cart, and complete the order"]]>
              </value>
            </param>
            <param index="1">
              <value>
                <![CDATA["User search for product and add to cart"]]>
              </value>
            </param>
          </params>
          <reporter-output>
          </reporter-output>
        </test-method> <!-- runScenario -->
        <test-method signature="runScenario(io.cucumber.testng.PickleWrapper,io.cucumber.testng.FeatureWrapper)[pri:0, instance:runners.TestNGTestRunner@4c37b5b]" started-at="2026-02-07T23:00:10 IST" name="runScenario" description="Runs Cucumber Scenarios" data-provider="scenarios" finished-at="2026-02-07T23:00:29 IST" duration-ms="18497" status="PASS">
          <params>
            <param index="0">
              <value>
                <![CDATA["Search for products from Excel file, add them to cart, and complete the order"]]>
              </value>
            </param>
            <param index="1">
              <value>
                <![CDATA["User search for product and add to cart"]]>
              </value>
            </param>
          </params>
          <reporter-output>
          </reporter-output>
        </test-method> <!-- runScenario -->
        <test-method signature="runScenario(io.cucumber.testng.PickleWrapper,io.cucumber.testng.FeatureWrapper)[pri:0, instance:runners.TestNGTestRunner@4c37b5b]" started-at="2026-02-07T23:00:10 IST" name="runScenario" description="Runs Cucumber Scenarios" data-provider="scenarios" finished-at="2026-02-07T23:00:29 IST" duration-ms="18532" status="PASS">
          <params>
            <param index="0">
              <value>
                <![CDATA["Search for products from Excel file, add them to cart, and complete the order"]]>
              </value>
            </param>
            <param index="1">
              <value>
                <![CDATA["User search for product and add to cart"]]>
              </value>
            </param>
          </params>
          <reporter-output>
          </reporter-output>
        </test-method> <!-- runScenario -->
        <test-method signature="runScenario(io.cucumber.testng.PickleWrapper,io.cucumber.testng.FeatureWrapper)[pri:0, instance:runners.TestNGTestRunner@4c37b5b]" started-at="2026-02-07T23:00:10 IST" name="runScenario" description="Runs Cucumber Scenarios" data-provider="scenarios" finished-at="2026-02-07T23:00:29 IST" duration-ms="18497" status="PASS">
          <params>
            <param index="0">
              <value>
                <![CDATA["Search for products from Excel file, add them to cart, and complete the order"]]>
              </value>
            </param>
            <param index="1">
              <value>
                <![CDATA["User search for product and add to cart"]]>
              </value>
            </param>
          </params>
          <reporter-output>
          </reporter-output>
        </test-method> <!-- runScenario -->
        <test-method is-config="true" signature="tearDownClass()[pri:0, instance:runners.TestNGTestRunner@4c37b5b]" started-at="2026-02-07T23:00:29 IST" name="tearDownClass" finished-at="2026-02-07T23:00:29 IST" duration-ms="584" status="PASS">
          <reporter-output>
          </reporter-output>
        </test-method> <!-- tearDownClass -->
      </class> <!-- runners.TestNGTestRunner -->
    </test> <!-- Default test -->
  </suite> <!-- Default suite -->
</testng-results>
