<?xml version="1.0" encoding="UTF-8"?>
<testng-results ignored="0" total="12" passed="12" failed="0" skipped="0">
  <reporter-output>
  </reporter-output>
  <suite started-at="2026-02-08T02:53:54 IST" name="Cucumber Cross Browser Suite" finished-at="2026-02-08T02:54:52 IST" duration-ms="57856">
    <groups>
      <group name="cucumber">
        <method signature="AbstractTestNGCucumberTests.runScenario(io.cucumber.testng.PickleWrapper,io.cucumber.testng.FeatureWrapper)[pri:0, instance:runners.TestNGTestRunner@16ecee1]" name="runScenario" class="io.cucumber.testng.AbstractTestNGCucumberTests"/>
        <method signature="AbstractTestNGCucumberTests.runScenario(io.cucumber.testng.PickleWrapper,io.cucumber.testng.FeatureWrapper)[pri:0, instance:runners.TestNGTestRunner@2b43529a]" name="runScenario" class="io.cucumber.testng.AbstractTestNGCucumberTests"/>
        <method signature="AbstractTestNGCucumberTests.runScenario(io.cucumber.testng.PickleWrapper,io.cucumber.testng.FeatureWrapper)[pri:0, instance:runners.TestNGTestRunner@5b04476e]" name="runScenario" class="io.cucumber.testng.AbstractTestNGCucumberTests"/>
      </group> <!-- cucumber -->
    </groups>
    <test started-at="2026-02-08T02:53:54 IST" name="Chrome Test" finished-at="2026-02-08T02:54:18 IST" duration-ms="24249">
      <class name="runners.TestNGTestRunner">
        <test-method is-config="true" signature="setBrowser(java.lang.String)[pri:0, instance:runners.TestNGTestRunner@16ecee1]" started-at="2026-02-08T02:53:54 IST" name="setBrowser" finished-at="2026-02-08T02:53:54 IST" duration-ms="18" status="PASS">
          <params>
            <param index="0">
              <value>
                <![CDATA[chrome]]>
              </value>
            </param>
          </params>
          <reporter-output>
          </reporter-output>
        </test-method> <!-- setBrowser -->
        <test-method is-config="true" signature="setUpClass(org.testng.ITestContext)[pri:0, instance:runners.TestNGTestRunner@16ecee1]" started-at="2026-02-08T02:53:54 IST" name="setUpClass" finished-at="2026-02-08T02:53:55 IST" duration-ms="1153" status="PASS">
          <params>
            <param index="0">
              <value>
                <![CDATA[org.testng.TestRunner@19b206ee]]>
              </value>
            </param>
          </params>
          <reporter-output>
          </reporter-output>
        </test-method> <!-- setUpClass -->
        <test-method signature="runScenario(io.cucumber.testng.PickleWrapper,io.cucumber.testng.FeatureWrapper)[pri:0, instance:runners.TestNGTestRunner@16ecee1]" started-at="2026-02-08T02:53:55 IST" name="runScenario" description="Runs Cucumber Scenarios" data-provider="scenarios" finished-at="2026-02-08T02:54:16 IST" duration-ms="20852" status="PASS">
          <params>
            <param index="0">
              <value>
                <![CDATA["Search for products from Excel file, add them to cart, and complete the order"]]>
              </value>
            </param>
            <param index="1">
              <value>
                <![CDATA["User search for product and add to cart"]]>
              </value>
            </param>
          </params>
          <reporter-output>
          </reporter-output>
        </test-method> <!-- runScenario -->
        <test-method signature="runScenario(io.cucumber.testng.PickleWrapper,io.cucumber.testng.FeatureWrapper)[pri:0, instance:runners.TestNGTestRunner@16ecee1]" started-at="2026-02-08T02:53:55 IST" name="runScenario" description="Runs Cucumber Scenarios" data-provider="scenarios" finished-at="2026-02-08T02:54:17 IST" duration-ms="22238" status="PASS">
          <params>
            <param index="0">
              <value>
                <![CDATA["Search for products from Excel file, add them to cart, and complete the order"]]>
              </value>
            </param>
            <param index="1">
              <value>
                <![CDATA["User search for product and add to cart"]]>
              </value>
            </param>
          </params>
          <reporter-output>
          </reporter-output>
        </test-method> <!-- runScenario -->
        <test-method signature="runScenario(io.cucumber.testng.PickleWrapper,io.cucumber.testng.FeatureWrapper)[pri:0, instance:runners.TestNGTestRunner@16ecee1]" started-at="2026-02-08T02:53:55 IST" name="runScenario" description="Runs Cucumber Scenarios" data-provider="scenarios" finished-at="2026-02-08T02:54:16 IST" duration-ms="21292" status="PASS">
          <params>
            <param index="0">
              <value>
                <![CDATA["Search for products from Excel file, add them to cart, and complete the order"]]>
              </value>
            </param>
            <param index="1">
              <value>
                <![CDATA["User search for product and add to cart"]]>
              </value>
            </param>
          </params>
          <reporter-output>
          </reporter-output>
        </test-method> <!-- runScenario -->
        <test-method signature="runScenario(io.cucumber.testng.PickleWrapper,io.cucumber.testng.FeatureWrapper)[pri:0, instance:runners.TestNGTestRunner@16ecee1]" started-at="2026-02-08T02:53:55 IST" name="runScenario" description="Runs Cucumber Scenarios" data-provider="scenarios" finished-at="2026-02-08T02:54:16 IST" duration-ms="21161" status="PASS">
          <params>
            <param index="0">
              <value>
                <![CDATA["Search for products from Excel file, add them to cart, and complete the order"]]>
              </value>
            </param>
            <param index="1">
              <value>
                <![CDATA["User search for product and add to cart"]]>
              </value>
            </param>
          </params>
          <reporter-output>
          </reporter-output>
        </test-method> <!-- runScenario -->
        <test-method is-config="true" signature="tearDownClass()[pri:0, instance:runners.TestNGTestRunner@16ecee1]" started-at="2026-02-08T02:54:17 IST" name="tearDownClass" finished-at="2026-02-08T02:54:18 IST" duration-ms="771" status="PASS">
          <reporter-output>
          </reporter-output>
        </test-method> <!-- tearDownClass -->
      </class> <!-- runners.TestNGTestRunner -->
    </test> <!-- Chrome Test -->
    <test started-at="2026-02-08T02:54:18 IST" name="Edge Test" finished-at="2026-02-08T02:54:35 IST" duration-ms="17348">
      <class name="runners.TestNGTestRunner">
        <test-method is-config="true" signature="setBrowser(java.lang.String)[pri:0, instance:runners.TestNGTestRunner@2b43529a]" started-at="2026-02-08T02:54:18 IST" name="setBrowser" finished-at="2026-02-08T02:54:18 IST" duration-ms="2" status="PASS">
          <params>
            <param index="0">
              <value>
                <![CDATA[edge]]>
              </value>
            </param>
          </params>
          <reporter-output>
          </reporter-output>
        </test-method> <!-- setBrowser -->
        <test-method is-config="true" signature="setUpClass(org.testng.ITestContext)[pri:0, instance:runners.TestNGTestRunner@2b43529a]" started-at="2026-02-08T02:54:18 IST" name="setUpClass" finished-at="2026-02-08T02:54:18 IST" duration-ms="52" status="PASS">
          <params>
            <param index="0">
              <value>
                <![CDATA[org.testng.TestRunner@ffd4cba]]>
              </value>
            </param>
          </params>
          <reporter-output>
          </reporter-output>
        </test-method> <!-- setUpClass -->
        <test-method signature="runScenario(io.cucumber.testng.PickleWrapper,io.cucumber.testng.FeatureWrapper)[pri:0, instance:runners.TestNGTestRunner@2b43529a]" started-at="2026-02-08T02:54:18 IST" name="runScenario" description="Runs Cucumber Scenarios" data-provider="scenarios" finished-at="2026-02-08T02:54:35 IST" duration-ms="16660" status="PASS">
          <params>
            <param index="0">
              <value>
                <![CDATA["Search for products from Excel file, add them to cart, and complete the order"]]>
              </value>
            </param>
            <param index="1">
              <value>
                <![CDATA["User search for product and add to cart"]]>
              </value>
            </param>
          </params>
          <reporter-output>
          </reporter-output>
        </test-method> <!-- runScenario -->
        <test-method signature="runScenario(io.cucumber.testng.PickleWrapper,io.cucumber.testng.FeatureWrapper)[pri:0, instance:runners.TestNGTestRunner@2b43529a]" started-at="2026-02-08T02:54:18 IST" name="runScenario" description="Runs Cucumber Scenarios" data-provider="scenarios" finished-at="2026-02-08T02:54:35 IST" duration-ms="16655" status="PASS">
          <params>
            <param index="0">
              <value>
                <![CDATA["Search for products from Excel file, add them to cart, and complete the order"]]>
              </value>
            </param>
            <param index="1">
              <value>
                <![CDATA["User search for product and add to cart"]]>
              </value>
            </param>
          </params>
          <reporter-output>
          </reporter-output>
        </test-method> <!-- runScenario -->
        <test-method signature="runScenario(io.cucumber.testng.PickleWrapper,io.cucumber.testng.FeatureWrapper)[pri:0, instance:runners.TestNGTestRunner@2b43529a]" started-at="2026-02-08T02:54:18 IST" name="runScenario" description="Runs Cucumber Scenarios" data-provider="scenarios" finished-at="2026-02-08T02:54:35 IST" duration-ms="16453" status="PASS">
          <params>
            <param index="0">
              <value>
                <![CDATA["Search for products from Excel file, add them to cart, and complete the order"]]>
              </value>
            </param>
            <param index="1">
              <value>
                <![CDATA["User search for product and add to cart"]]>
              </value>
            </param>
          </params>
          <reporter-output>
          </reporter-output>
        </test-method> <!-- runScenario -->
        <test-method signature="runScenario(io.cucumber.testng.PickleWrapper,io.cucumber.testng.FeatureWrapper)[pri:0, instance:runners.TestNGTestRunner@2b43529a]" started-at="2026-02-08T02:54:18 IST" name="runScenario" description="Runs Cucumber Scenarios" data-provider="scenarios" finished-at="2026-02-08T02:54:35 IST" duration-ms="17200" status="PASS">
          <params>
            <param index="0">
              <value>
                <![CDATA["Search for products from Excel file, add them to cart, and complete the order"]]>
              </value>
            </param>
            <param index="1">
              <value>
                <![CDATA["User search for product and add to cart"]]>
              </value>
            </param>
          </params>
          <reporter-output>
          </reporter-output>
        </test-method> <!-- runScenario -->
        <test-method is-config="true" signature="tearDownClass()[pri:0, instance:runners.TestNGTestRunner@2b43529a]" started-at="2026-02-08T02:54:35 IST" name="tearDownClass" finished-at="2026-02-08T02:54:35 IST" duration-ms="48" status="PASS">
          <reporter-output>
          </reporter-output>
        </test-method> <!-- tearDownClass -->
      </class> <!-- runners.TestNGTestRunner -->
    </test> <!-- Edge Test -->
    <test started-at="2026-02-08T02:54:35 IST" name="Firefox Test" finished-at="2026-02-08T02:54:52 IST" duration-ms="16210">
      <class name="runners.TestNGTestRunner">
        <test-method is-config="true" signature="setBrowser(java.lang.String)[pri:0, instance:runners.TestNGTestRunner@5b04476e]" started-at="2026-02-08T02:54:35 IST" name="setBrowser" finished-at="2026-02-08T02:54:35 IST" duration-ms="1" status="PASS">
          <params>
            <param index="0">
              <value>
                <![CDATA[firefox]]>
              </value>
            </param>
          </params>
          <reporter-output>
          </reporter-output>
        </test-method> <!-- setBrowser -->
        <test-method is-config="true" signature="setUpClass(org.testng.ITestContext)[pri:0, instance:runners.TestNGTestRunner@5b04476e]" started-at="2026-02-08T02:54:35 IST" name="setUpClass" finished-at="2026-02-08T02:54:35 IST" duration-ms="28" status="PASS">
          <params>
            <param index="0">
              <value>
                <![CDATA[org.testng.TestRunner@5f1483fd]]>
              </value>
            </param>
          </params>
          <reporter-output>
          </reporter-output>
        </test-method> <!-- setUpClass -->
        <test-method signature="runScenario(io.cucumber.testng.PickleWrapper,io.cucumber.testng.FeatureWrapper)[pri:0, instance:runners.TestNGTestRunner@5b04476e]" started-at="2026-02-08T02:54:35 IST" name="runScenario" description="Runs Cucumber Scenarios" data-provider="scenarios" finished-at="2026-02-08T02:54:51 IST" duration-ms="16077" status="PASS">
          <params>
            <param index="0">
              <value>
                <![CDATA["Search for products from Excel file, add them to cart, and complete the order"]]>
              </value>
            </param>
            <param index="1">
              <value>
                <![CDATA["User search for product and add to cart"]]>
              </value>
            </param>
          </params>
          <reporter-output>
          </reporter-output>
        </test-method> <!-- runScenario -->
        <test-method signature="runScenario(io.cucumber.testng.PickleWrapper,io.cucumber.testng.FeatureWrapper)[pri:0, instance:runners.TestNGTestRunner@5b04476e]" started-at="2026-02-08T02:54:35 IST" name="runScenario" description="Runs Cucumber Scenarios" data-provider="scenarios" finished-at="2026-02-08T02:54:51 IST" duration-ms="15884" status="PASS">
          <params>
            <param index="0">
              <value>
                <![CDATA["Search for products from Excel file, add them to cart, and complete the order"]]>
              </value>
            </param>
            <param index="1">
              <value>
                <![CDATA["User search for product and add to cart"]]>
              </value>
            </param>
          </params>
          <reporter-output>
          </reporter-output>
        </test-method> <!-- runScenario -->
        <test-method signature="runScenario(io.cucumber.testng.PickleWrapper,io.cucumber.testng.FeatureWrapper)[pri:0, instance:runners.TestNGTestRunner@5b04476e]" started-at="2026-02-08T02:54:35 IST" name="runScenario" description="Runs Cucumber Scenarios" data-provider="scenarios" finished-at="2026-02-08T02:54:51 IST" duration-ms="16106" status="PASS">
          <params>
            <param index="0">
              <value>
                <![CDATA["Search for products from Excel file, add them to cart, and complete the order"]]>
              </value>
            </param>
            <param index="1">
              <value>
                <![CDATA["User search for product and add to cart"]]>
              </value>
            </param>
          </params>
          <reporter-output>
          </reporter-output>
        </test-method> <!-- runScenario -->
        <test-method signature="runScenario(io.cucumber.testng.PickleWrapper,io.cucumber.testng.FeatureWrapper)[pri:0, instance:runners.TestNGTestRunner@5b04476e]" started-at="2026-02-08T02:54:35 IST" name="runScenario" description="Runs Cucumber Scenarios" data-provider="scenarios" finished-at="2026-02-08T02:54:51 IST" duration-ms="16029" status="PASS">
          <params>
            <param index="0">
              <value>
                <![CDATA["Search for products from Excel file, add them to cart, and complete the order"]]>
              </value>
            </param>
            <param index="1">
              <value>
                <![CDATA["User search for product and add to cart"]]>
              </value>
            </param>
          </params>
          <reporter-output>
          </reporter-output>
        </test-method> <!-- runScenario -->
        <test-method is-config="true" signature="tearDownClass()[pri:0, instance:runners.TestNGTestRunner@5b04476e]" started-at="2026-02-08T02:54:51 IST" name="tearDownClass" finished-at="2026-02-08T02:54:52 IST" duration-ms="69" status="PASS">
          <reporter-output>
          </reporter-output>
        </test-method> <!-- tearDownClass -->
      </class> <!-- runners.TestNGTestRunner -->
    </test> <!-- Firefox Test -->
  </suite> <!-- Cucumber Cross Browser Suite -->
</testng-results>
