<?xml version="1.0" encoding="UTF-8"?>
<testng-results ignored="0" total="3" passed="3" failed="0" skipped="0">
  <reporter-output>
  </reporter-output>
  <suite started-at="2026-02-07T18:16:00 IST" name="Cucumber Cross Browser Suite" finished-at="2026-02-07T18:16:24 IST" duration-ms="24105">
    <groups>
      <group name="cucumber">
        <method signature="AbstractTestNGCucumberTests.runScenario(io.cucumber.testng.PickleWrapper,io.cucumber.testng.FeatureWrapper)[pri:0, instance:runners.TestNGTestRunner@16ecee1]" name="runScenario" class="io.cucumber.testng.AbstractTestNGCucumberTests"/>
        <method signature="AbstractTestNGCucumberTests.runScenario(io.cucumber.testng.PickleWrapper,io.cucumber.testng.FeatureWrapper)[pri:0, instance:runners.TestNGTestRunner@2b43529a]" name="runScenario" class="io.cucumber.testng.AbstractTestNGCucumberTests"/>
        <method signature="AbstractTestNGCucumberTests.runScenario(io.cucumber.testng.PickleWrapper,io.cucumber.testng.FeatureWrapper)[pri:0, instance:runners.TestNGTestRunner@5b04476e]" name="runScenario" class="io.cucumber.testng.AbstractTestNGCucumberTests"/>
      </group> <!-- cucumber -->
    </groups>
    <test started-at="2026-02-07T18:16:00 IST" name="Edge Test" finished-at="2026-02-07T18:16:16 IST" duration-ms="16127">
      <class name="runners.TestNGTestRunner">
        <test-method is-config="true" signature="setBrowser(java.lang.String)[pri:0, instance:runners.TestNGTestRunner@2b43529a]" started-at="2026-02-07T18:16:00 IST" name="setBrowser" finished-at="2026-02-07T18:16:00 IST" duration-ms="21" status="PASS">
          <params>
            <param index="0">
              <value>
                <![CDATA[edge]]>
              </value>
            </param>
          </params>
          <reporter-output>
          </reporter-output>
        </test-method> <!-- setBrowser -->
        <test-method is-config="true" signature="setUpClass(org.testng.ITestContext)[pri:0, instance:runners.TestNGTestRunner@2b43529a]" started-at="2026-02-07T18:16:00 IST" name="setUpClass" finished-at="2026-02-07T18:16:01 IST" duration-ms="1063" status="PASS">
          <params>
            <param index="0">
              <value>
                <![CDATA[org.testng.TestRunner@4648ce9]]>
              </value>
            </param>
          </params>
          <reporter-output>
          </reporter-output>
        </test-method> <!-- setUpClass -->
        <test-method signature="runScenario(io.cucumber.testng.PickleWrapper,io.cucumber.testng.FeatureWrapper)[pri:0, instance:runners.TestNGTestRunner@2b43529a]" started-at="2026-02-07T18:16:01 IST" name="runScenario" description="Runs Cucumber Scenarios" data-provider="scenarios" finished-at="2026-02-07T18:16:14 IST" duration-ms="13511" status="PASS">
          <params>
            <param index="0">
              <value>
                <![CDATA["Search experience for product search in both home and offers page"]]>
              </value>
            </param>
            <param index="1">
              <value>
                <![CDATA["Search and place the order for products"]]>
              </value>
            </param>
          </params>
          <reporter-output>
          </reporter-output>
        </test-method> <!-- runScenario -->
        <test-method is-config="true" signature="tearDownClass()[pri:0, instance:runners.TestNGTestRunner@2b43529a]" started-at="2026-02-07T18:16:14 IST" name="tearDownClass" finished-at="2026-02-07T18:16:16 IST" duration-ms="1458" status="PASS">
          <reporter-output>
          </reporter-output>
        </test-method> <!-- tearDownClass -->
      </class> <!-- runners.TestNGTestRunner -->
    </test> <!-- Edge Test -->
    <test started-at="2026-02-07T18:16:00 IST" name="Chrome Test" finished-at="2026-02-07T18:16:18 IST" duration-ms="17928">
      <class name="runners.TestNGTestRunner">
        <test-method is-config="true" signature="setBrowser(java.lang.String)[pri:0, instance:runners.TestNGTestRunner@16ecee1]" started-at="2026-02-07T18:16:00 IST" name="setBrowser" finished-at="2026-02-07T18:16:00 IST" duration-ms="22" status="PASS">
          <params>
            <param index="0">
              <value>
                <![CDATA[chrome]]>
              </value>
            </param>
          </params>
          <reporter-output>
          </reporter-output>
        </test-method> <!-- setBrowser -->
        <test-method is-config="true" signature="setUpClass(org.testng.ITestContext)[pri:0, instance:runners.TestNGTestRunner@16ecee1]" started-at="2026-02-07T18:16:00 IST" name="setUpClass" finished-at="2026-02-07T18:16:01 IST" duration-ms="1058" status="PASS">
          <params>
            <param index="0">
              <value>
                <![CDATA[org.testng.TestRunner@3faf2e7d]]>
              </value>
            </param>
          </params>
          <reporter-output>
          </reporter-output>
        </test-method> <!-- setUpClass -->
        <test-method signature="runScenario(io.cucumber.testng.PickleWrapper,io.cucumber.testng.FeatureWrapper)[pri:0, instance:runners.TestNGTestRunner@16ecee1]" started-at="2026-02-07T18:16:01 IST" name="runScenario" description="Runs Cucumber Scenarios" data-provider="scenarios" finished-at="2026-02-07T18:16:17 IST" duration-ms="16659" status="PASS">
          <params>
            <param index="0">
              <value>
                <![CDATA["Search experience for product search in both home and offers page"]]>
              </value>
            </param>
            <param index="1">
              <value>
                <![CDATA["Search and place the order for products"]]>
              </value>
            </param>
          </params>
          <reporter-output>
          </reporter-output>
        </test-method> <!-- runScenario -->
        <test-method is-config="true" signature="tearDownClass()[pri:0, instance:runners.TestNGTestRunner@16ecee1]" started-at="2026-02-07T18:16:17 IST" name="tearDownClass" finished-at="2026-02-07T18:16:18 IST" duration-ms="119" status="PASS">
          <reporter-output>
          </reporter-output>
        </test-method> <!-- tearDownClass -->
      </class> <!-- runners.TestNGTestRunner -->
    </test> <!-- Chrome Test -->
    <test started-at="2026-02-07T18:16:00 IST" name="Firefox Test" finished-at="2026-02-07T18:16:24 IST" duration-ms="24105">
      <class name="runners.TestNGTestRunner">
        <test-method is-config="true" signature="setBrowser(java.lang.String)[pri:0, instance:runners.TestNGTestRunner@5b04476e]" started-at="2026-02-07T18:16:00 IST" name="setBrowser" finished-at="2026-02-07T18:16:00 IST" duration-ms="21" status="PASS">
          <params>
            <param index="0">
              <value>
                <![CDATA[firefox]]>
              </value>
            </param>
          </params>
          <reporter-output>
          </reporter-output>
        </test-method> <!-- setBrowser -->
        <test-method is-config="true" signature="setUpClass(org.testng.ITestContext)[pri:0, instance:runners.TestNGTestRunner@5b04476e]" started-at="2026-02-07T18:16:00 IST" name="setUpClass" finished-at="2026-02-07T18:16:01 IST" duration-ms="1058" status="PASS">
          <params>
            <param index="0">
              <value>
                <![CDATA[org.testng.TestRunner@569bf9eb]]>
              </value>
            </param>
          </params>
          <reporter-output>
          </reporter-output>
        </test-method> <!-- setUpClass -->
        <test-method signature="runScenario(io.cucumber.testng.PickleWrapper,io.cucumber.testng.FeatureWrapper)[pri:0, instance:runners.TestNGTestRunner@5b04476e]" started-at="2026-02-07T18:16:01 IST" name="runScenario" description="Runs Cucumber Scenarios" data-provider="scenarios" finished-at="2026-02-07T18:16:24 IST" duration-ms="22914" status="PASS">
          <params>
            <param index="0">
              <value>
                <![CDATA["Search experience for product search in both home and offers page"]]>
              </value>
            </param>
            <param index="1">
              <value>
                <![CDATA["Search and place the order for products"]]>
              </value>
            </param>
          </params>
          <reporter-output>
          </reporter-output>
        </test-method> <!-- runScenario -->
        <test-method is-config="true" signature="tearDownClass()[pri:0, instance:runners.TestNGTestRunner@5b04476e]" started-at="2026-02-07T18:16:24 IST" name="tearDownClass" finished-at="2026-02-07T18:16:24 IST" duration-ms="52" status="PASS">
          <reporter-output>
          </reporter-output>
        </test-method> <!-- tearDownClass -->
      </class> <!-- runners.TestNGTestRunner -->
    </test> <!-- Firefox Test -->
  </suite> <!-- Cucumber Cross Browser Suite -->
</testng-results>
