<?xml version="1.0" encoding="UTF-8"?>
<!-- Generated by org.testng.reporters.JUnitReportReporter -->
<testsuite hostname="LAPTOP-KQ9V90K9" failures="0" tests="3" name="runners.TestNGTestRunner" time="30.720" errors="0" timestamp="2026-02-07T18:01:41 IST" skipped="0">
  <testcase classname="runners.TestNGTestRunner" name="runScenario" time="11.704"/>
  <testcase classname="runners.TestNGTestRunner" name="runScenario" time="6.960"/>
  <testcase classname="runners.TestNGTestRunner" name="runScenario" time="12.056"/>
</testsuite> <!-- runners.TestNGTestRunner -->
