<?xml version="1.0" encoding="UTF-8"?>
<!-- Generated by org.testng.reporters.JUnitReportReporter -->
<testsuite hostname="LAPTOP-KQ9V90K9" failures="0" tests="12" name="runners.TestNGTestRunner" time="216.607" errors="0" timestamp="2026-02-08T02:54:52 IST" skipped="0">
  <testcase classname="runners.TestNGTestRunner" name="runScenario" time="20.852"/>
  <testcase classname="runners.TestNGTestRunner" name="runScenario" time="16.453"/>
  <testcase classname="runners.TestNGTestRunner" name="runScenario" time="17.200"/>
  <testcase classname="runners.TestNGTestRunner" name="runScenario" time="16.077"/>
  <testcase classname="runners.TestNGTestRunner" name="runScenario" time="15.884"/>
  <testcase classname="runners.TestNGTestRunner" name="runScenario" time="16.655"/>
  <testcase classname="runners.TestNGTestRunner" name="runScenario" time="21.292"/>
  <testcase classname="runners.TestNGTestRunner" name="runScenario" time="16.106"/>
  <testcase classname="runners.TestNGTestRunner" name="runScenario" time="22.238"/>
  <testcase classname="runners.TestNGTestRunner" name="runScenario" time="16.029"/>
  <testcase classname="runners.TestNGTestRunner" name="runScenario" time="16.660"/>
  <testcase classname="runners.TestNGTestRunner" name="runScenario" time="21.161"/>
</testsuite> <!-- runners.TestNGTestRunner -->
