<?xml version="1.0" encoding="UTF-8"?>
<!-- Generated by org.testng.reporters.JUnitReportReporter -->
<testsuite hostname="LAPTOP-KQ9V90K9" failures="0" tests="3" name="runners.TestNGTestRunner" time="53.084" errors="0" timestamp="2026-02-07T18:16:24 IST" skipped="0">
  <testcase classname="runners.TestNGTestRunner" name="runScenario" time="13.511"/>
  <testcase classname="runners.TestNGTestRunner" name="runScenario" time="22.914"/>
  <testcase classname="runners.TestNGTestRunner" name="runScenario" time="16.659"/>
</testsuite> <!-- runners.TestNGTestRunner -->
