<?xml version="1.0" encoding="UTF-8"?>
<!-- Generated by org.testng.reporters.JUnitReportReporter -->
<testsuite hostname="LAPTOP-KQ9V90K9" failures="0" tests="4" name="runners.TestNGTestRunner" time="74.023" errors="0" timestamp="2026-02-07T23:00:30 IST" skipped="0">
  <testcase classname="runners.TestNGTestRunner" name="runScenario" time="18.497"/>
  <testcase classname="runners.TestNGTestRunner" name="runScenario" time="18.497"/>
  <testcase classname="runners.TestNGTestRunner" name="runScenario" time="18.532"/>
  <testcase classname="runners.TestNGTestRunner" name="runScenario" time="18.497"/>
</testsuite> <!-- runners.TestNGTestRunner -->
